<?xml version="1.0" encoding="UTF-8"?>
<testsuite xmlns:xsi="http://www.w3.org/2001/XMLSchema-instance" xsi:noNamespaceSchemaLocation="https://maven.apache.org/surefire/maven-surefire-plugin/xsd/surefire-test-report-3.0.xsd" version="3.0" name="es.ull.WFP.TestWFP" time="0.192" tests="20" errors="0" skipped="0" failures="0">
  <properties>
    <property name="java.specification.version" value="17"/>
    <property name="sun.cpu.isalist" value="amd64"/>
    <property name="sun.jnu.encoding" value="Cp1252"/>
    <property name="java.class.path" value="c:\Users\masbe\git\JaDES-core\target\test-classes;c:\Users\masbe\git\JaDES-core\target\classes;C:\Users\masbe\.m2\repository\junit\junit\4.13.2\junit-4.13.2.jar;C:\Users\masbe\.m2\repository\org\hamcrest\hamcrest-core\1.3\hamcrest-core-1.3.jar;C:\Users\masbe\.m2\repository\es\ull\simulation\utils\1.0-SNAPSHOT\utils-1.0-SNAPSHOT.jar;C:\Users\masbe\.m2\repository\org\apache\logging\log4j\log4j-core\2.22.1\log4j-core-2.22.1.jar;C:\Users\masbe\.m2\repository\org\apache\logging\log4j\log4j-api\2.22.1\log4j-api-2.22.1.jar;C:\Users\masbe\.m2\repository\org\apache\poi\poi\5.2.3\poi-5.2.3.jar;C:\Users\masbe\.m2\repository\commons-codec\commons-codec\1.15\commons-codec-1.15.jar;C:\Users\masbe\.m2\repository\org\apache\commons\commons-collections4\4.4\commons-collections4-4.4.jar;C:\Users\masbe\.m2\repository\org\apache\commons\commons-math3\3.6.1\commons-math3-3.6.1.jar;C:\Users\masbe\.m2\repository\commons-io\commons-io\2.11.0\commons-io-2.11.0.jar;C:\Users\masbe\.m2\repository\com\zaxxer\SparseBitSet\1.2\SparseBitSet-1.2.jar;C:\Users\masbe\.m2\repository\org\jacoco\jacoco-maven-plugin\0.8.11\jacoco-maven-plugin-0.8.11.jar;C:\Users\masbe\.m2\repository\org\codehaus\plexus\plexus-utils\3.0.24\plexus-utils-3.0.24.jar;C:\Users\masbe\.m2\repository\org\apache\maven\shared\file-management\3.1.0\file-management-3.1.0.jar;C:\Users\masbe\.m2\repository\org\apache\maven\reporting\maven-reporting-api\3.0\maven-reporting-api-3.0.jar;C:\Users\masbe\.m2\repository\org\apache\maven\doxia\doxia-sink-api\1.0\doxia-sink-api-1.0.jar;C:\Users\masbe\.m2\repository\org\jacoco\org.jacoco.agent\0.8.11\org.jacoco.agent-0.8.11-runtime.jar;C:\Users\masbe\.m2\repository\org\jacoco\org.jacoco.core\0.8.11\org.jacoco.core-0.8.11.jar;C:\Users\masbe\.m2\repository\org\ow2\asm\asm\9.6\asm-9.6.jar;C:\Users\masbe\.m2\repository\org\ow2\asm\asm-commons\9.6\asm-commons-9.6.jar;C:\Users\masbe\.m2\repository\org\ow2\asm\asm-tree\9.6\asm-tree-9.6.jar;C:\Users\masbe\.m2\repository\org\jacoco\org.jacoco.report\0.8.11\org.jacoco.report-0.8.11.jar;C:\Users\masbe\.m2\repository\net\sourceforge\owlapi\owlapi-distribution\5.5.0\owlapi-distribution-5.5.0.jar;C:\Users\masbe\.m2\repository\net\sourceforge\owlapi\owlapi-compatibility\5.5.0\owlapi-compatibility-5.5.0.jar;C:\Users\masbe\.m2\repository\net\sourceforge\owlapi\owlapi-apibinding\5.5.0\owlapi-apibinding-5.5.0.jar;C:\Users\masbe\.m2\repository\net\sourceforge\owlapi\owlapi-api\5.5.0\owlapi-api-5.5.0.jar;C:\Users\masbe\.m2\repository\javax\inject\javax.inject\1\javax.inject-1.jar;C:\Users\masbe\.m2\repository\net\sourceforge\owlapi\owlapi-impl\5.5.0\owlapi-impl-5.5.0.jar;C:\Users\masbe\.m2\repository\net\sourceforge\owlapi\owlapi-parsers\5.5.0\owlapi-parsers-5.5.0.jar;C:\Users\masbe\.m2\repository\net\sourceforge\owlapi\owlapi-oboformat\5.5.0\owlapi-oboformat-5.5.0.jar;C:\Users\masbe\.m2\repository\net\sourceforge\owlapi\owlapi-tools\5.5.0\owlapi-tools-5.5.0.jar;C:\Users\masbe\.m2\repository\net\sourceforge\owlapi\owlapi-rio\5.5.0\owlapi-rio-5.5.0.jar;C:\Users\masbe\.m2\repository\com\fasterxml\jackson\core\jackson-core\2.14.0-rc2\jackson-core-2.14.0-rc2.jar;C:\Users\masbe\.m2\repository\com\fasterxml\jackson\core\jackson-databind\2.14.0-rc2\jackson-databind-2.14.0-rc2.jar;C:\Users\masbe\.m2\repository\com\fasterxml\jackson\core\jackson-annotations\2.14.0-rc2\jackson-annotations-2.14.0-rc2.jar;C:\Users\masbe\.m2\repository\org\apache\commons\commons-rdf-api\0.5.0\commons-rdf-api-0.5.0.jar;C:\Users\masbe\.m2\repository\org\tukaani\xz\1.9\xz-1.9.jar;C:\Users\masbe\.m2\repository\org\slf4j\slf4j-api\1.7.30\slf4j-api-1.7.30.jar;C:\Users\masbe\.m2\repository\org\slf4j\jcl-over-slf4j\1.7.30\jcl-over-slf4j-1.7.30.jar;C:\Users\masbe\.m2\repository\org\eclipse\rdf4j\rdf4j-model\4.2.0\rdf4j-model-4.2.0.jar;C:\Users\masbe\.m2\repository\org\eclipse\rdf4j\rdf4j-common-exception\4.2.0\rdf4j-common-exception-4.2.0.jar;C:\Users\masbe\.m2\repository\org\eclipse\rdf4j\rdf4j-common-text\4.2.0\rdf4j-common-text-4.2.0.jar;C:\Users\masbe\.m2\repository\org\eclipse\rdf4j\rdf4j-common-io\4.2.0\rdf4j-common-io-4.2.0.jar;C:\Users\masbe\.m2\repository\org\eclipse\rdf4j\rdf4j-common-iterator\4.2.0\rdf4j-common-iterator-4.2.0.jar;C:\Users\masbe\.m2\repository\org\eclipse\rdf4j\rdf4j-model-api\4.2.0\rdf4j-model-api-4.2.0.jar;C:\Users\masbe\.m2\repository\org\eclipse\rdf4j\rdf4j-common-annotation\4.2.0\rdf4j-common-annotation-4.2.0.jar;C:\Users\masbe\.m2\repository\org\eclipse\rdf4j\rdf4j-model-vocabulary\4.2.0\rdf4j-model-vocabulary-4.2.0.jar;C:\Users\masbe\.m2\repository\org\eclipse\rdf4j\rdf4j-rio-api\4.2.0\rdf4j-rio-api-4.2.0.jar;C:\Users\masbe\.m2\repository\org\eclipse\rdf4j\rdf4j-common-xml\4.2.0\rdf4j-common-xml-4.2.0.jar;C:\Users\masbe\.m2\repository\org\eclipse\rdf4j\rdf4j-rio-languages\4.2.0\rdf4j-rio-languages-4.2.0.jar;C:\Users\masbe\.m2\repository\org\eclipse\rdf4j\rdf4j-rio-datatypes\4.2.0\rdf4j-rio-datatypes-4.2.0.jar;C:\Users\masbe\.m2\repository\org\eclipse\rdf4j\rdf4j-rio-binary\4.2.0\rdf4j-rio-binary-4.2.0.jar;C:\Users\masbe\.m2\repository\org\eclipse\rdf4j\rdf4j-rio-n3\4.2.0\rdf4j-rio-n3-4.2.0.jar;C:\Users\masbe\.m2\repository\org\eclipse\rdf4j\rdf4j-rio-nquads\4.2.0\rdf4j-rio-nquads-4.2.0.jar;C:\Users\masbe\.m2\repository\org\eclipse\rdf4j\rdf4j-rio-ntriples\4.2.0\rdf4j-rio-ntriples-4.2.0.jar;C:\Users\masbe\.m2\repository\org\eclipse\rdf4j\rdf4j-rio-rdfjson\4.2.0\rdf4j-rio-rdfjson-4.2.0.jar;C:\Users\masbe\.m2\repository\org\eclipse\rdf4j\rdf4j-rio-jsonld\4.2.0\rdf4j-rio-jsonld-4.2.0.jar;C:\Users\masbe\.m2\repository\org\apache\httpcomponents\httpclient\4.5.13\httpclient-4.5.13.jar;C:\Users\masbe\.m2\repository\org\apache\httpcomponents\httpcore\4.4.13\httpcore-4.4.13.jar;C:\Users\masbe\.m2\repository\org\apache\httpcomponents\httpclient-cache\4.5.13\httpclient-cache-4.5.13.jar;C:\Users\masbe\.m2\repository\org\eclipse\rdf4j\rdf4j-rio-rdfxml\4.2.0\rdf4j-rio-rdfxml-4.2.0.jar;C:\Users\masbe\.m2\repository\org\eclipse\rdf4j\rdf4j-rio-trix\4.2.0\rdf4j-rio-trix-4.2.0.jar;C:\Users\masbe\.m2\repository\org\eclipse\rdf4j\rdf4j-rio-turtle\4.2.0\rdf4j-rio-turtle-4.2.0.jar;C:\Users\masbe\.m2\repository\org\eclipse\rdf4j\rdf4j-rio-trig\4.2.0\rdf4j-rio-trig-4.2.0.jar;C:\Users\masbe\.m2\repository\org\eclipse\rdf4j\rdf4j-rio-hdt\4.2.0\rdf4j-rio-hdt-4.2.0.jar;C:\Users\masbe\.m2\repository\org\eclipse\rdf4j\rdf4j-common-util\4.2.0\rdf4j-common-util-4.2.0.jar;C:\Users\masbe\.m2\repository\com\github\jsonld-java\jsonld-java\0.13.4\jsonld-java-0.13.4.jar;C:\Users\masbe\.m2\repository\org\apache\httpcomponents\httpclient-osgi\4.5.13\httpclient-osgi-4.5.13.jar;C:\Users\masbe\.m2\repository\org\apache\httpcomponents\httpmime\4.5.13\httpmime-4.5.13.jar;C:\Users\masbe\.m2\repository\org\apache\httpcomponents\fluent-hc\4.5.13\fluent-hc-4.5.13.jar;C:\Users\masbe\.m2\repository\org\apache\httpcomponents\httpcore-osgi\4.4.14\httpcore-osgi-4.4.14.jar;C:\Users\masbe\.m2\repository\org\apache\httpcomponents\httpcore-nio\4.4.14\httpcore-nio-4.4.14.jar;C:\Users\masbe\.m2\repository\com\github\vsonnier\hppcrt\0.7.5\hppcrt-0.7.5.jar;C:\Users\masbe\.m2\repository\com\github\ben-manes\caffeine\caffeine\3.1.1\caffeine-3.1.1.jar;C:\Users\masbe\.m2\repository\org\checkerframework\checker-qual\3.22.0\checker-qual-3.22.0.jar;C:\Users\masbe\.m2\repository\com\google\errorprone\error_prone_annotations\2.14.0\error_prone_annotations-2.14.0.jar;C:\Users\masbe\.m2\repository\com\google\guava\guava\31.1-jre\guava-31.1-jre.jar;C:\Users\masbe\.m2\repository\com\google\guava\failureaccess\1.0.1\failureaccess-1.0.1.jar;C:\Users\masbe\.m2\repository\com\google\guava\listenablefuture\9999.0-empty-to-avoid-conflict-with-guava\listenablefuture-9999.0-empty-to-avoid-conflict-with-guava.jar;C:\Users\masbe\.m2\repository\com\google\j2objc\j2objc-annotations\1.3\j2objc-annotations-1.3.jar;C:\Users\masbe\.m2\repository\com\google\code\findbugs\jsr305\3.0.2\jsr305-3.0.2.jar;C:\Users\masbe\.m2\repository\de\jflex\jflex\1.4.2\jflex-1.4.2.jar;C:\Users\masbe\.m2\repository\com\zenuevo\simkit\simkit\1.4.1\simkit-1.4.1.jar;C:\Users\masbe\.m2\repository\org\junit\jupiter\junit-jupiter-api\5.10.2\junit-jupiter-api-5.10.2.jar;C:\Users\masbe\.m2\repository\org\opentest4j\opentest4j\1.3.0\opentest4j-1.3.0.jar;C:\Users\masbe\.m2\repository\org\junit\platform\junit-platform-commons\1.10.2\junit-platform-commons-1.10.2.jar;C:\Users\masbe\.m2\repository\org\apiguardian\apiguardian-api\1.1.2\apiguardian-api-1.1.2.jar;C:\Users\masbe\.m2\repository\org\junit\jupiter\junit-jupiter-params\5.7.2\junit-jupiter-params-5.7.2.jar;C:\Users\masbe\.m2\repository\com\beust\jcommander\1.82\jcommander-1.82.jar;"/>
    <property name="java.vm.vendor" value="Oracle Corporation"/>
    <property name="sun.arch.data.model" value="64"/>
    <property name="user.variant" value=""/>
    <property name="java.vendor.url" value="https://java.oracle.com/"/>
    <property name="user.timezone" value="Atlantic/Canary"/>
    <property name="os.name" value="Windows 11"/>
    <property name="java.vm.specification.version" value="17"/>
    <property name="sun.java.launcher" value="SUN_STANDARD"/>
    <property name="user.country" value="ES"/>
    <property name="sun.boot.library.path" value="C:\Program Files\Java\jdk-17.0.2\bin"/>
    <property name="sun.java.command" value="C:\Users\masbe\AppData\Local\Temp\surefire5561297262975942709\surefirebooter-20240822123036779_3.jar C:\Users\masbe\AppData\Local\Temp\surefire5561297262975942709 2024-08-22T12-30-36_631-jvmRun1 surefire-20240822123036779_1tmp surefire_0-20240822123036779_2tmp"/>
    <property name="jdk.debug" value="release"/>
    <property name="surefire.test.class.path" value="c:\Users\masbe\git\JaDES-core\target\test-classes;c:\Users\masbe\git\JaDES-core\target\classes;C:\Users\masbe\.m2\repository\junit\junit\4.13.2\junit-4.13.2.jar;C:\Users\masbe\.m2\repository\org\hamcrest\hamcrest-core\1.3\hamcrest-core-1.3.jar;C:\Users\masbe\.m2\repository\es\ull\simulation\utils\1.0-SNAPSHOT\utils-1.0-SNAPSHOT.jar;C:\Users\masbe\.m2\repository\org\apache\logging\log4j\log4j-core\2.22.1\log4j-core-2.22.1.jar;C:\Users\masbe\.m2\repository\org\apache\logging\log4j\log4j-api\2.22.1\log4j-api-2.22.1.jar;C:\Users\masbe\.m2\repository\org\apache\poi\poi\5.2.3\poi-5.2.3.jar;C:\Users\masbe\.m2\repository\commons-codec\commons-codec\1.15\commons-codec-1.15.jar;C:\Users\masbe\.m2\repository\org\apache\commons\commons-collections4\4.4\commons-collections4-4.4.jar;C:\Users\masbe\.m2\repository\org\apache\commons\commons-math3\3.6.1\commons-math3-3.6.1.jar;C:\Users\masbe\.m2\repository\commons-io\commons-io\2.11.0\commons-io-2.11.0.jar;C:\Users\masbe\.m2\repository\com\zaxxer\SparseBitSet\1.2\SparseBitSet-1.2.jar;C:\Users\masbe\.m2\repository\org\jacoco\jacoco-maven-plugin\0.8.11\jacoco-maven-plugin-0.8.11.jar;C:\Users\masbe\.m2\repository\org\codehaus\plexus\plexus-utils\3.0.24\plexus-utils-3.0.24.jar;C:\Users\masbe\.m2\repository\org\apache\maven\shared\file-management\3.1.0\file-management-3.1.0.jar;C:\Users\masbe\.m2\repository\org\apache\maven\reporting\maven-reporting-api\3.0\maven-reporting-api-3.0.jar;C:\Users\masbe\.m2\repository\org\apache\maven\doxia\doxia-sink-api\1.0\doxia-sink-api-1.0.jar;C:\Users\masbe\.m2\repository\org\jacoco\org.jacoco.agent\0.8.11\org.jacoco.agent-0.8.11-runtime.jar;C:\Users\masbe\.m2\repository\org\jacoco\org.jacoco.core\0.8.11\org.jacoco.core-0.8.11.jar;C:\Users\masbe\.m2\repository\org\ow2\asm\asm\9.6\asm-9.6.jar;C:\Users\masbe\.m2\repository\org\ow2\asm\asm-commons\9.6\asm-commons-9.6.jar;C:\Users\masbe\.m2\repository\org\ow2\asm\asm-tree\9.6\asm-tree-9.6.jar;C:\Users\masbe\.m2\repository\org\jacoco\org.jacoco.report\0.8.11\org.jacoco.report-0.8.11.jar;C:\Users\masbe\.m2\repository\net\sourceforge\owlapi\owlapi-distribution\5.5.0\owlapi-distribution-5.5.0.jar;C:\Users\masbe\.m2\repository\net\sourceforge\owlapi\owlapi-compatibility\5.5.0\owlapi-compatibility-5.5.0.jar;C:\Users\masbe\.m2\repository\net\sourceforge\owlapi\owlapi-apibinding\5.5.0\owlapi-apibinding-5.5.0.jar;C:\Users\masbe\.m2\repository\net\sourceforge\owlapi\owlapi-api\5.5.0\owlapi-api-5.5.0.jar;C:\Users\masbe\.m2\repository\javax\inject\javax.inject\1\javax.inject-1.jar;C:\Users\masbe\.m2\repository\net\sourceforge\owlapi\owlapi-impl\5.5.0\owlapi-impl-5.5.0.jar;C:\Users\masbe\.m2\repository\net\sourceforge\owlapi\owlapi-parsers\5.5.0\owlapi-parsers-5.5.0.jar;C:\Users\masbe\.m2\repository\net\sourceforge\owlapi\owlapi-oboformat\5.5.0\owlapi-oboformat-5.5.0.jar;C:\Users\masbe\.m2\repository\net\sourceforge\owlapi\owlapi-tools\5.5.0\owlapi-tools-5.5.0.jar;C:\Users\masbe\.m2\repository\net\sourceforge\owlapi\owlapi-rio\5.5.0\owlapi-rio-5.5.0.jar;C:\Users\masbe\.m2\repository\com\fasterxml\jackson\core\jackson-core\2.14.0-rc2\jackson-core-2.14.0-rc2.jar;C:\Users\masbe\.m2\repository\com\fasterxml\jackson\core\jackson-databind\2.14.0-rc2\jackson-databind-2.14.0-rc2.jar;C:\Users\masbe\.m2\repository\com\fasterxml\jackson\core\jackson-annotations\2.14.0-rc2\jackson-annotations-2.14.0-rc2.jar;C:\Users\masbe\.m2\repository\org\apache\commons\commons-rdf-api\0.5.0\commons-rdf-api-0.5.0.jar;C:\Users\masbe\.m2\repository\org\tukaani\xz\1.9\xz-1.9.jar;C:\Users\masbe\.m2\repository\org\slf4j\slf4j-api\1.7.30\slf4j-api-1.7.30.jar;C:\Users\masbe\.m2\repository\org\slf4j\jcl-over-slf4j\1.7.30\jcl-over-slf4j-1.7.30.jar;C:\Users\masbe\.m2\repository\org\eclipse\rdf4j\rdf4j-model\4.2.0\rdf4j-model-4.2.0.jar;C:\Users\masbe\.m2\repository\org\eclipse\rdf4j\rdf4j-common-exception\4.2.0\rdf4j-common-exception-4.2.0.jar;C:\Users\masbe\.m2\repository\org\eclipse\rdf4j\rdf4j-common-text\4.2.0\rdf4j-common-text-4.2.0.jar;C:\Users\masbe\.m2\repository\org\eclipse\rdf4j\rdf4j-common-io\4.2.0\rdf4j-common-io-4.2.0.jar;C:\Users\masbe\.m2\repository\org\eclipse\rdf4j\rdf4j-common-iterator\4.2.0\rdf4j-common-iterator-4.2.0.jar;C:\Users\masbe\.m2\repository\org\eclipse\rdf4j\rdf4j-model-api\4.2.0\rdf4j-model-api-4.2.0.jar;C:\Users\masbe\.m2\repository\org\eclipse\rdf4j\rdf4j-common-annotation\4.2.0\rdf4j-common-annotation-4.2.0.jar;C:\Users\masbe\.m2\repository\org\eclipse\rdf4j\rdf4j-model-vocabulary\4.2.0\rdf4j-model-vocabulary-4.2.0.jar;C:\Users\masbe\.m2\repository\org\eclipse\rdf4j\rdf4j-rio-api\4.2.0\rdf4j-rio-api-4.2.0.jar;C:\Users\masbe\.m2\repository\org\eclipse\rdf4j\rdf4j-common-xml\4.2.0\rdf4j-common-xml-4.2.0.jar;C:\Users\masbe\.m2\repository\org\eclipse\rdf4j\rdf4j-rio-languages\4.2.0\rdf4j-rio-languages-4.2.0.jar;C:\Users\masbe\.m2\repository\org\eclipse\rdf4j\rdf4j-rio-datatypes\4.2.0\rdf4j-rio-datatypes-4.2.0.jar;C:\Users\masbe\.m2\repository\org\eclipse\rdf4j\rdf4j-rio-binary\4.2.0\rdf4j-rio-binary-4.2.0.jar;C:\Users\masbe\.m2\repository\org\eclipse\rdf4j\rdf4j-rio-n3\4.2.0\rdf4j-rio-n3-4.2.0.jar;C:\Users\masbe\.m2\repository\org\eclipse\rdf4j\rdf4j-rio-nquads\4.2.0\rdf4j-rio-nquads-4.2.0.jar;C:\Users\masbe\.m2\repository\org\eclipse\rdf4j\rdf4j-rio-ntriples\4.2.0\rdf4j-rio-ntriples-4.2.0.jar;C:\Users\masbe\.m2\repository\org\eclipse\rdf4j\rdf4j-rio-rdfjson\4.2.0\rdf4j-rio-rdfjson-4.2.0.jar;C:\Users\masbe\.m2\repository\org\eclipse\rdf4j\rdf4j-rio-jsonld\4.2.0\rdf4j-rio-jsonld-4.2.0.jar;C:\Users\masbe\.m2\repository\org\apache\httpcomponents\httpclient\4.5.13\httpclient-4.5.13.jar;C:\Users\masbe\.m2\repository\org\apache\httpcomponents\httpcore\4.4.13\httpcore-4.4.13.jar;C:\Users\masbe\.m2\repository\org\apache\httpcomponents\httpclient-cache\4.5.13\httpclient-cache-4.5.13.jar;C:\Users\masbe\.m2\repository\org\eclipse\rdf4j\rdf4j-rio-rdfxml\4.2.0\rdf4j-rio-rdfxml-4.2.0.jar;C:\Users\masbe\.m2\repository\org\eclipse\rdf4j\rdf4j-rio-trix\4.2.0\rdf4j-rio-trix-4.2.0.jar;C:\Users\masbe\.m2\repository\org\eclipse\rdf4j\rdf4j-rio-turtle\4.2.0\rdf4j-rio-turtle-4.2.0.jar;C:\Users\masbe\.m2\repository\org\eclipse\rdf4j\rdf4j-rio-trig\4.2.0\rdf4j-rio-trig-4.2.0.jar;C:\Users\masbe\.m2\repository\org\eclipse\rdf4j\rdf4j-rio-hdt\4.2.0\rdf4j-rio-hdt-4.2.0.jar;C:\Users\masbe\.m2\repository\org\eclipse\rdf4j\rdf4j-common-util\4.2.0\rdf4j-common-util-4.2.0.jar;C:\Users\masbe\.m2\repository\com\github\jsonld-java\jsonld-java\0.13.4\jsonld-java-0.13.4.jar;C:\Users\masbe\.m2\repository\org\apache\httpcomponents\httpclient-osgi\4.5.13\httpclient-osgi-4.5.13.jar;C:\Users\masbe\.m2\repository\org\apache\httpcomponents\httpmime\4.5.13\httpmime-4.5.13.jar;C:\Users\masbe\.m2\repository\org\apache\httpcomponents\fluent-hc\4.5.13\fluent-hc-4.5.13.jar;C:\Users\masbe\.m2\repository\org\apache\httpcomponents\httpcore-osgi\4.4.14\httpcore-osgi-4.4.14.jar;C:\Users\masbe\.m2\repository\org\apache\httpcomponents\httpcore-nio\4.4.14\httpcore-nio-4.4.14.jar;C:\Users\masbe\.m2\repository\com\github\vsonnier\hppcrt\0.7.5\hppcrt-0.7.5.jar;C:\Users\masbe\.m2\repository\com\github\ben-manes\caffeine\caffeine\3.1.1\caffeine-3.1.1.jar;C:\Users\masbe\.m2\repository\org\checkerframework\checker-qual\3.22.0\checker-qual-3.22.0.jar;C:\Users\masbe\.m2\repository\com\google\errorprone\error_prone_annotations\2.14.0\error_prone_annotations-2.14.0.jar;C:\Users\masbe\.m2\repository\com\google\guava\guava\31.1-jre\guava-31.1-jre.jar;C:\Users\masbe\.m2\repository\com\google\guava\failureaccess\1.0.1\failureaccess-1.0.1.jar;C:\Users\masbe\.m2\repository\com\google\guava\listenablefuture\9999.0-empty-to-avoid-conflict-with-guava\listenablefuture-9999.0-empty-to-avoid-conflict-with-guava.jar;C:\Users\masbe\.m2\repository\com\google\j2objc\j2objc-annotations\1.3\j2objc-annotations-1.3.jar;C:\Users\masbe\.m2\repository\com\google\code\findbugs\jsr305\3.0.2\jsr305-3.0.2.jar;C:\Users\masbe\.m2\repository\de\jflex\jflex\1.4.2\jflex-1.4.2.jar;C:\Users\masbe\.m2\repository\com\zenuevo\simkit\simkit\1.4.1\simkit-1.4.1.jar;C:\Users\masbe\.m2\repository\org\junit\jupiter\junit-jupiter-api\5.10.2\junit-jupiter-api-5.10.2.jar;C:\Users\masbe\.m2\repository\org\opentest4j\opentest4j\1.3.0\opentest4j-1.3.0.jar;C:\Users\masbe\.m2\repository\org\junit\platform\junit-platform-commons\1.10.2\junit-platform-commons-1.10.2.jar;C:\Users\masbe\.m2\repository\org\apiguardian\apiguardian-api\1.1.2\apiguardian-api-1.1.2.jar;C:\Users\masbe\.m2\repository\org\junit\jupiter\junit-jupiter-params\5.7.2\junit-jupiter-params-5.7.2.jar;C:\Users\masbe\.m2\repository\com\beust\jcommander\1.82\jcommander-1.82.jar;"/>
    <property name="sun.cpu.endian" value="little"/>
    <property name="user.home" value="C:\Users\masbe"/>
    <property name="user.language" value="es"/>
    <property name="java.specification.vendor" value="Oracle Corporation"/>
    <property name="java.version.date" value="2022-01-18"/>
    <property name="java.home" value="C:\Program Files\Java\jdk-17.0.2"/>
    <property name="file.separator" value="\"/>
    <property name="basedir" value="c:\Users\masbe\git\JaDES-core"/>
    <property name="java.vm.compressedOopsMode" value="Zero based"/>
    <property name="line.separator" value="&#10;"/>
    <property name="java.vm.specification.vendor" value="Oracle Corporation"/>
    <property name="java.specification.name" value="Java Platform API Specification"/>
    <property name="surefire.real.class.path" value="C:\Users\masbe\AppData\Local\Temp\surefire5561297262975942709\surefirebooter-20240822123036779_3.jar"/>
    <property name="user.script" value=""/>
    <property name="sun.management.compiler" value="HotSpot 64-Bit Tiered Compilers"/>
    <property name="java.runtime.version" value="17.0.2+8-LTS-86"/>
    <property name="user.name" value="masbe"/>
    <property name="path.separator" value=";"/>
    <property name="os.version" value="10.0"/>
    <property name="java.runtime.name" value="Java(TM) SE Runtime Environment"/>
    <property name="file.encoding" value="Cp1252"/>
    <property name="java.vm.name" value="Java HotSpot(TM) 64-Bit Server VM"/>
    <property name="localRepository" value="C:\Users\masbe\.m2\repository"/>
    <property name="java.vendor.url.bug" value="https://bugreport.java.com/bugreport/"/>
    <property name="java.io.tmpdir" value="C:\Users\masbe\AppData\Local\Temp\"/>
    <property name="java.version" value="17.0.2"/>
    <property name="user.dir" value="c:\Users\masbe\git\JaDES-core"/>
    <property name="os.arch" value="amd64"/>
    <property name="java.vm.specification.name" value="Java Virtual Machine Specification"/>
    <property name="sun.os.patch.level" value=""/>
    <property name="native.encoding" value="Cp1252"/>
    <property name="java.library.path" value="C:\Program Files\Java\jdk-17.0.2\bin;C:\WINDOWS\Sun\Java\bin;C:\WINDOWS\system32;C:\WINDOWS;C:\Program Files\Rockwell Software\RSCommon;C:\Program Files\Common Files\Oracle\Java\javapath;C:\Windows\system32;C:\Windows;C:\Windows\System32\Wbem;C:\Windows\System32\WindowsPowerShell\v1.0\;C:\Windows\System32\OpenSSH\;C:\Program Files\NVIDIA Corporation\NVIDIA NvDLISR;C:\Program Files (x86)\NVIDIA Corporation\PhysX\Common;C:\WINDOWS\system32;C:\WINDOWS;C:\WINDOWS\System32\Wbem;C:\WINDOWS\System32\WindowsPowerShell\v1.0\;C:\WINDOWS\System32\OpenSSH\;C:\Program Files\AutoFirma\AutoFirma;C:\Program Files\dotnet\;C:\Program Files\Git\cmd;C:\Program Files\apache-maven-3.9.6\bin;C:\Program Files\Calibre2\;C:\Program Files\MATLAB\R2024a\bin;C:\Users\masbe\AppData\Local\Microsoft\WindowsApps;;C:\iverilog\bin;C:\iverilog\gtkwave\bin;C:\Users\masbe\AppData\Local\Programs\Microsoft VS Code\bin;."/>
    <property name="java.vm.info" value="mixed mode, sharing"/>
    <property name="java.vendor" value="Oracle Corporation"/>
    <property name="java.vm.version" value="17.0.2+8-LTS-86"/>
    <property name="sun.io.unicode.encoding" value="UnicodeLittle"/>
    <property name="java.class.version" value="61.0"/>
  </properties>
  <testcase name="testAllWFP(int)[1]" classname="es.ull.WFP.TestWFP" time="0.016">
    <system-out><![CDATA[0 Minutes	[SIM]	SIMULATION STARTS
0 Minutes	[E0]	ELEMENT START	ET: Cliente
0 Minutes	[E1]	ELEMENT START	ET: Cliente
0 Minutes	[E2]	ELEMENT START	ET: Cliente
0 Minutes	[RES0]	RESOURCE START	Cajero1
0 Minutes	[RES2]	RESOURCE START	Cajero3
0 Minutes	[RES1]	RESOURCE START	Cajero2
0 Minutes	[E0]	REQUEST RESOURCES	ACT: Verificar cuenta
0 Minutes	[E1]	REQUEST RESOURCES	ACT: Verificar cuenta
0 Minutes	[E2]	REQUEST RESOURCES	ACT: Verificar cuenta
480 Minutes	[RES2]	ROLE ON	Cajero3	RT: Cajero
480 Minutes	[RES0]	ROLE ON	Cajero1	RT: Cajero
480 Minutes	[RES1]	ROLE ON	Cajero2	RT: Cajero
480 Minutes	[E0]	CAUGHT RESOURCE	[RES2]	Cajero3	ROLE: Cajero	ACT: Verificar cuenta	
480 Minutes	[E0]	ACQUIRE RESOURCES	ACT: Verificar cuenta	WG: WG1 [[RT0],1]
480 Minutes	[E0]	START DELAY	ACT: Verificar cuenta	WG: WG1 [[RT0],1]
480 Minutes	[E1]	CAUGHT RESOURCE	[RES0]	Cajero1	ROLE: Cajero	ACT: Verificar cuenta	
480 Minutes	[E1]	ACQUIRE RESOURCES	ACT: Verificar cuenta	WG: WG1 [[RT0],1]
480 Minutes	[E1]	START DELAY	ACT: Verificar cuenta	WG: WG1 [[RT0],1]
480 Minutes	[E2]	CAUGHT RESOURCE	[RES1]	Cajero2	ROLE: Cajero	ACT: Verificar cuenta	
480 Minutes	[E2]	ACQUIRE RESOURCES	ACT: Verificar cuenta	WG: WG1 [[RT0],1]
480 Minutes	[E2]	START DELAY	ACT: Verificar cuenta	WG: WG1 [[RT0],1]
485 Minutes	[E0]	END DELAY	ACT: Verificar cuenta	WG: WG1 [[RT0],1]
485 Minutes	[E2]	END DELAY	ACT: Verificar cuenta	WG: WG1 [[RT0],1]
485 Minutes	[E0]	RELEASED RESOURCE	[RES2]	Cajero3	ROLE: Cajero	ACT: Verificar cuenta	
485 Minutes	[E0]	RELEASE RESOURCES	ACT: Verificar cuenta
485 Minutes	[E2]	RELEASED RESOURCE	[RES1]	Cajero2	ROLE: Cajero	ACT: Verificar cuenta	
485 Minutes	[E2]	RELEASE RESOURCES	ACT: Verificar cuenta
485 Minutes	[E0]	REQUEST RESOURCES	ACT: Obtener detalles tarjeta
485 Minutes	[E2]	REQUEST RESOURCES	ACT: Obtener detalles tarjeta
485 Minutes	[E1]	END DELAY	ACT: Verificar cuenta	WG: WG1 [[RT0],1]
485 Minutes	[E1]	RELEASED RESOURCE	[RES0]	Cajero1	ROLE: Cajero	ACT: Verificar cuenta	
485 Minutes	[E1]	RELEASE RESOURCES	ACT: Verificar cuenta
485 Minutes	[E1]	REQUEST RESOURCES	ACT: Obtener detalles tarjeta
485 Minutes	[E0]	CAUGHT RESOURCE	[RES2]	Cajero3	ROLE: Cajero	ACT: Obtener detalles tarjeta	
485 Minutes	[E0]	ACQUIRE RESOURCES	ACT: Obtener detalles tarjeta	WG: WG2 [[RT0],1]
485 Minutes	[E0]	START DELAY	ACT: Obtener detalles tarjeta	WG: WG2 [[RT0],1]
485 Minutes	[E2]	CAUGHT RESOURCE	[RES0]	Cajero1	ROLE: Cajero	ACT: Obtener detalles tarjeta	
485 Minutes	[E2]	ACQUIRE RESOURCES	ACT: Obtener detalles tarjeta	WG: WG2 [[RT0],1]
485 Minutes	[E2]	START DELAY	ACT: Obtener detalles tarjeta	WG: WG2 [[RT0],1]
485 Minutes	[E1]	CAUGHT RESOURCE	[RES1]	Cajero2	ROLE: Cajero	ACT: Obtener detalles tarjeta	
485 Minutes	[E1]	ACQUIRE RESOURCES	ACT: Obtener detalles tarjeta	WG: WG2 [[RT0],1]
485 Minutes	[E1]	START DELAY	ACT: Obtener detalles tarjeta	WG: WG2 [[RT0],1]
490 Minutes	[E0]	END DELAY	ACT: Obtener detalles tarjeta	WG: WG2 [[RT0],1]
490 Minutes	[E1]	END DELAY	ACT: Obtener detalles tarjeta	WG: WG2 [[RT0],1]
490 Minutes	[E0]	RELEASED RESOURCE	[RES2]	Cajero3	ROLE: Cajero	ACT: Obtener detalles tarjeta	
490 Minutes	[E0]	RELEASE RESOURCES	ACT: Obtener detalles tarjeta
490 Minutes	[E0]	ELEMENT FINISH	ET: Cliente
490 Minutes	[E1]	RELEASED RESOURCE	[RES1]	Cajero2	ROLE: Cajero	ACT: Obtener detalles tarjeta	
490 Minutes	[E1]	RELEASE RESOURCES	ACT: Obtener detalles tarjeta
490 Minutes	[E1]	ELEMENT FINISH	ET: Cliente
490 Minutes	[E2]	END DELAY	ACT: Obtener detalles tarjeta	WG: WG2 [[RT0],1]
490 Minutes	[E2]	RELEASED RESOURCE	[RES0]	Cajero1	ROLE: Cajero	ACT: Obtener detalles tarjeta	
490 Minutes	[E2]	RELEASE RESOURCES	ACT: Obtener detalles tarjeta
490 Minutes	[E2]	ELEMENT FINISH	ET: Cliente
900 Minutes	[RES2]	ROLE OFF	Cajero3	RT: Cajero
900 Minutes	[RES1]	ROLE OFF	Cajero2	RT: Cajero
900 Minutes	[RES0]	ROLE OFF	Cajero1	RT: Cajero
1440 Minutes	[SIM]	SIMULATION ENDS
CPU Time = 1 miliseconds.
]]></system-out>
  </testcase>
  <testcase name="testAllWFP(int)[2]" classname="es.ull.WFP.TestWFP" time="0.008">
    <system-out><![CDATA[0 Minutes	[SIM]	SIMULATION STARTS
0 Minutes	[E0]	ELEMENT START	ET: Activaciones de alarma
0 Minutes	[E1]	ELEMENT START	ET: Activaciones de alarma
0 Minutes	[E2]	ELEMENT START	ET: Activaciones de alarma
0 Minutes	[RES0]	RESOURCE START	Operador1
0 Minutes	[RES2]	RESOURCE START	Operador3
0 Minutes	[RES3]	RESOURCE START	Operador4
0 Minutes	[E2]	REQUEST RESOURCES	ACT: Detección alarma
0 Minutes	[RES1]	RESOURCE START	Operador2
0 Minutes	[E0]	REQUEST RESOURCES	ACT: Detección alarma
0 Minutes	[E1]	REQUEST RESOURCES	ACT: Detección alarma
480 Minutes	[RES0]	ROLE ON	Operador1	RT: Operador
480 Minutes	[RES3]	ROLE ON	Operador4	RT: Operador
480 Minutes	[RES2]	ROLE ON	Operador3	RT: Operador
480 Minutes	[RES1]	ROLE ON	Operador2	RT: Operador
480 Minutes	[E2]	CAUGHT RESOURCE	[RES0]	Operador1	ROLE: Operador	ACT: Detección alarma	
480 Minutes	[E2]	ACQUIRE RESOURCES	ACT: Detección alarma	WG: WG1 [[RT0],1]
480 Minutes	[E2]	START DELAY	ACT: Detección alarma	WG: WG1 [[RT0],1]
480 Minutes	[E0]	CAUGHT RESOURCE	[RES3]	Operador4	ROLE: Operador	ACT: Detección alarma	
480 Minutes	[E0]	ACQUIRE RESOURCES	ACT: Detección alarma	WG: WG1 [[RT0],1]
480 Minutes	[E0]	START DELAY	ACT: Detección alarma	WG: WG1 [[RT0],1]
480 Minutes	[E1]	CAUGHT RESOURCE	[RES2]	Operador3	ROLE: Operador	ACT: Detección alarma	
480 Minutes	[E1]	ACQUIRE RESOURCES	ACT: Detección alarma	WG: WG1 [[RT0],1]
480 Minutes	[E1]	START DELAY	ACT: Detección alarma	WG: WG1 [[RT0],1]
485 Minutes	[E2]	END DELAY	ACT: Detección alarma	WG: WG1 [[RT0],1]
485 Minutes	[E0]	END DELAY	ACT: Detección alarma	WG: WG1 [[RT0],1]
485 Minutes	[E1]	END DELAY	ACT: Detección alarma	WG: WG1 [[RT0],1]
485 Minutes	[E2]	RELEASED RESOURCE	[RES0]	Operador1	ROLE: Operador	ACT: Detección alarma	
485 Minutes	[E2]	RELEASE RESOURCES	ACT: Detección alarma
485 Minutes	[E0]	RELEASED RESOURCE	[RES3]	Operador4	ROLE: Operador	ACT: Detección alarma	
485 Minutes	[E0]	RELEASE RESOURCES	ACT: Detección alarma
485 Minutes	[E1]	RELEASED RESOURCE	[RES2]	Operador3	ROLE: Operador	ACT: Detección alarma	
485 Minutes	[E1]	RELEASE RESOURCES	ACT: Detección alarma
485 Minutes	[E2]	REQUEST RESOURCES	ACT: Mandar patrulla
485 Minutes	[E2]	REQUEST RESOURCES	ACT: Generar informe
485 Minutes	[E0]	REQUEST RESOURCES	ACT: Mandar patrulla
485 Minutes	[E1]	REQUEST RESOURCES	ACT: Mandar patrulla
485 Minutes	[E0]	REQUEST RESOURCES	ACT: Generar informe
485 Minutes	[E1]	REQUEST RESOURCES	ACT: Generar informe
485 Minutes	[E2]	CAUGHT RESOURCE	[RES0]	Operador1	ROLE: Operador	ACT: Mandar patrulla	
485 Minutes	[E2]	ACQUIRE RESOURCES	ACT: Mandar patrulla	WG: WG2 [[RT0],1]
485 Minutes	[E2]	START DELAY	ACT: Mandar patrulla	WG: WG2 [[RT0],1]
485 Minutes	[E2]	CAUGHT RESOURCE	[RES3]	Operador4	ROLE: Operador	ACT: Generar informe	
485 Minutes	[E2]	ACQUIRE RESOURCES	ACT: Generar informe	WG: WG3 [[RT0],1]
485 Minutes	[E2]	START DELAY	ACT: Generar informe	WG: WG3 [[RT0],1]
485 Minutes	[E0]	CAUGHT RESOURCE	[RES2]	Operador3	ROLE: Operador	ACT: Mandar patrulla	
485 Minutes	[E0]	ACQUIRE RESOURCES	ACT: Mandar patrulla	WG: WG2 [[RT0],1]
485 Minutes	[E0]	START DELAY	ACT: Mandar patrulla	WG: WG2 [[RT0],1]
485 Minutes	[E1]	CAUGHT RESOURCE	[RES1]	Operador2	ROLE: Operador	ACT: Mandar patrulla	
485 Minutes	[E1]	ACQUIRE RESOURCES	ACT: Mandar patrulla	WG: WG2 [[RT0],1]
485 Minutes	[E1]	START DELAY	ACT: Mandar patrulla	WG: WG2 [[RT0],1]
490 Minutes	[E2]	END DELAY	ACT: Mandar patrulla	WG: WG2 [[RT0],1]
490 Minutes	[E2]	END DELAY	ACT: Generar informe	WG: WG3 [[RT0],1]
490 Minutes	[E2]	RELEASED RESOURCE	[RES0]	Operador1	ROLE: Operador	ACT: Mandar patrulla	
490 Minutes	[E2]	RELEASE RESOURCES	ACT: Mandar patrulla
490 Minutes	[E2]	RELEASED RESOURCE	[RES3]	Operador4	ROLE: Operador	ACT: Generar informe	
490 Minutes	[E2]	RELEASE RESOURCES	ACT: Generar informe
490 Minutes	[E2]	ELEMENT FINISH	ET: Activaciones de alarma
490 Minutes	[E0]	END DELAY	ACT: Mandar patrulla	WG: WG2 [[RT0],1]
490 Minutes	[E1]	END DELAY	ACT: Mandar patrulla	WG: WG2 [[RT0],1]
490 Minutes	[E0]	RELEASED RESOURCE	[RES2]	Operador3	ROLE: Operador	ACT: Mandar patrulla	
490 Minutes	[E0]	RELEASE RESOURCES	ACT: Mandar patrulla
490 Minutes	[E1]	RELEASED RESOURCE	[RES1]	Operador2	ROLE: Operador	ACT: Mandar patrulla	
490 Minutes	[E1]	RELEASE RESOURCES	ACT: Mandar patrulla
490 Minutes	[E0]	CAUGHT RESOURCE	[RES0]	Operador1	ROLE: Operador	ACT: Generar informe	
490 Minutes	[E0]	ACQUIRE RESOURCES	ACT: Generar informe	WG: WG3 [[RT0],1]
490 Minutes	[E0]	START DELAY	ACT: Generar informe	WG: WG3 [[RT0],1]
490 Minutes	[E1]	CAUGHT RESOURCE	[RES3]	Operador4	ROLE: Operador	ACT: Generar informe	
490 Minutes	[E1]	ACQUIRE RESOURCES	ACT: Generar informe	WG: WG3 [[RT0],1]
490 Minutes	[E1]	START DELAY	ACT: Generar informe	WG: WG3 [[RT0],1]
495 Minutes	[E0]	END DELAY	ACT: Generar informe	WG: WG3 [[RT0],1]
495 Minutes	[E1]	END DELAY	ACT: Generar informe	WG: WG3 [[RT0],1]
495 Minutes	[E0]	RELEASED RESOURCE	[RES0]	Operador1	ROLE: Operador	ACT: Generar informe	
495 Minutes	[E0]	RELEASE RESOURCES	ACT: Generar informe
495 Minutes	[E0]	ELEMENT FINISH	ET: Activaciones de alarma
495 Minutes	[E1]	RELEASED RESOURCE	[RES3]	Operador4	ROLE: Operador	ACT: Generar informe	
495 Minutes	[E1]	RELEASE RESOURCES	ACT: Generar informe
495 Minutes	[E1]	ELEMENT FINISH	ET: Activaciones de alarma
900 Minutes	[RES0]	ROLE OFF	Operador1	RT: Operador
900 Minutes	[RES2]	ROLE OFF	Operador3	RT: Operador
900 Minutes	[RES1]	ROLE OFF	Operador2	RT: Operador
900 Minutes	[RES3]	ROLE OFF	Operador4	RT: Operador
1440 Minutes	[SIM]	SIMULATION ENDS
CPU Time = 2 miliseconds.
]]></system-out>
  </testcase>
  <testcase name="testAllWFP(int)[3]" classname="es.ull.WFP.TestWFP" time="0.012">
    <system-out><![CDATA[0 Minutes	[SIM]	SIMULATION STARTS
0 Minutes	[E0]	ELEMENT START	ET: Cliente
0 Minutes	[E1]	ELEMENT START	ET: Cliente
0 Minutes	[E2]	ELEMENT START	ET: Cliente
0 Minutes	[RES0]	RESOURCE START	Comercial1
0 Minutes	[RES2]	RESOURCE START	Comercial3
0 Minutes	[RES1]	RESOURCE START	Comercial2
0 Minutes	[E0]	REQUEST RESOURCES	ACT: Generacion de factura
0 Minutes	[E0]	REQUEST RESOURCES	ACT: Comprobacion de factura
0 Minutes	[E1]	REQUEST RESOURCES	ACT: Comprobacion de factura
0 Minutes	[E2]	REQUEST RESOURCES	ACT: Generacion de factura
0 Minutes	[E2]	REQUEST RESOURCES	ACT: Comprobacion de factura
0 Minutes	[E1]	REQUEST RESOURCES	ACT: Generacion de factura
480 Minutes	[RES2]	ROLE ON	Comercial3	RT: Comercial
480 Minutes	[RES0]	ROLE ON	Comercial1	RT: Comercial
480 Minutes	[RES1]	ROLE ON	Comercial2	RT: Comercial
480 Minutes	[E0]	CAUGHT RESOURCE	[RES2]	Comercial3	ROLE: Comercial	ACT: Generacion de factura	
480 Minutes	[E0]	ACQUIRE RESOURCES	ACT: Generacion de factura	WG: WG1 [[RT0],1]
480 Minutes	[E0]	START DELAY	ACT: Generacion de factura	WG: WG1 [[RT0],1]
480 Minutes	[E0]	CAUGHT RESOURCE	[RES0]	Comercial1	ROLE: Comercial	ACT: Comprobacion de factura	
480 Minutes	[E0]	ACQUIRE RESOURCES	ACT: Comprobacion de factura	WG: WG2 [[RT0],1]
480 Minutes	[E0]	START DELAY	ACT: Comprobacion de factura	WG: WG2 [[RT0],1]
480 Minutes	[E1]	CAUGHT RESOURCE	[RES1]	Comercial2	ROLE: Comercial	ACT: Comprobacion de factura	
480 Minutes	[E1]	ACQUIRE RESOURCES	ACT: Comprobacion de factura	WG: WG2 [[RT0],1]
480 Minutes	[E1]	START DELAY	ACT: Comprobacion de factura	WG: WG2 [[RT0],1]
485 Minutes	[E0]	END DELAY	ACT: Generacion de factura	WG: WG1 [[RT0],1]
485 Minutes	[E0]	RELEASED RESOURCE	[RES2]	Comercial3	ROLE: Comercial	ACT: Generacion de factura	
485 Minutes	[E0]	RELEASE RESOURCES	ACT: Generacion de factura
485 Minutes	[E2]	CAUGHT RESOURCE	[RES2]	Comercial3	ROLE: Comercial	ACT: Generacion de factura	
485 Minutes	[E2]	ACQUIRE RESOURCES	ACT: Generacion de factura	WG: WG1 [[RT0],1]
485 Minutes	[E2]	START DELAY	ACT: Generacion de factura	WG: WG1 [[RT0],1]
490 Minutes	[E1]	END DELAY	ACT: Comprobacion de factura	WG: WG2 [[RT0],1]
490 Minutes	[E2]	END DELAY	ACT: Generacion de factura	WG: WG1 [[RT0],1]
490 Minutes	[E1]	RELEASED RESOURCE	[RES1]	Comercial2	ROLE: Comercial	ACT: Comprobacion de factura	
490 Minutes	[E1]	RELEASE RESOURCES	ACT: Comprobacion de factura
490 Minutes	[E2]	RELEASED RESOURCE	[RES2]	Comercial3	ROLE: Comercial	ACT: Generacion de factura	
490 Minutes	[E2]	RELEASE RESOURCES	ACT: Generacion de factura
490 Minutes	[E0]	END DELAY	ACT: Comprobacion de factura	WG: WG2 [[RT0],1]
490 Minutes	[E0]	RELEASED RESOURCE	[RES0]	Comercial1	ROLE: Comercial	ACT: Comprobacion de factura	
490 Minutes	[E0]	RELEASE RESOURCES	ACT: Comprobacion de factura
490 Minutes	[E0]	REQUEST RESOURCES	ACT: Envio de mercancias
490 Minutes	[E2]	CAUGHT RESOURCE	[RES2]	Comercial3	ROLE: Comercial	ACT: Comprobacion de factura	
490 Minutes	[E2]	ACQUIRE RESOURCES	ACT: Comprobacion de factura	WG: WG2 [[RT0],1]
490 Minutes	[E2]	START DELAY	ACT: Comprobacion de factura	WG: WG2 [[RT0],1]
490 Minutes	[E1]	CAUGHT RESOURCE	[RES0]	Comercial1	ROLE: Comercial	ACT: Generacion de factura	
490 Minutes	[E1]	ACQUIRE RESOURCES	ACT: Generacion de factura	WG: WG1 [[RT0],1]
490 Minutes	[E1]	START DELAY	ACT: Generacion de factura	WG: WG1 [[RT0],1]
490 Minutes	[E0]	CAUGHT RESOURCE	[RES1]	Comercial2	ROLE: Comercial	ACT: Envio de mercancias	
490 Minutes	[E0]	ACQUIRE RESOURCES	ACT: Envio de mercancias	WG: WG3 [[RT0],1]
490 Minutes	[E0]	START DELAY	ACT: Envio de mercancias	WG: WG3 [[RT0],1]
495 Minutes	[E1]	END DELAY	ACT: Generacion de factura	WG: WG1 [[RT0],1]
495 Minutes	[E0]	END DELAY	ACT: Envio de mercancias	WG: WG3 [[RT0],1]
495 Minutes	[E1]	RELEASED RESOURCE	[RES0]	Comercial1	ROLE: Comercial	ACT: Generacion de factura	
495 Minutes	[E1]	RELEASE RESOURCES	ACT: Generacion de factura
495 Minutes	[E0]	RELEASED RESOURCE	[RES1]	Comercial2	ROLE: Comercial	ACT: Envio de mercancias	
495 Minutes	[E0]	RELEASE RESOURCES	ACT: Envio de mercancias
495 Minutes	[E0]	ELEMENT FINISH	ET: Cliente
495 Minutes	[E1]	REQUEST RESOURCES	ACT: Envio de mercancias
495 Minutes	[E1]	CAUGHT RESOURCE	[RES0]	Comercial1	ROLE: Comercial	ACT: Envio de mercancias	
495 Minutes	[E1]	ACQUIRE RESOURCES	ACT: Envio de mercancias	WG: WG3 [[RT0],1]
495 Minutes	[E1]	START DELAY	ACT: Envio de mercancias	WG: WG3 [[RT0],1]
500 Minutes	[E2]	END DELAY	ACT: Comprobacion de factura	WG: WG2 [[RT0],1]
500 Minutes	[E1]	END DELAY	ACT: Envio de mercancias	WG: WG3 [[RT0],1]
500 Minutes	[E2]	RELEASED RESOURCE	[RES2]	Comercial3	ROLE: Comercial	ACT: Comprobacion de factura	
500 Minutes	[E2]	RELEASE RESOURCES	ACT: Comprobacion de factura
500 Minutes	[E1]	RELEASED RESOURCE	[RES0]	Comercial1	ROLE: Comercial	ACT: Envio de mercancias	
500 Minutes	[E1]	RELEASE RESOURCES	ACT: Envio de mercancias
500 Minutes	[E1]	ELEMENT FINISH	ET: Cliente
500 Minutes	[E2]	REQUEST RESOURCES	ACT: Envio de mercancias
500 Minutes	[E2]	CAUGHT RESOURCE	[RES2]	Comercial3	ROLE: Comercial	ACT: Envio de mercancias	
500 Minutes	[E2]	ACQUIRE RESOURCES	ACT: Envio de mercancias	WG: WG3 [[RT0],1]
500 Minutes	[E2]	START DELAY	ACT: Envio de mercancias	WG: WG3 [[RT0],1]
505 Minutes	[E2]	END DELAY	ACT: Envio de mercancias	WG: WG3 [[RT0],1]
505 Minutes	[E2]	RELEASED RESOURCE	[RES2]	Comercial3	ROLE: Comercial	ACT: Envio de mercancias	
505 Minutes	[E2]	RELEASE RESOURCES	ACT: Envio de mercancias
505 Minutes	[E2]	ELEMENT FINISH	ET: Cliente
900 Minutes	[RES0]	ROLE OFF	Comercial1	RT: Comercial
900 Minutes	[RES1]	ROLE OFF	Comercial2	RT: Comercial
900 Minutes	[RES2]	ROLE OFF	Comercial3	RT: Comercial
1440 Minutes	[SIM]	SIMULATION ENDS
CPU Time = 2 miliseconds.
]]></system-out>
  </testcase>
  <testcase name="testAllWFP(int)[4]" classname="es.ull.WFP.TestWFP" time="0.007">
    <system-out><![CDATA[0 Minutes	[SIM]	SIMULATION STARTS
0 Minutes	[E0]	ELEMENT START	ET: Votante
0 Minutes	[E1]	ELEMENT START	ET: Votante
0 Minutes	[E2]	ELEMENT START	ET: Votante
0 Minutes	[RES0]	RESOURCE START	Encargado 1
0 Minutes	[E1]	REQUEST RESOURCES	ACT: Celebrar elecciones
0 Minutes	[E2]	REQUEST RESOURCES	ACT: Celebrar elecciones
0 Minutes	[E0]	REQUEST RESOURCES	ACT: Celebrar elecciones
480 Minutes	[RES0]	ROLE ON	Encargado 1	RT: Encargado
480 Minutes	[E1]	CAUGHT RESOURCE	[RES0]	Encargado 1	ROLE: Encargado	ACT: Celebrar elecciones	
480 Minutes	[E1]	ACQUIRE RESOURCES	ACT: Celebrar elecciones	WG: WG1 [[RT0],1]
480 Minutes	[E1]	START DELAY	ACT: Celebrar elecciones	WG: WG1 [[RT0],1]
485 Minutes	[E1]	END DELAY	ACT: Celebrar elecciones	WG: WG1 [[RT0],1]
485 Minutes	[E1]	RELEASED RESOURCE	[RES0]	Encargado 1	ROLE: Encargado	ACT: Celebrar elecciones	
485 Minutes	[E1]	RELEASE RESOURCES	ACT: Celebrar elecciones
485 Minutes	[E1]	REQUEST RESOURCES	ACT: Recuentos de votos
485 Minutes	[E2]	CAUGHT RESOURCE	[RES0]	Encargado 1	ROLE: Encargado	ACT: Celebrar elecciones	
485 Minutes	[E2]	ACQUIRE RESOURCES	ACT: Celebrar elecciones	WG: WG1 [[RT0],1]
485 Minutes	[E2]	START DELAY	ACT: Celebrar elecciones	WG: WG1 [[RT0],1]
490 Minutes	[E2]	END DELAY	ACT: Celebrar elecciones	WG: WG1 [[RT0],1]
490 Minutes	[E2]	RELEASED RESOURCE	[RES0]	Encargado 1	ROLE: Encargado	ACT: Celebrar elecciones	
490 Minutes	[E2]	RELEASE RESOURCES	ACT: Celebrar elecciones
490 Minutes	[E2]	REQUEST RESOURCES	ACT: Recuentos de votos
490 Minutes	[E0]	CAUGHT RESOURCE	[RES0]	Encargado 1	ROLE: Encargado	ACT: Celebrar elecciones	
490 Minutes	[E0]	ACQUIRE RESOURCES	ACT: Celebrar elecciones	WG: WG1 [[RT0],1]
490 Minutes	[E0]	START DELAY	ACT: Celebrar elecciones	WG: WG1 [[RT0],1]
495 Minutes	[E0]	END DELAY	ACT: Celebrar elecciones	WG: WG1 [[RT0],1]
495 Minutes	[E0]	RELEASED RESOURCE	[RES0]	Encargado 1	ROLE: Encargado	ACT: Celebrar elecciones	
495 Minutes	[E0]	RELEASE RESOURCES	ACT: Celebrar elecciones
495 Minutes	[E0]	REQUEST RESOURCES	ACT: Recuentos de votos
495 Minutes	[E1]	CAUGHT RESOURCE	[RES0]	Encargado 1	ROLE: Encargado	ACT: Recuentos de votos	
495 Minutes	[E1]	ACQUIRE RESOURCES	ACT: Recuentos de votos	WG: WG2 [[RT0],1]
495 Minutes	[E1]	START DELAY	ACT: Recuentos de votos	WG: WG2 [[RT0],1]
500 Minutes	[E1]	END DELAY	ACT: Recuentos de votos	WG: WG2 [[RT0],1]
500 Minutes	[E1]	RELEASED RESOURCE	[RES0]	Encargado 1	ROLE: Encargado	ACT: Recuentos de votos	
500 Minutes	[E1]	RELEASE RESOURCES	ACT: Recuentos de votos
500 Minutes	[E1]	ELEMENT FINISH	ET: Votante
500 Minutes	[E2]	CAUGHT RESOURCE	[RES0]	Encargado 1	ROLE: Encargado	ACT: Recuentos de votos	
500 Minutes	[E2]	ACQUIRE RESOURCES	ACT: Recuentos de votos	WG: WG2 [[RT0],1]
500 Minutes	[E2]	START DELAY	ACT: Recuentos de votos	WG: WG2 [[RT0],1]
505 Minutes	[E2]	END DELAY	ACT: Recuentos de votos	WG: WG2 [[RT0],1]
505 Minutes	[E2]	RELEASED RESOURCE	[RES0]	Encargado 1	ROLE: Encargado	ACT: Recuentos de votos	
505 Minutes	[E2]	RELEASE RESOURCES	ACT: Recuentos de votos
505 Minutes	[E2]	ELEMENT FINISH	ET: Votante
505 Minutes	[E0]	CAUGHT RESOURCE	[RES0]	Encargado 1	ROLE: Encargado	ACT: Recuentos de votos	
505 Minutes	[E0]	ACQUIRE RESOURCES	ACT: Recuentos de votos	WG: WG2 [[RT0],1]
505 Minutes	[E0]	START DELAY	ACT: Recuentos de votos	WG: WG2 [[RT0],1]
510 Minutes	[E0]	END DELAY	ACT: Recuentos de votos	WG: WG2 [[RT0],1]
510 Minutes	[E0]	RELEASED RESOURCE	[RES0]	Encargado 1	ROLE: Encargado	ACT: Recuentos de votos	
510 Minutes	[E0]	RELEASE RESOURCES	ACT: Recuentos de votos
510 Minutes	[E0]	ELEMENT FINISH	ET: Votante
900 Minutes	[RES0]	ROLE OFF	Encargado 1	RT: Encargado
1440 Minutes	[SIM]	SIMULATION ENDS
CPU Time = 1 miliseconds.
]]></system-out>
  </testcase>
  <testcase name="testAllWFP(int)[5]" classname="es.ull.WFP.TestWFP" time="0.013">
    <system-out><![CDATA[0 Minutes	[SIM]	SIMULATION STARTS
0 Minutes	[E0]	ELEMENT START	ET: Excavacion
0 Minutes	[E1]	ELEMENT START	ET: Excavacion
0 Minutes	[E2]	ELEMENT START	ET: Excavacion
0 Minutes	[RES0]	RESOURCE START	Bobcat1
0 Minutes	[RES2]	RESOURCE START	D92
0 Minutes	[RES6]	RESOURCE START	Comercial1
0 Minutes	[RES7]	RESOURCE START	H81
0 Minutes	[RES3]	RESOURCE START	Conductor1
0 Minutes	[E0]	REQUEST RESOURCES	ACT: Excavacion H8
0 Minutes	[E1]	REQUEST RESOURCES	ACT: Excavacion D9
0 Minutes	[E1]	REQUEST RESOURCES	ACT: Excavacion H8
0 Minutes	[E1]	REQUEST RESOURCES	ACT: Excavacion bobcat
0 Minutes	[E0]	REQUEST RESOURCES	ACT: Excavacion D9
0 Minutes	[E0]	REQUEST RESOURCES	ACT: Excavacion bobcat
0 Minutes	[E2]	REQUEST RESOURCES	ACT: Excavacion H8
0 Minutes	[E2]	REQUEST RESOURCES	ACT: Excavacion D9
0 Minutes	[RES1]	RESOURCE START	D91
0 Minutes	[E2]	REQUEST RESOURCES	ACT: Excavacion bobcat
0 Minutes	[RES4]	RESOURCE START	Conductor2
0 Minutes	[RES5]	RESOURCE START	Conductor3
480 Minutes	[RES4]	ROLE ON	Conductor2	RT: Conductor
480 Minutes	[RES5]	ROLE ON	Conductor3	RT: Conductor
480 Minutes	[RES7]	ROLE ON	H81	RT: Excavadora H8
480 Minutes	[RES0]	ROLE ON	Bobcat1	RT: Excavadora bobcat
480 Minutes	[RES3]	ROLE ON	Conductor1	RT: Conductor
480 Minutes	[RES2]	ROLE ON	D92	RT: Excavadora D9
480 Minutes	[RES6]	ROLE ON	Comercial1	RT: Comercial
480 Minutes	[RES1]	ROLE ON	D91	RT: Excavadora D9
480 Minutes	[E0]	CAUGHT RESOURCE	[RES4]	Conductor2	ROLE: Conductor	ACT: Excavacion H8	
480 Minutes	[E0]	CAUGHT RESOURCE	[RES7]	H81	ROLE: Excavadora H8	ACT: Excavacion H8	
480 Minutes	[E0]	ACQUIRE RESOURCES	ACT: Excavacion H8	WG: WG7 [[RT4],1] [[RT2],1]
480 Minutes	[E0]	START DELAY	ACT: Excavacion H8	WG: WG7 [[RT4],1] [[RT2],1]
480 Minutes	[E1]	CAUGHT RESOURCE	[RES5]	Conductor3	ROLE: Conductor	ACT: Excavacion D9	
480 Minutes	[E1]	CAUGHT RESOURCE	[RES2]	D92	ROLE: Excavadora D9	ACT: Excavacion D9	
480 Minutes	[E1]	ACQUIRE RESOURCES	ACT: Excavacion D9	WG: WG5 [[RT1],1] [[RT2],1]
480 Minutes	[E1]	START DELAY	ACT: Excavacion D9	WG: WG5 [[RT1],1] [[RT2],1]
480 Minutes	[E1]	CAUGHT RESOURCE	[RES3]	Conductor1	ROLE: Conductor	ACT: Excavacion bobcat	
480 Minutes	[E1]	CAUGHT RESOURCE	[RES0]	Bobcat1	ROLE: Excavadora bobcat	ACT: Excavacion bobcat	
480 Minutes	[E1]	ACQUIRE RESOURCES	ACT: Excavacion bobcat	WG: WG4 [[RT0],1] [[RT2],1]
480 Minutes	[E1]	START DELAY	ACT: Excavacion bobcat	WG: WG4 [[RT0],1] [[RT2],1]
485 Minutes	[E1]	END DELAY	ACT: Excavacion D9	WG: WG5 [[RT1],1] [[RT2],1]
485 Minutes	[E1]	END DELAY	ACT: Excavacion bobcat	WG: WG4 [[RT0],1] [[RT2],1]
485 Minutes	[E1]	RELEASED RESOURCE	[RES2]	D92	ROLE: Excavadora D9	ACT: Excavacion D9	
485 Minutes	[E1]	RELEASED RESOURCE	[RES5]	Conductor3	ROLE: Conductor	ACT: Excavacion D9	
485 Minutes	[E1]	RELEASE RESOURCES	ACT: Excavacion D9
485 Minutes	[E1]	RELEASED RESOURCE	[RES0]	Bobcat1	ROLE: Excavadora bobcat	ACT: Excavacion bobcat	
485 Minutes	[E1]	RELEASED RESOURCE	[RES3]	Conductor1	ROLE: Conductor	ACT: Excavacion bobcat	
485 Minutes	[E1]	RELEASE RESOURCES	ACT: Excavacion bobcat
485 Minutes	[E1]	REQUEST RESOURCES	ACT: Facturacion
485 Minutes	[E0]	CAUGHT RESOURCE	[RES5]	Conductor3	ROLE: Conductor	ACT: Excavacion D9	
485 Minutes	[E0]	CAUGHT RESOURCE	[RES2]	D92	ROLE: Excavadora D9	ACT: Excavacion D9	
485 Minutes	[E0]	ACQUIRE RESOURCES	ACT: Excavacion D9	WG: WG5 [[RT1],1] [[RT2],1]
485 Minutes	[E0]	START DELAY	ACT: Excavacion D9	WG: WG5 [[RT1],1] [[RT2],1]
485 Minutes	[E0]	CAUGHT RESOURCE	[RES3]	Conductor1	ROLE: Conductor	ACT: Excavacion bobcat	
485 Minutes	[E0]	CAUGHT RESOURCE	[RES0]	Bobcat1	ROLE: Excavadora bobcat	ACT: Excavacion bobcat	
485 Minutes	[E0]	ACQUIRE RESOURCES	ACT: Excavacion bobcat	WG: WG4 [[RT0],1] [[RT2],1]
485 Minutes	[E0]	START DELAY	ACT: Excavacion bobcat	WG: WG4 [[RT0],1] [[RT2],1]
485 Minutes	[E1]	CAUGHT RESOURCE	[RES6]	Comercial1	ROLE: Comercial	ACT: Facturacion	
485 Minutes	[E1]	ACQUIRE RESOURCES	ACT: Facturacion	WG: WG6 [[RT3],1]
485 Minutes	[E1]	START DELAY	ACT: Facturacion	WG: WG6 [[RT3],1]
490 Minutes	[E0]	END DELAY	ACT: Excavacion H8	WG: WG7 [[RT4],1] [[RT2],1]
490 Minutes	[E0]	END DELAY	ACT: Excavacion D9	WG: WG5 [[RT1],1] [[RT2],1]
490 Minutes	[E0]	END DELAY	ACT: Excavacion bobcat	WG: WG4 [[RT0],1] [[RT2],1]
490 Minutes	[E0]	RELEASED RESOURCE	[RES4]	Conductor2	ROLE: Conductor	ACT: Excavacion H8	
490 Minutes	[E0]	RELEASED RESOURCE	[RES7]	H81	ROLE: Excavadora H8	ACT: Excavacion H8	
490 Minutes	[E0]	RELEASE RESOURCES	ACT: Excavacion H8
490 Minutes	[E0]	RELEASED RESOURCE	[RES2]	D92	ROLE: Excavadora D9	ACT: Excavacion D9	
490 Minutes	[E0]	RELEASED RESOURCE	[RES5]	Conductor3	ROLE: Conductor	ACT: Excavacion D9	
490 Minutes	[E0]	RELEASE RESOURCES	ACT: Excavacion D9
490 Minutes	[E0]	RELEASED RESOURCE	[RES0]	Bobcat1	ROLE: Excavadora bobcat	ACT: Excavacion bobcat	
490 Minutes	[E0]	RELEASED RESOURCE	[RES3]	Conductor1	ROLE: Conductor	ACT: Excavacion bobcat	
490 Minutes	[E0]	RELEASE RESOURCES	ACT: Excavacion bobcat
490 Minutes	[E0]	REQUEST RESOURCES	ACT: Facturacion
490 Minutes	[E1]	CAUGHT RESOURCE	[RES4]	Conductor2	ROLE: Conductor	ACT: Excavacion H8	
490 Minutes	[E1]	CAUGHT RESOURCE	[RES7]	H81	ROLE: Excavadora H8	ACT: Excavacion H8	
490 Minutes	[E1]	ACQUIRE RESOURCES	ACT: Excavacion H8	WG: WG7 [[RT4],1] [[RT2],1]
490 Minutes	[E1]	START DELAY	ACT: Excavacion H8	WG: WG7 [[RT4],1] [[RT2],1]
490 Minutes	[E2]	CAUGHT RESOURCE	[RES5]	Conductor3	ROLE: Conductor	ACT: Excavacion D9	
490 Minutes	[E2]	CAUGHT RESOURCE	[RES2]	D92	ROLE: Excavadora D9	ACT: Excavacion D9	
490 Minutes	[E2]	ACQUIRE RESOURCES	ACT: Excavacion D9	WG: WG5 [[RT1],1] [[RT2],1]
490 Minutes	[E2]	START DELAY	ACT: Excavacion D9	WG: WG5 [[RT1],1] [[RT2],1]
490 Minutes	[E2]	CAUGHT RESOURCE	[RES3]	Conductor1	ROLE: Conductor	ACT: Excavacion bobcat	
490 Minutes	[E2]	CAUGHT RESOURCE	[RES0]	Bobcat1	ROLE: Excavadora bobcat	ACT: Excavacion bobcat	
490 Minutes	[E2]	ACQUIRE RESOURCES	ACT: Excavacion bobcat	WG: WG4 [[RT0],1] [[RT2],1]
490 Minutes	[E2]	START DELAY	ACT: Excavacion bobcat	WG: WG4 [[RT0],1] [[RT2],1]
495 Minutes	[E2]	END DELAY	ACT: Excavacion D9	WG: WG5 [[RT1],1] [[RT2],1]
495 Minutes	[E2]	END DELAY	ACT: Excavacion bobcat	WG: WG4 [[RT0],1] [[RT2],1]
495 Minutes	[E2]	RELEASED RESOURCE	[RES2]	D92	ROLE: Excavadora D9	ACT: Excavacion D9	
495 Minutes	[E2]	RELEASED RESOURCE	[RES5]	Conductor3	ROLE: Conductor	ACT: Excavacion D9	
495 Minutes	[E2]	RELEASE RESOURCES	ACT: Excavacion D9
495 Minutes	[E2]	RELEASED RESOURCE	[RES0]	Bobcat1	ROLE: Excavadora bobcat	ACT: Excavacion bobcat	
495 Minutes	[E2]	RELEASED RESOURCE	[RES3]	Conductor1	ROLE: Conductor	ACT: Excavacion bobcat	
495 Minutes	[E2]	RELEASE RESOURCES	ACT: Excavacion bobcat
495 Minutes	[E2]	REQUEST RESOURCES	ACT: Facturacion
500 Minutes	[E1]	END DELAY	ACT: Facturacion	WG: WG6 [[RT3],1]
500 Minutes	[E1]	END DELAY	ACT: Excavacion H8	WG: WG7 [[RT4],1] [[RT2],1]
500 Minutes	[E1]	RELEASED RESOURCE	[RES6]	Comercial1	ROLE: Comercial	ACT: Facturacion	
500 Minutes	[E1]	RELEASE RESOURCES	ACT: Facturacion
500 Minutes	[E1]	RELEASED RESOURCE	[RES4]	Conductor2	ROLE: Conductor	ACT: Excavacion H8	
500 Minutes	[E1]	RELEASED RESOURCE	[RES7]	H81	ROLE: Excavadora H8	ACT: Excavacion H8	
500 Minutes	[E1]	RELEASE RESOURCES	ACT: Excavacion H8
500 Minutes	[E1]	REQUEST RESOURCES	ACT: Facturacion
500 Minutes	[E2]	CAUGHT RESOURCE	[RES4]	Conductor2	ROLE: Conductor	ACT: Excavacion H8	
500 Minutes	[E2]	CAUGHT RESOURCE	[RES7]	H81	ROLE: Excavadora H8	ACT: Excavacion H8	
500 Minutes	[E2]	ACQUIRE RESOURCES	ACT: Excavacion H8	WG: WG7 [[RT4],1] [[RT2],1]
500 Minutes	[E2]	START DELAY	ACT: Excavacion H8	WG: WG7 [[RT4],1] [[RT2],1]
500 Minutes	[E0]	CAUGHT RESOURCE	[RES6]	Comercial1	ROLE: Comercial	ACT: Facturacion	
500 Minutes	[E0]	ACQUIRE RESOURCES	ACT: Facturacion	WG: WG6 [[RT3],1]
500 Minutes	[E0]	START DELAY	ACT: Facturacion	WG: WG6 [[RT3],1]
510 Minutes	[E2]	END DELAY	ACT: Excavacion H8	WG: WG7 [[RT4],1] [[RT2],1]
510 Minutes	[E2]	RELEASED RESOURCE	[RES4]	Conductor2	ROLE: Conductor	ACT: Excavacion H8	
510 Minutes	[E2]	RELEASED RESOURCE	[RES7]	H81	ROLE: Excavadora H8	ACT: Excavacion H8	
510 Minutes	[E2]	RELEASE RESOURCES	ACT: Excavacion H8
510 Minutes	[E2]	REQUEST RESOURCES	ACT: Facturacion
515 Minutes	[E0]	END DELAY	ACT: Facturacion	WG: WG6 [[RT3],1]
515 Minutes	[E0]	RELEASED RESOURCE	[RES6]	Comercial1	ROLE: Comercial	ACT: Facturacion	
515 Minutes	[E0]	RELEASE RESOURCES	ACT: Facturacion
515 Minutes	[E0]	ELEMENT FINISH	ET: Excavacion
515 Minutes	[E2]	CAUGHT RESOURCE	[RES6]	Comercial1	ROLE: Comercial	ACT: Facturacion	
515 Minutes	[E2]	ACQUIRE RESOURCES	ACT: Facturacion	WG: WG6 [[RT3],1]
515 Minutes	[E2]	START DELAY	ACT: Facturacion	WG: WG6 [[RT3],1]
530 Minutes	[E2]	END DELAY	ACT: Facturacion	WG: WG6 [[RT3],1]
530 Minutes	[E2]	RELEASED RESOURCE	[RES6]	Comercial1	ROLE: Comercial	ACT: Facturacion	
530 Minutes	[E2]	RELEASE RESOURCES	ACT: Facturacion
530 Minutes	[E1]	CAUGHT RESOURCE	[RES6]	Comercial1	ROLE: Comercial	ACT: Facturacion	
530 Minutes	[E1]	ACQUIRE RESOURCES	ACT: Facturacion	WG: WG6 [[RT3],1]
530 Minutes	[E1]	START DELAY	ACT: Facturacion	WG: WG6 [[RT3],1]
545 Minutes	[E1]	END DELAY	ACT: Facturacion	WG: WG6 [[RT3],1]
545 Minutes	[E1]	RELEASED RESOURCE	[RES6]	Comercial1	ROLE: Comercial	ACT: Facturacion	
545 Minutes	[E1]	RELEASE RESOURCES	ACT: Facturacion
545 Minutes	[E1]	ELEMENT FINISH	ET: Excavacion
545 Minutes	[E2]	CAUGHT RESOURCE	[RES6]	Comercial1	ROLE: Comercial	ACT: Facturacion	
545 Minutes	[E2]	ACQUIRE RESOURCES	ACT: Facturacion	WG: WG6 [[RT3],1]
545 Minutes	[E2]	START DELAY	ACT: Facturacion	WG: WG6 [[RT3],1]
560 Minutes	[E2]	END DELAY	ACT: Facturacion	WG: WG6 [[RT3],1]
560 Minutes	[E2]	RELEASED RESOURCE	[RES6]	Comercial1	ROLE: Comercial	ACT: Facturacion	
560 Minutes	[E2]	RELEASE RESOURCES	ACT: Facturacion
560 Minutes	[E2]	ELEMENT FINISH	ET: Excavacion
900 Minutes	[RES6]	ROLE OFF	Comercial1	RT: Comercial
900 Minutes	[RES1]	ROLE OFF	D91	RT: Excavadora D9
900 Minutes	[RES7]	ROLE OFF	H81	RT: Excavadora H8
900 Minutes	[RES4]	ROLE OFF	Conductor2	RT: Conductor
900 Minutes	[RES5]	ROLE OFF	Conductor3	RT: Conductor
900 Minutes	[RES2]	ROLE OFF	D92	RT: Excavadora D9
900 Minutes	[RES0]	ROLE OFF	Bobcat1	RT: Excavadora bobcat
900 Minutes	[RES3]	ROLE OFF	Conductor1	RT: Conductor
1440 Minutes	[SIM]	SIMULATION ENDS
CPU Time = 3 miliseconds.
]]></system-out>
  </testcase>
  <testcase name="testAllWFP(int)[6]" classname="es.ull.WFP.TestWFP" time="0.008">
    <system-out><![CDATA[0 Minutes	[SIM]	SIMULATION STARTS
0 Minutes	[E0]	ELEMENT START	ET: Emergencia
0 Minutes	[E1]	ELEMENT START	ET: Emergencia
0 Minutes	[E2]	ELEMENT START	ET: Emergencia
0 Minutes	[RES0]	RESOURCE START	Operador1
0 Minutes	[E0]	REQUEST RESOURCES	ACT: Recepcion de llamada
0 Minutes	[E1]	REQUEST RESOURCES	ACT: Recepcion de llamada
0 Minutes	[RES1]	RESOURCE START	Operador2
0 Minutes	[E2]	REQUEST RESOURCES	ACT: Recepcion de llamada
480 Minutes	[RES1]	ROLE ON	Operador2	RT: Operador
480 Minutes	[RES0]	ROLE ON	Operador1	RT: Operador
480 Minutes	[E0]	CAUGHT RESOURCE	[RES1]	Operador2	ROLE: Operador	ACT: Recepcion de llamada	
480 Minutes	[E0]	ACQUIRE RESOURCES	ACT: Recepcion de llamada	WG: WG1 [[RT0],1]
480 Minutes	[E0]	START DELAY	ACT: Recepcion de llamada	WG: WG1 [[RT0],1]
480 Minutes	[E1]	CAUGHT RESOURCE	[RES0]	Operador1	ROLE: Operador	ACT: Recepcion de llamada	
480 Minutes	[E1]	ACQUIRE RESOURCES	ACT: Recepcion de llamada	WG: WG1 [[RT0],1]
480 Minutes	[E1]	START DELAY	ACT: Recepcion de llamada	WG: WG1 [[RT0],1]
485 Minutes	[E0]	END DELAY	ACT: Recepcion de llamada	WG: WG1 [[RT0],1]
485 Minutes	[E1]	END DELAY	ACT: Recepcion de llamada	WG: WG1 [[RT0],1]
485 Minutes	[E0]	RELEASED RESOURCE	[RES1]	Operador2	ROLE: Operador	ACT: Recepcion de llamada	
485 Minutes	[E0]	RELEASE RESOURCES	ACT: Recepcion de llamada
485 Minutes	[E1]	RELEASED RESOURCE	[RES0]	Operador1	ROLE: Operador	ACT: Recepcion de llamada	
485 Minutes	[E1]	RELEASE RESOURCES	ACT: Recepcion de llamada
485 Minutes	[E0]	REQUEST RESOURCES	ACT: Envio bomberos
485 Minutes	[E1]	REQUEST RESOURCES	ACT: Envio policias
485 Minutes	[E1]	REQUEST RESOURCES	ACT: Envio bomberos
485 Minutes	[E0]	REQUEST RESOURCES	ACT: Envio policias
485 Minutes	[E2]	CAUGHT RESOURCE	[RES1]	Operador2	ROLE: Operador	ACT: Recepcion de llamada	
485 Minutes	[E2]	ACQUIRE RESOURCES	ACT: Recepcion de llamada	WG: WG1 [[RT0],1]
485 Minutes	[E2]	START DELAY	ACT: Recepcion de llamada	WG: WG1 [[RT0],1]
485 Minutes	[E0]	CAUGHT RESOURCE	[RES0]	Operador1	ROLE: Operador	ACT: Envio bomberos	
485 Minutes	[E0]	ACQUIRE RESOURCES	ACT: Envio bomberos	WG: WG4 [[RT0],1]
485 Minutes	[E0]	START DELAY	ACT: Envio bomberos	WG: WG4 [[RT0],1]
490 Minutes	[E2]	END DELAY	ACT: Recepcion de llamada	WG: WG1 [[RT0],1]
490 Minutes	[E0]	END DELAY	ACT: Envio bomberos	WG: WG4 [[RT0],1]
490 Minutes	[E2]	RELEASED RESOURCE	[RES1]	Operador2	ROLE: Operador	ACT: Recepcion de llamada	
490 Minutes	[E2]	RELEASE RESOURCES	ACT: Recepcion de llamada
490 Minutes	[E0]	RELEASED RESOURCE	[RES0]	Operador1	ROLE: Operador	ACT: Envio bomberos	
490 Minutes	[E0]	RELEASE RESOURCES	ACT: Envio bomberos
490 Minutes	[E2]	REQUEST RESOURCES	ACT: Envio policias
490 Minutes	[E2]	REQUEST RESOURCES	ACT: Envio bomberos
490 Minutes	[E1]	CAUGHT RESOURCE	[RES1]	Operador2	ROLE: Operador	ACT: Envio policias	
490 Minutes	[E1]	ACQUIRE RESOURCES	ACT: Envio policias	WG: WG2 [[RT0],1]
490 Minutes	[E1]	START DELAY	ACT: Envio policias	WG: WG2 [[RT0],1]
490 Minutes	[E1]	CAUGHT RESOURCE	[RES0]	Operador1	ROLE: Operador	ACT: Envio bomberos	
490 Minutes	[E1]	ACQUIRE RESOURCES	ACT: Envio bomberos	WG: WG4 [[RT0],1]
490 Minutes	[E1]	START DELAY	ACT: Envio bomberos	WG: WG4 [[RT0],1]
495 Minutes	[E1]	END DELAY	ACT: Envio policias	WG: WG2 [[RT0],1]
495 Minutes	[E1]	END DELAY	ACT: Envio bomberos	WG: WG4 [[RT0],1]
495 Minutes	[E1]	RELEASED RESOURCE	[RES1]	Operador2	ROLE: Operador	ACT: Envio policias	
495 Minutes	[E1]	RELEASE RESOURCES	ACT: Envio policias
495 Minutes	[E1]	RELEASED RESOURCE	[RES0]	Operador1	ROLE: Operador	ACT: Envio bomberos	
495 Minutes	[E1]	RELEASE RESOURCES	ACT: Envio bomberos
495 Minutes	[E1]	ELEMENT FINISH	ET: Emergencia
495 Minutes	[E0]	CAUGHT RESOURCE	[RES1]	Operador2	ROLE: Operador	ACT: Envio policias	
495 Minutes	[E0]	ACQUIRE RESOURCES	ACT: Envio policias	WG: WG2 [[RT0],1]
495 Minutes	[E0]	START DELAY	ACT: Envio policias	WG: WG2 [[RT0],1]
495 Minutes	[E2]	CAUGHT RESOURCE	[RES0]	Operador1	ROLE: Operador	ACT: Envio policias	
495 Minutes	[E2]	ACQUIRE RESOURCES	ACT: Envio policias	WG: WG2 [[RT0],1]
495 Minutes	[E2]	START DELAY	ACT: Envio policias	WG: WG2 [[RT0],1]
500 Minutes	[E0]	END DELAY	ACT: Envio policias	WG: WG2 [[RT0],1]
500 Minutes	[E2]	END DELAY	ACT: Envio policias	WG: WG2 [[RT0],1]
500 Minutes	[E0]	RELEASED RESOURCE	[RES1]	Operador2	ROLE: Operador	ACT: Envio policias	
500 Minutes	[E0]	RELEASE RESOURCES	ACT: Envio policias
500 Minutes	[E0]	ELEMENT FINISH	ET: Emergencia
500 Minutes	[E2]	RELEASED RESOURCE	[RES0]	Operador1	ROLE: Operador	ACT: Envio policias	
500 Minutes	[E2]	RELEASE RESOURCES	ACT: Envio policias
500 Minutes	[E2]	CAUGHT RESOURCE	[RES1]	Operador2	ROLE: Operador	ACT: Envio bomberos	
500 Minutes	[E2]	ACQUIRE RESOURCES	ACT: Envio bomberos	WG: WG4 [[RT0],1]
500 Minutes	[E2]	START DELAY	ACT: Envio bomberos	WG: WG4 [[RT0],1]
505 Minutes	[E2]	END DELAY	ACT: Envio bomberos	WG: WG4 [[RT0],1]
505 Minutes	[E2]	RELEASED RESOURCE	[RES1]	Operador2	ROLE: Operador	ACT: Envio bomberos	
505 Minutes	[E2]	RELEASE RESOURCES	ACT: Envio bomberos
505 Minutes	[E2]	ELEMENT FINISH	ET: Emergencia
900 Minutes	[RES0]	ROLE OFF	Operador1	RT: Operador
900 Minutes	[RES1]	ROLE OFF	Operador2	RT: Operador
1440 Minutes	[SIM]	SIMULATION ENDS
CPU Time = 1 miliseconds.
]]></system-out>
  </testcase>
  <testcase name="testAllWFP(int)[7]" classname="es.ull.WFP.TestWFP" time="0.009">
    <system-out><![CDATA[0 Minutes	[SIM]	SIMULATION STARTS
0 Minutes	[E0]	ELEMENT START	ET: Emergencia
0 Minutes	[E1]	ELEMENT START	ET: Emergencia
0 Minutes	[E2]	ELEMENT START	ET: Emergencia
0 Minutes	[RES0]	RESOURCE START	Operador 1
0 Minutes	[RES2]	RESOURCE START	Operador 3
0 Minutes	[RES3]	RESOURCE START	Medico 1
0 Minutes	[RES1]	RESOURCE START	Operador 2
0 Minutes	[E2]	REQUEST RESOURCES	ACT: Envio ambulancias
0 Minutes	[E0]	REQUEST RESOURCES	ACT: Envio ambulancias
0 Minutes	[E1]	REQUEST RESOURCES	ACT: Envio ambulancias
480 Minutes	[RES2]	ROLE ON	Operador 3	RT: Operador
480 Minutes	[RES1]	ROLE ON	Operador 2	RT: Operador
480 Minutes	[RES3]	ROLE ON	Medico 1	RT: Medico
480 Minutes	[RES0]	ROLE ON	Operador 1	RT: Operador
480 Minutes	[E2]	CAUGHT RESOURCE	[RES2]	Operador 3	ROLE: Operador	ACT: Envio ambulancias	
480 Minutes	[E2]	ACQUIRE RESOURCES	ACT: Envio ambulancias	WG: WG3 [[RT0],1]
480 Minutes	[E2]	START DELAY	ACT: Envio ambulancias	WG: WG3 [[RT0],1]
480 Minutes	[E0]	CAUGHT RESOURCE	[RES1]	Operador 2	ROLE: Operador	ACT: Envio ambulancias	
480 Minutes	[E0]	ACQUIRE RESOURCES	ACT: Envio ambulancias	WG: WG3 [[RT0],1]
480 Minutes	[E0]	START DELAY	ACT: Envio ambulancias	WG: WG3 [[RT0],1]
480 Minutes	[E1]	CAUGHT RESOURCE	[RES0]	Operador 1	ROLE: Operador	ACT: Envio ambulancias	
480 Minutes	[E1]	ACQUIRE RESOURCES	ACT: Envio ambulancias	WG: WG3 [[RT0],1]
480 Minutes	[E1]	START DELAY	ACT: Envio ambulancias	WG: WG3 [[RT0],1]
485 Minutes	[E2]	END DELAY	ACT: Envio ambulancias	WG: WG3 [[RT0],1]
485 Minutes	[E0]	END DELAY	ACT: Envio ambulancias	WG: WG3 [[RT0],1]
485 Minutes	[E1]	END DELAY	ACT: Envio ambulancias	WG: WG3 [[RT0],1]
485 Minutes	[E2]	RELEASED RESOURCE	[RES2]	Operador 3	ROLE: Operador	ACT: Envio ambulancias	
485 Minutes	[E2]	RELEASE RESOURCES	ACT: Envio ambulancias
485 Minutes	[E0]	RELEASED RESOURCE	[RES1]	Operador 2	ROLE: Operador	ACT: Envio ambulancias	
485 Minutes	[E0]	RELEASE RESOURCES	ACT: Envio ambulancias
485 Minutes	[E1]	RELEASED RESOURCE	[RES0]	Operador 1	ROLE: Operador	ACT: Envio ambulancias	
485 Minutes	[E1]	RELEASE RESOURCES	ACT: Envio ambulancias
485 Minutes	[E2]	REQUEST RESOURCES	ACT: Transferencia pacientes
485 Minutes	[E0]	REQUEST RESOURCES	ACT: Transferencia pacientes
485 Minutes	[E1]	REQUEST RESOURCES	ACT: Transferencia pacientes
485 Minutes	[E2]	CAUGHT RESOURCE	[RES3]	Medico 1	ROLE: Medico	ACT: Transferencia pacientes	
485 Minutes	[E2]	ACQUIRE RESOURCES	ACT: Transferencia pacientes	WG: WG5 [[RT1],1]
485 Minutes	[E2]	START DELAY	ACT: Transferencia pacientes	WG: WG5 [[RT1],1]
490 Minutes	[E2]	END DELAY	ACT: Transferencia pacientes	WG: WG5 [[RT1],1]
490 Minutes	[E2]	RELEASED RESOURCE	[RES3]	Medico 1	ROLE: Medico	ACT: Transferencia pacientes	
490 Minutes	[E2]	RELEASE RESOURCES	ACT: Transferencia pacientes
490 Minutes	[E2]	ELEMENT FINISH	ET: Emergencia
490 Minutes	[E0]	CAUGHT RESOURCE	[RES3]	Medico 1	ROLE: Medico	ACT: Transferencia pacientes	
490 Minutes	[E0]	ACQUIRE RESOURCES	ACT: Transferencia pacientes	WG: WG5 [[RT1],1]
490 Minutes	[E0]	START DELAY	ACT: Transferencia pacientes	WG: WG5 [[RT1],1]
495 Minutes	[E0]	END DELAY	ACT: Transferencia pacientes	WG: WG5 [[RT1],1]
495 Minutes	[E0]	RELEASED RESOURCE	[RES3]	Medico 1	ROLE: Medico	ACT: Transferencia pacientes	
495 Minutes	[E0]	RELEASE RESOURCES	ACT: Transferencia pacientes
495 Minutes	[E0]	ELEMENT FINISH	ET: Emergencia
495 Minutes	[E1]	CAUGHT RESOURCE	[RES3]	Medico 1	ROLE: Medico	ACT: Transferencia pacientes	
495 Minutes	[E1]	ACQUIRE RESOURCES	ACT: Transferencia pacientes	WG: WG5 [[RT1],1]
495 Minutes	[E1]	START DELAY	ACT: Transferencia pacientes	WG: WG5 [[RT1],1]
500 Minutes	[E1]	END DELAY	ACT: Transferencia pacientes	WG: WG5 [[RT1],1]
500 Minutes	[E1]	RELEASED RESOURCE	[RES3]	Medico 1	ROLE: Medico	ACT: Transferencia pacientes	
500 Minutes	[E1]	RELEASE RESOURCES	ACT: Transferencia pacientes
500 Minutes	[E1]	ELEMENT FINISH	ET: Emergencia
900 Minutes	[RES3]	ROLE OFF	Medico 1	RT: Medico
900 Minutes	[RES0]	ROLE OFF	Operador 1	RT: Operador
900 Minutes	[RES2]	ROLE OFF	Operador 3	RT: Operador
900 Minutes	[RES1]	ROLE OFF	Operador 2	RT: Operador
1440 Minutes	[SIM]	SIMULATION ENDS
CPU Time = 1 miliseconds.
]]></system-out>
  </testcase>
  <testcase name="testAllWFP(int)[8]" classname="es.ull.WFP.TestWFP" time="0.011">
    <system-out><![CDATA[0 Minutes	[SIM]	SIMULATION STARTS
0 Minutes	[E0]	ELEMENT START	ET: Remesa productos
0 Minutes	[E1]	ELEMENT START	ET: Remesa productos
0 Minutes	[E2]	ELEMENT START	ET: Remesa productos
0 Minutes	[RES0]	RESOURCE START	Maquina1
0 Minutes	[RES2]	RESOURCE START	Empleado1
0 Minutes	[RES1]	RESOURCE START	Maquina2
0 Minutes	[E0]	REQUEST RESOURCES	ACT: Crear destornilladores
0 Minutes	[E0]	REQUEST RESOURCES	ACT: Crear llaves
0 Minutes	[E0]	REQUEST RESOURCES	ACT: Crear niveladores
0 Minutes	[E1]	REQUEST RESOURCES	ACT: Crear llaves
0 Minutes	[E2]	REQUEST RESOURCES	ACT: Crear niveladores
0 Minutes	[E1]	REQUEST RESOURCES	ACT: Crear niveladores
0 Minutes	[E2]	REQUEST RESOURCES	ACT: Crear destornilladores
0 Minutes	[E2]	REQUEST RESOURCES	ACT: Crear llaves
0 Minutes	[E1]	REQUEST RESOURCES	ACT: Crear destornilladores
480 Minutes	[RES1]	ROLE ON	Maquina2	RT: Maquina productora
480 Minutes	[RES0]	ROLE ON	Maquina1	RT: Maquina productora
480 Minutes	[RES2]	ROLE ON	Empleado1	RT: Empleados
480 Minutes	[E0]	CAUGHT RESOURCE	[RES1]	Maquina2	ROLE: Maquina productora	ACT: Crear destornilladores	
480 Minutes	[E0]	ACQUIRE RESOURCES	ACT: Crear destornilladores	WG: WG2 [[RT0],1]
480 Minutes	[E0]	START DELAY	ACT: Crear destornilladores	WG: WG2 [[RT0],1]
480 Minutes	[E0]	CAUGHT RESOURCE	[RES0]	Maquina1	ROLE: Maquina productora	ACT: Crear llaves	
480 Minutes	[E0]	ACQUIRE RESOURCES	ACT: Crear llaves	WG: WG3 [[RT0],1]
480 Minutes	[E0]	START DELAY	ACT: Crear llaves	WG: WG3 [[RT0],1]
495 Minutes	[E0]	END DELAY	ACT: Crear destornilladores	WG: WG2 [[RT0],1]
495 Minutes	[E0]	END DELAY	ACT: Crear llaves	WG: WG3 [[RT0],1]
495 Minutes	[E0]	RELEASED RESOURCE	[RES1]	Maquina2	ROLE: Maquina productora	ACT: Crear destornilladores	
495 Minutes	[E0]	RELEASE RESOURCES	ACT: Crear destornilladores
495 Minutes	[E0]	RELEASED RESOURCE	[RES0]	Maquina1	ROLE: Maquina productora	ACT: Crear llaves	
495 Minutes	[E0]	RELEASE RESOURCES	ACT: Crear llaves
495 Minutes	[E0]	REQUEST RESOURCES	ACT: Control de calidad
495 Minutes	[E0]	REQUEST RESOURCES	ACT: Control de calidad
495 Minutes	[E0]	CAUGHT RESOURCE	[RES1]	Maquina2	ROLE: Maquina productora	ACT: Crear niveladores	
495 Minutes	[E0]	ACQUIRE RESOURCES	ACT: Crear niveladores	WG: WG4 [[RT0],1]
495 Minutes	[E0]	START DELAY	ACT: Crear niveladores	WG: WG4 [[RT0],1]
495 Minutes	[E1]	CAUGHT RESOURCE	[RES0]	Maquina1	ROLE: Maquina productora	ACT: Crear llaves	
495 Minutes	[E1]	ACQUIRE RESOURCES	ACT: Crear llaves	WG: WG3 [[RT0],1]
495 Minutes	[E1]	START DELAY	ACT: Crear llaves	WG: WG3 [[RT0],1]
495 Minutes	[E0]	CAUGHT RESOURCE	[RES2]	Empleado1	ROLE: Empleados	ACT: Control de calidad	
495 Minutes	[E0]	ACQUIRE RESOURCES	ACT: Control de calidad	WG: WG5 [[RT1],1]
495 Minutes	[E0]	START DELAY	ACT: Control de calidad	WG: WG5 [[RT1],1]
505 Minutes	[E0]	END DELAY	ACT: Crear niveladores	WG: WG4 [[RT0],1]
505 Minutes	[E0]	RELEASED RESOURCE	[RES1]	Maquina2	ROLE: Maquina productora	ACT: Crear niveladores	
505 Minutes	[E0]	RELEASE RESOURCES	ACT: Crear niveladores
505 Minutes	[E0]	REQUEST RESOURCES	ACT: Control de calidad
505 Minutes	[E2]	CAUGHT RESOURCE	[RES1]	Maquina2	ROLE: Maquina productora	ACT: Crear niveladores	
505 Minutes	[E2]	ACQUIRE RESOURCES	ACT: Crear niveladores	WG: WG4 [[RT0],1]
505 Minutes	[E2]	START DELAY	ACT: Crear niveladores	WG: WG4 [[RT0],1]
510 Minutes	[E0]	END DELAY	ACT: Control de calidad	WG: WG5 [[RT1],1]
510 Minutes	[E1]	END DELAY	ACT: Crear llaves	WG: WG3 [[RT0],1]
510 Minutes	[E0]	RELEASED RESOURCE	[RES2]	Empleado1	ROLE: Empleados	ACT: Control de calidad	
510 Minutes	[E0]	RELEASE RESOURCES	ACT: Control de calidad
510 Minutes	[E1]	RELEASED RESOURCE	[RES0]	Maquina1	ROLE: Maquina productora	ACT: Crear llaves	
510 Minutes	[E1]	RELEASE RESOURCES	ACT: Crear llaves
510 Minutes	[E1]	REQUEST RESOURCES	ACT: Control de calidad
510 Minutes	[E1]	CAUGHT RESOURCE	[RES0]	Maquina1	ROLE: Maquina productora	ACT: Crear niveladores	
510 Minutes	[E1]	ACQUIRE RESOURCES	ACT: Crear niveladores	WG: WG4 [[RT0],1]
510 Minutes	[E1]	START DELAY	ACT: Crear niveladores	WG: WG4 [[RT0],1]
510 Minutes	[E0]	CAUGHT RESOURCE	[RES2]	Empleado1	ROLE: Empleados	ACT: Control de calidad	
510 Minutes	[E0]	ACQUIRE RESOURCES	ACT: Control de calidad	WG: WG5 [[RT1],1]
510 Minutes	[E0]	START DELAY	ACT: Control de calidad	WG: WG5 [[RT1],1]
515 Minutes	[E2]	END DELAY	ACT: Crear niveladores	WG: WG4 [[RT0],1]
515 Minutes	[E2]	RELEASED RESOURCE	[RES1]	Maquina2	ROLE: Maquina productora	ACT: Crear niveladores	
515 Minutes	[E2]	RELEASE RESOURCES	ACT: Crear niveladores
515 Minutes	[E2]	REQUEST RESOURCES	ACT: Control de calidad
515 Minutes	[E2]	CAUGHT RESOURCE	[RES1]	Maquina2	ROLE: Maquina productora	ACT: Crear destornilladores	
515 Minutes	[E2]	ACQUIRE RESOURCES	ACT: Crear destornilladores	WG: WG2 [[RT0],1]
515 Minutes	[E2]	START DELAY	ACT: Crear destornilladores	WG: WG2 [[RT0],1]
520 Minutes	[E1]	END DELAY	ACT: Crear niveladores	WG: WG4 [[RT0],1]
520 Minutes	[E1]	RELEASED RESOURCE	[RES0]	Maquina1	ROLE: Maquina productora	ACT: Crear niveladores	
520 Minutes	[E1]	RELEASE RESOURCES	ACT: Crear niveladores
520 Minutes	[E1]	REQUEST RESOURCES	ACT: Control de calidad
520 Minutes	[E2]	CAUGHT RESOURCE	[RES0]	Maquina1	ROLE: Maquina productora	ACT: Crear llaves	
520 Minutes	[E2]	ACQUIRE RESOURCES	ACT: Crear llaves	WG: WG3 [[RT0],1]
520 Minutes	[E2]	START DELAY	ACT: Crear llaves	WG: WG3 [[RT0],1]
525 Minutes	[E0]	END DELAY	ACT: Control de calidad	WG: WG5 [[RT1],1]
525 Minutes	[E0]	RELEASED RESOURCE	[RES2]	Empleado1	ROLE: Empleados	ACT: Control de calidad	
525 Minutes	[E0]	RELEASE RESOURCES	ACT: Control de calidad
525 Minutes	[E0]	CAUGHT RESOURCE	[RES2]	Empleado1	ROLE: Empleados	ACT: Control de calidad	
525 Minutes	[E0]	ACQUIRE RESOURCES	ACT: Control de calidad	WG: WG5 [[RT1],1]
525 Minutes	[E0]	START DELAY	ACT: Control de calidad	WG: WG5 [[RT1],1]
530 Minutes	[E2]	END DELAY	ACT: Crear destornilladores	WG: WG2 [[RT0],1]
530 Minutes	[E2]	RELEASED RESOURCE	[RES1]	Maquina2	ROLE: Maquina productora	ACT: Crear destornilladores	
530 Minutes	[E2]	RELEASE RESOURCES	ACT: Crear destornilladores
530 Minutes	[E2]	REQUEST RESOURCES	ACT: Control de calidad
530 Minutes	[E1]	CAUGHT RESOURCE	[RES1]	Maquina2	ROLE: Maquina productora	ACT: Crear destornilladores	
530 Minutes	[E1]	ACQUIRE RESOURCES	ACT: Crear destornilladores	WG: WG2 [[RT0],1]
530 Minutes	[E1]	START DELAY	ACT: Crear destornilladores	WG: WG2 [[RT0],1]
535 Minutes	[E2]	END DELAY	ACT: Crear llaves	WG: WG3 [[RT0],1]
535 Minutes	[E2]	RELEASED RESOURCE	[RES0]	Maquina1	ROLE: Maquina productora	ACT: Crear llaves	
535 Minutes	[E2]	RELEASE RESOURCES	ACT: Crear llaves
535 Minutes	[E2]	REQUEST RESOURCES	ACT: Control de calidad
540 Minutes	[E0]	END DELAY	ACT: Control de calidad	WG: WG5 [[RT1],1]
540 Minutes	[E0]	RELEASED RESOURCE	[RES2]	Empleado1	ROLE: Empleados	ACT: Control de calidad	
540 Minutes	[E0]	RELEASE RESOURCES	ACT: Control de calidad
540 Minutes	[E0]	ELEMENT FINISH	ET: Remesa productos
540 Minutes	[E1]	CAUGHT RESOURCE	[RES2]	Empleado1	ROLE: Empleados	ACT: Control de calidad	
540 Minutes	[E1]	ACQUIRE RESOURCES	ACT: Control de calidad	WG: WG5 [[RT1],1]
540 Minutes	[E1]	START DELAY	ACT: Control de calidad	WG: WG5 [[RT1],1]
545 Minutes	[E1]	END DELAY	ACT: Crear destornilladores	WG: WG2 [[RT0],1]
545 Minutes	[E1]	RELEASED RESOURCE	[RES1]	Maquina2	ROLE: Maquina productora	ACT: Crear destornilladores	
545 Minutes	[E1]	RELEASE RESOURCES	ACT: Crear destornilladores
545 Minutes	[E1]	REQUEST RESOURCES	ACT: Control de calidad
555 Minutes	[E1]	END DELAY	ACT: Control de calidad	WG: WG5 [[RT1],1]
555 Minutes	[E1]	RELEASED RESOURCE	[RES2]	Empleado1	ROLE: Empleados	ACT: Control de calidad	
555 Minutes	[E1]	RELEASE RESOURCES	ACT: Control de calidad
555 Minutes	[E2]	CAUGHT RESOURCE	[RES2]	Empleado1	ROLE: Empleados	ACT: Control de calidad	
555 Minutes	[E2]	ACQUIRE RESOURCES	ACT: Control de calidad	WG: WG5 [[RT1],1]
555 Minutes	[E2]	START DELAY	ACT: Control de calidad	WG: WG5 [[RT1],1]
570 Minutes	[E2]	END DELAY	ACT: Control de calidad	WG: WG5 [[RT1],1]
570 Minutes	[E2]	RELEASED RESOURCE	[RES2]	Empleado1	ROLE: Empleados	ACT: Control de calidad	
570 Minutes	[E2]	RELEASE RESOURCES	ACT: Control de calidad
570 Minutes	[E1]	CAUGHT RESOURCE	[RES2]	Empleado1	ROLE: Empleados	ACT: Control de calidad	
570 Minutes	[E1]	ACQUIRE RESOURCES	ACT: Control de calidad	WG: WG5 [[RT1],1]
570 Minutes	[E1]	START DELAY	ACT: Control de calidad	WG: WG5 [[RT1],1]
585 Minutes	[E1]	END DELAY	ACT: Control de calidad	WG: WG5 [[RT1],1]
585 Minutes	[E1]	RELEASED RESOURCE	[RES2]	Empleado1	ROLE: Empleados	ACT: Control de calidad	
585 Minutes	[E1]	RELEASE RESOURCES	ACT: Control de calidad
585 Minutes	[E2]	CAUGHT RESOURCE	[RES2]	Empleado1	ROLE: Empleados	ACT: Control de calidad	
585 Minutes	[E2]	ACQUIRE RESOURCES	ACT: Control de calidad	WG: WG5 [[RT1],1]
585 Minutes	[E2]	START DELAY	ACT: Control de calidad	WG: WG5 [[RT1],1]
600 Minutes	[E2]	END DELAY	ACT: Control de calidad	WG: WG5 [[RT1],1]
600 Minutes	[E2]	RELEASED RESOURCE	[RES2]	Empleado1	ROLE: Empleados	ACT: Control de calidad	
600 Minutes	[E2]	RELEASE RESOURCES	ACT: Control de calidad
600 Minutes	[E2]	CAUGHT RESOURCE	[RES2]	Empleado1	ROLE: Empleados	ACT: Control de calidad	
600 Minutes	[E2]	ACQUIRE RESOURCES	ACT: Control de calidad	WG: WG5 [[RT1],1]
600 Minutes	[E2]	START DELAY	ACT: Control de calidad	WG: WG5 [[RT1],1]
615 Minutes	[E2]	END DELAY	ACT: Control de calidad	WG: WG5 [[RT1],1]
615 Minutes	[E2]	RELEASED RESOURCE	[RES2]	Empleado1	ROLE: Empleados	ACT: Control de calidad	
615 Minutes	[E2]	RELEASE RESOURCES	ACT: Control de calidad
615 Minutes	[E2]	ELEMENT FINISH	ET: Remesa productos
615 Minutes	[E1]	CAUGHT RESOURCE	[RES2]	Empleado1	ROLE: Empleados	ACT: Control de calidad	
615 Minutes	[E1]	ACQUIRE RESOURCES	ACT: Control de calidad	WG: WG5 [[RT1],1]
615 Minutes	[E1]	START DELAY	ACT: Control de calidad	WG: WG5 [[RT1],1]
630 Minutes	[E1]	END DELAY	ACT: Control de calidad	WG: WG5 [[RT1],1]
630 Minutes	[E1]	RELEASED RESOURCE	[RES2]	Empleado1	ROLE: Empleados	ACT: Control de calidad	
630 Minutes	[E1]	RELEASE RESOURCES	ACT: Control de calidad
630 Minutes	[E1]	ELEMENT FINISH	ET: Remesa productos
900 Minutes	[RES2]	ROLE OFF	Empleado1	RT: Empleados
900 Minutes	[RES1]	ROLE OFF	Maquina2	RT: Maquina productora
900 Minutes	[RES0]	ROLE OFF	Maquina1	RT: Maquina productora
1440 Minutes	[SIM]	SIMULATION ENDS
CPU Time = 5 miliseconds.
]]></system-out>
  </testcase>
  <testcase name="testAllWFP(int)[9]" classname="es.ull.WFP.TestWFP" time="0.006">
    <system-out><![CDATA[0 Minutes	[SIM]	SIMULATION STARTS
0 Minutes	[E0]	ELEMENT START	ET: Paciente
0 Minutes	[E1]	ELEMENT START	ET: Paciente
0 Minutes	[E2]	ELEMENT START	ET: Paciente
0 Minutes	[RES0]	RESOURCE START	Doctor 1
0 Minutes	[E0]	REQUEST RESOURCES	ACT: Comprobar pulso
0 Minutes	[E1]	REQUEST RESOURCES	ACT: Comprobar respiracion
0 Minutes	[E1]	REQUEST RESOURCES	ACT: Comprobar pulso
0 Minutes	[E0]	REQUEST RESOURCES	ACT: Comprobar respiracion
0 Minutes	[RES1]	RESOURCE START	Doctor 2
0 Minutes	[E2]	REQUEST RESOURCES	ACT: Comprobar respiracion
0 Minutes	[E2]	REQUEST RESOURCES	ACT: Comprobar pulso
480 Minutes	[RES0]	ROLE ON	Doctor 1	RT: Doctor
480 Minutes	[RES1]	ROLE ON	Doctor 2	RT: Doctor
480 Minutes	[E0]	CAUGHT RESOURCE	[RES0]	Doctor 1	ROLE: Doctor	ACT: Comprobar pulso	
480 Minutes	[E0]	ACQUIRE RESOURCES	ACT: Comprobar pulso	WG: WG2 [[RT0],1]
480 Minutes	[E0]	START DELAY	ACT: Comprobar pulso	WG: WG2 [[RT0],1]
480 Minutes	[E1]	CAUGHT RESOURCE	[RES1]	Doctor 2	ROLE: Doctor	ACT: Comprobar respiracion	
480 Minutes	[E1]	ACQUIRE RESOURCES	ACT: Comprobar respiracion	WG: WG1 [[RT0],1]
480 Minutes	[E1]	START DELAY	ACT: Comprobar respiracion	WG: WG1 [[RT0],1]
485 Minutes	[E1]	END DELAY	ACT: Comprobar respiracion	WG: WG1 [[RT0],1]
485 Minutes	[E1]	RELEASED RESOURCE	[RES1]	Doctor 2	ROLE: Doctor	ACT: Comprobar respiracion	
485 Minutes	[E1]	RELEASE RESOURCES	ACT: Comprobar respiracion
485 Minutes	[E1]	CAUGHT RESOURCE	[RES1]	Doctor 2	ROLE: Doctor	ACT: Comprobar pulso	
485 Minutes	[E1]	ACQUIRE RESOURCES	ACT: Comprobar pulso	WG: WG2 [[RT0],1]
485 Minutes	[E1]	START DELAY	ACT: Comprobar pulso	WG: WG2 [[RT0],1]
490 Minutes	[E0]	END DELAY	ACT: Comprobar pulso	WG: WG2 [[RT0],1]
490 Minutes	[E0]	RELEASED RESOURCE	[RES0]	Doctor 1	ROLE: Doctor	ACT: Comprobar pulso	
490 Minutes	[E0]	RELEASE RESOURCES	ACT: Comprobar pulso
490 Minutes	[E0]	CAUGHT RESOURCE	[RES0]	Doctor 1	ROLE: Doctor	ACT: Comprobar respiracion	
490 Minutes	[E0]	ACQUIRE RESOURCES	ACT: Comprobar respiracion	WG: WG1 [[RT0],1]
490 Minutes	[E0]	START DELAY	ACT: Comprobar respiracion	WG: WG1 [[RT0],1]
495 Minutes	[E1]	END DELAY	ACT: Comprobar pulso	WG: WG2 [[RT0],1]
495 Minutes	[E0]	END DELAY	ACT: Comprobar respiracion	WG: WG1 [[RT0],1]
495 Minutes	[E1]	RELEASED RESOURCE	[RES1]	Doctor 2	ROLE: Doctor	ACT: Comprobar pulso	
495 Minutes	[E1]	RELEASE RESOURCES	ACT: Comprobar pulso
495 Minutes	[E0]	RELEASED RESOURCE	[RES0]	Doctor 1	ROLE: Doctor	ACT: Comprobar respiracion	
495 Minutes	[E0]	RELEASE RESOURCES	ACT: Comprobar respiracion
495 Minutes	[E1]	REQUEST RESOURCES	ACT: Masaje cardiaco
495 Minutes	[E0]	REQUEST RESOURCES	ACT: Masaje cardiaco
495 Minutes	[E2]	CAUGHT RESOURCE	[RES0]	Doctor 1	ROLE: Doctor	ACT: Comprobar respiracion	
495 Minutes	[E2]	ACQUIRE RESOURCES	ACT: Comprobar respiracion	WG: WG1 [[RT0],1]
495 Minutes	[E2]	START DELAY	ACT: Comprobar respiracion	WG: WG1 [[RT0],1]
495 Minutes	[E2]	CAUGHT RESOURCE	[RES1]	Doctor 2	ROLE: Doctor	ACT: Comprobar pulso	
495 Minutes	[E2]	ACQUIRE RESOURCES	ACT: Comprobar pulso	WG: WG2 [[RT0],1]
495 Minutes	[E2]	START DELAY	ACT: Comprobar pulso	WG: WG2 [[RT0],1]
500 Minutes	[E2]	END DELAY	ACT: Comprobar respiracion	WG: WG1 [[RT0],1]
500 Minutes	[E2]	RELEASED RESOURCE	[RES0]	Doctor 1	ROLE: Doctor	ACT: Comprobar respiracion	
500 Minutes	[E2]	RELEASE RESOURCES	ACT: Comprobar respiracion
500 Minutes	[E1]	CAUGHT RESOURCE	[RES0]	Doctor 1	ROLE: Doctor	ACT: Masaje cardiaco	
500 Minutes	[E1]	ACQUIRE RESOURCES	ACT: Masaje cardiaco	WG: WG3 [[RT0],1]
500 Minutes	[E1]	START DELAY	ACT: Masaje cardiaco	WG: WG3 [[RT0],1]
505 Minutes	[E2]	END DELAY	ACT: Comprobar pulso	WG: WG2 [[RT0],1]
505 Minutes	[E2]	RELEASED RESOURCE	[RES1]	Doctor 2	ROLE: Doctor	ACT: Comprobar pulso	
505 Minutes	[E2]	RELEASE RESOURCES	ACT: Comprobar pulso
505 Minutes	[E2]	REQUEST RESOURCES	ACT: Masaje cardiaco
505 Minutes	[E0]	CAUGHT RESOURCE	[RES1]	Doctor 2	ROLE: Doctor	ACT: Masaje cardiaco	
505 Minutes	[E0]	ACQUIRE RESOURCES	ACT: Masaje cardiaco	WG: WG3 [[RT0],1]
505 Minutes	[E0]	START DELAY	ACT: Masaje cardiaco	WG: WG3 [[RT0],1]
515 Minutes	[E1]	END DELAY	ACT: Masaje cardiaco	WG: WG3 [[RT0],1]
515 Minutes	[E1]	RELEASED RESOURCE	[RES0]	Doctor 1	ROLE: Doctor	ACT: Masaje cardiaco	
515 Minutes	[E1]	RELEASE RESOURCES	ACT: Masaje cardiaco
515 Minutes	[E1]	ELEMENT FINISH	ET: Paciente
515 Minutes	[E2]	CAUGHT RESOURCE	[RES0]	Doctor 1	ROLE: Doctor	ACT: Masaje cardiaco	
515 Minutes	[E2]	ACQUIRE RESOURCES	ACT: Masaje cardiaco	WG: WG3 [[RT0],1]
515 Minutes	[E2]	START DELAY	ACT: Masaje cardiaco	WG: WG3 [[RT0],1]
520 Minutes	[E0]	END DELAY	ACT: Masaje cardiaco	WG: WG3 [[RT0],1]
520 Minutes	[E0]	RELEASED RESOURCE	[RES1]	Doctor 2	ROLE: Doctor	ACT: Masaje cardiaco	
520 Minutes	[E0]	RELEASE RESOURCES	ACT: Masaje cardiaco
520 Minutes	[E0]	ELEMENT FINISH	ET: Paciente
530 Minutes	[E2]	END DELAY	ACT: Masaje cardiaco	WG: WG3 [[RT0],1]
530 Minutes	[E2]	RELEASED RESOURCE	[RES0]	Doctor 1	ROLE: Doctor	ACT: Masaje cardiaco	
530 Minutes	[E2]	RELEASE RESOURCES	ACT: Masaje cardiaco
530 Minutes	[E2]	ELEMENT FINISH	ET: Paciente
900 Minutes	[RES0]	ROLE OFF	Doctor 1	RT: Doctor
900 Minutes	[RES1]	ROLE OFF	Doctor 2	RT: Doctor
1440 Minutes	[SIM]	SIMULATION ENDS
CPU Time = 1 miliseconds.
]]></system-out>
  </testcase>
  <testcase name="testAllWFP(int)[10]" classname="es.ull.WFP.TestWFP" time="0.011">
    <system-out><![CDATA[0 Minutes	[SIM]	SIMULATION STARTS
0 Minutes	[E0]	ELEMENT START	ET: Client
0 Minutes	[E1]	ELEMENT START	ET: Client
0 Minutes	[E2]	ELEMENT START	ET: Client
0 Minutes	[RES0]	RESOURCE START	Operator1
0 Minutes	[RES2]	RESOURCE START	Special_operator1
0 Minutes	[RES1]	RESOURCE START	Operator1
0 Minutes	[E0]	REQUEST RESOURCES	ACT: Fill bin
0 Minutes	[E1]	REQUEST RESOURCES	ACT: Fill bin
0 Minutes	[E2]	REQUEST RESOURCES	ACT: Fill bin
480 Minutes	[RES2]	ROLE ON	Special_operator1	RT: Special operator
480 Minutes	[RES0]	ROLE ON	Operator1	RT: Operator
480 Minutes	[RES1]	ROLE ON	Operator1	RT: Operator
480 Minutes	[E0]	CAUGHT RESOURCE	[RES0]	Operator1	ROLE: Operator	ACT: Fill bin	
480 Minutes	[E0]	ACQUIRE RESOURCES	ACT: Fill bin	WG: WG1 [[RT0],1]
480 Minutes	[E1]	CAUGHT RESOURCE	[RES1]	Operator1	ROLE: Operator	ACT: Fill bin	
480 Minutes	[E1]	ACQUIRE RESOURCES	ACT: Fill bin	WG: WG1 [[RT0],1]
480 Minutes	[E0]	RELEASED RESOURCE	[RES0]	Operator1	ROLE: Operator	ACT: Fill bin	
480 Minutes	[E0]	RELEASE RESOURCES	ACT: Fill bin
480 Minutes	[E1]	RELEASED RESOURCE	[RES1]	Operator1	ROLE: Operator	ACT: Fill bin	
480 Minutes	[E1]	RELEASE RESOURCES	ACT: Fill bin
480 Minutes	[E1]	REQUEST RESOURCES	ACT: Fill bin
480 Minutes	[E0]	REQUEST RESOURCES	ACT: Fill bin
480 Minutes	[E2]	CAUGHT RESOURCE	[RES0]	Operator1	ROLE: Operator	ACT: Fill bin	
480 Minutes	[E2]	ACQUIRE RESOURCES	ACT: Fill bin	WG: WG1 [[RT0],1]
480 Minutes	[E1]	CAUGHT RESOURCE	[RES1]	Operator1	ROLE: Operator	ACT: Fill bin	
480 Minutes	[E1]	ACQUIRE RESOURCES	ACT: Fill bin	WG: WG1 [[RT0],1]
480 Minutes	[E2]	RELEASED RESOURCE	[RES0]	Operator1	ROLE: Operator	ACT: Fill bin	
480 Minutes	[E2]	RELEASE RESOURCES	ACT: Fill bin
480 Minutes	[E1]	RELEASED RESOURCE	[RES1]	Operator1	ROLE: Operator	ACT: Fill bin	
480 Minutes	[E1]	RELEASE RESOURCES	ACT: Fill bin
480 Minutes	[E1]	REQUEST RESOURCES	ACT: Fill bin
480 Minutes	[E2]	REQUEST RESOURCES	ACT: Fill bin
480 Minutes	[E0]	CAUGHT RESOURCE	[RES0]	Operator1	ROLE: Operator	ACT: Fill bin	
480 Minutes	[E0]	ACQUIRE RESOURCES	ACT: Fill bin	WG: WG1 [[RT0],1]
480 Minutes	[E1]	CAUGHT RESOURCE	[RES1]	Operator1	ROLE: Operator	ACT: Fill bin	
480 Minutes	[E1]	ACQUIRE RESOURCES	ACT: Fill bin	WG: WG1 [[RT0],1]
480 Minutes	[E0]	RELEASED RESOURCE	[RES0]	Operator1	ROLE: Operator	ACT: Fill bin	
480 Minutes	[E0]	RELEASE RESOURCES	ACT: Fill bin
480 Minutes	[E1]	RELEASED RESOURCE	[RES1]	Operator1	ROLE: Operator	ACT: Fill bin	
480 Minutes	[E1]	RELEASE RESOURCES	ACT: Fill bin
480 Minutes	[E1]	REQUEST RESOURCES	ACT: Fill bin
480 Minutes	[E0]	REQUEST RESOURCES	ACT: Fill bin
480 Minutes	[E2]	CAUGHT RESOURCE	[RES0]	Operator1	ROLE: Operator	ACT: Fill bin	
480 Minutes	[E2]	ACQUIRE RESOURCES	ACT: Fill bin	WG: WG1 [[RT0],1]
480 Minutes	[E1]	CAUGHT RESOURCE	[RES1]	Operator1	ROLE: Operator	ACT: Fill bin	
480 Minutes	[E1]	ACQUIRE RESOURCES	ACT: Fill bin	WG: WG1 [[RT0],1]
480 Minutes	[E2]	RELEASED RESOURCE	[RES0]	Operator1	ROLE: Operator	ACT: Fill bin	
480 Minutes	[E2]	RELEASE RESOURCES	ACT: Fill bin
480 Minutes	[E1]	RELEASED RESOURCE	[RES1]	Operator1	ROLE: Operator	ACT: Fill bin	
480 Minutes	[E1]	RELEASE RESOURCES	ACT: Fill bin
480 Minutes	[E2]	REQUEST RESOURCES	ACT: Sent bin
480 Minutes	[E1]	REQUEST RESOURCES	ACT: Sent bin
480 Minutes	[E0]	CAUGHT RESOURCE	[RES0]	Operator1	ROLE: Operator	ACT: Fill bin	
480 Minutes	[E0]	ACQUIRE RESOURCES	ACT: Fill bin	WG: WG1 [[RT0],1]
480 Minutes	[E2]	CAUGHT RESOURCE	[RES1]	Operator1	ROLE: Operator	ACT: Sent bin	
480 Minutes	[E2]	ACQUIRE RESOURCES	ACT: Sent bin	WG: WG2 [[RT0],1]
480 Minutes	[E0]	RELEASED RESOURCE	[RES0]	Operator1	ROLE: Operator	ACT: Fill bin	
480 Minutes	[E0]	RELEASE RESOURCES	ACT: Fill bin
480 Minutes	[E2]	RELEASED RESOURCE	[RES1]	Operator1	ROLE: Operator	ACT: Sent bin	
480 Minutes	[E2]	RELEASE RESOURCES	ACT: Sent bin
480 Minutes	[E2]	ELEMENT FINISH	ET: Client
480 Minutes	[E0]	REQUEST RESOURCES	ACT: Fill bin
480 Minutes	[E1]	CAUGHT RESOURCE	[RES0]	Operator1	ROLE: Operator	ACT: Sent bin	
480 Minutes	[E1]	ACQUIRE RESOURCES	ACT: Sent bin	WG: WG2 [[RT0],1]
480 Minutes	[E0]	CAUGHT RESOURCE	[RES1]	Operator1	ROLE: Operator	ACT: Fill bin	
480 Minutes	[E0]	ACQUIRE RESOURCES	ACT: Fill bin	WG: WG1 [[RT0],1]
480 Minutes	[E1]	RELEASED RESOURCE	[RES0]	Operator1	ROLE: Operator	ACT: Sent bin	
480 Minutes	[E1]	RELEASE RESOURCES	ACT: Sent bin
480 Minutes	[E1]	ELEMENT FINISH	ET: Client
480 Minutes	[E0]	RELEASED RESOURCE	[RES1]	Operator1	ROLE: Operator	ACT: Fill bin	
480 Minutes	[E0]	RELEASE RESOURCES	ACT: Fill bin
480 Minutes	[E0]	REQUEST RESOURCES	ACT: Fill bin
480 Minutes	[E0]	CAUGHT RESOURCE	[RES0]	Operator1	ROLE: Operator	ACT: Fill bin	
480 Minutes	[E0]	ACQUIRE RESOURCES	ACT: Fill bin	WG: WG1 [[RT0],1]
480 Minutes	[E0]	RELEASED RESOURCE	[RES0]	Operator1	ROLE: Operator	ACT: Fill bin	
480 Minutes	[E0]	RELEASE RESOURCES	ACT: Fill bin
480 Minutes	[E0]	REQUEST RESOURCES	ACT: Fill bin
480 Minutes	[E0]	CAUGHT RESOURCE	[RES0]	Operator1	ROLE: Operator	ACT: Fill bin	
480 Minutes	[E0]	ACQUIRE RESOURCES	ACT: Fill bin	WG: WG1 [[RT0],1]
480 Minutes	[E0]	RELEASED RESOURCE	[RES0]	Operator1	ROLE: Operator	ACT: Fill bin	
480 Minutes	[E0]	RELEASE RESOURCES	ACT: Fill bin
480 Minutes	[E0]	REQUEST RESOURCES	ACT: Fill bin
480 Minutes	[E0]	CAUGHT RESOURCE	[RES0]	Operator1	ROLE: Operator	ACT: Fill bin	
480 Minutes	[E0]	ACQUIRE RESOURCES	ACT: Fill bin	WG: WG1 [[RT0],1]
480 Minutes	[E0]	RELEASED RESOURCE	[RES0]	Operator1	ROLE: Operator	ACT: Fill bin	
480 Minutes	[E0]	RELEASE RESOURCES	ACT: Fill bin
480 Minutes	[E0]	REQUEST RESOURCES	ACT: Fill bin
480 Minutes	[E0]	CAUGHT RESOURCE	[RES0]	Operator1	ROLE: Operator	ACT: Fill bin	
480 Minutes	[E0]	ACQUIRE RESOURCES	ACT: Fill bin	WG: WG1 [[RT0],1]
480 Minutes	[E0]	RELEASED RESOURCE	[RES0]	Operator1	ROLE: Operator	ACT: Fill bin	
480 Minutes	[E0]	RELEASE RESOURCES	ACT: Fill bin
480 Minutes	[E0]	REQUEST RESOURCES	ACT: Fill bin
480 Minutes	[E0]	CAUGHT RESOURCE	[RES0]	Operator1	ROLE: Operator	ACT: Fill bin	
480 Minutes	[E0]	ACQUIRE RESOURCES	ACT: Fill bin	WG: WG1 [[RT0],1]
480 Minutes	[E0]	RELEASED RESOURCE	[RES0]	Operator1	ROLE: Operator	ACT: Fill bin	
480 Minutes	[E0]	RELEASE RESOURCES	ACT: Fill bin
480 Minutes	[E0]	REQUEST RESOURCES	ACT: Sent bin
480 Minutes	[E0]	CAUGHT RESOURCE	[RES0]	Operator1	ROLE: Operator	ACT: Sent bin	
480 Minutes	[E0]	ACQUIRE RESOURCES	ACT: Sent bin	WG: WG2 [[RT0],1]
480 Minutes	[E0]	RELEASED RESOURCE	[RES0]	Operator1	ROLE: Operator	ACT: Sent bin	
480 Minutes	[E0]	RELEASE RESOURCES	ACT: Sent bin
480 Minutes	[E0]	ELEMENT FINISH	ET: Client
900 Minutes	[RES2]	ROLE OFF	Special_operator1	RT: Special operator
900 Minutes	[RES1]	ROLE OFF	Operator1	RT: Operator
900 Minutes	[RES0]	ROLE OFF	Operator1	RT: Operator
1440 Minutes	[SIM]	SIMULATION ENDS
CPU Time = 5 miliseconds.
]]></system-out>
  </testcase>
  <testcase name="testAllWFP(int)[11]" classname="es.ull.WFP.TestWFP" time="0.006">
    <system-out><![CDATA[0 Minutes	[SIM]	SIMULATION STARTS
0 Minutes	[E0]	ELEMENT START	ET: Infringement
0 Minutes	[E1]	ELEMENT START	ET: Infringement
0 Minutes	[E2]	ELEMENT START	ET: Infringement
0 Minutes	[RES0]	RESOURCE START	RES0
0 Minutes	[RES2]	RESOURCE START	RES2
0 Minutes	[RES3]	RESOURCE START	RES3
0 Minutes	[E1]	REQUEST RESOURCES	ACT: Receive Infringment
0 Minutes	[E2]	REQUEST RESOURCES	ACT: Receive Infringment
0 Minutes	[RES1]	RESOURCE START	RES1
0 Minutes	[RES4]	RESOURCE START	RES4
0 Minutes	[E0]	REQUEST RESOURCES	ACT: Receive Infringment
480 Minutes	[RES0]	ROLE ON	RES0	RT: Policeman
480 Minutes	[RES4]	ROLE ON	RES4	RT: Policeman
480 Minutes	[RES3]	ROLE ON	RES3	RT: Policeman
480 Minutes	[RES2]	ROLE ON	RES2	RT: Policeman
480 Minutes	[RES1]	ROLE ON	RES1	RT: Policeman
480 Minutes	[E1]	CAUGHT RESOURCE	[RES0]	RES0	ROLE: Policeman	ACT: Receive Infringment	
480 Minutes	[E1]	ACQUIRE RESOURCES	ACT: Receive Infringment	WG: WG1 [[RT0],1]
480 Minutes	[E1]	START DELAY	ACT: Receive Infringment	WG: WG1 [[RT0],1]
480 Minutes	[E2]	CAUGHT RESOURCE	[RES4]	RES4	ROLE: Policeman	ACT: Receive Infringment	
480 Minutes	[E2]	ACQUIRE RESOURCES	ACT: Receive Infringment	WG: WG1 [[RT0],1]
480 Minutes	[E2]	START DELAY	ACT: Receive Infringment	WG: WG1 [[RT0],1]
480 Minutes	[E0]	CAUGHT RESOURCE	[RES3]	RES3	ROLE: Policeman	ACT: Receive Infringment	
480 Minutes	[E0]	ACQUIRE RESOURCES	ACT: Receive Infringment	WG: WG1 [[RT0],1]
480 Minutes	[E0]	START DELAY	ACT: Receive Infringment	WG: WG1 [[RT0],1]
490 Minutes	[E1]	END DELAY	ACT: Receive Infringment	WG: WG1 [[RT0],1]
490 Minutes	[E2]	END DELAY	ACT: Receive Infringment	WG: WG1 [[RT0],1]
490 Minutes	[E0]	END DELAY	ACT: Receive Infringment	WG: WG1 [[RT0],1]
490 Minutes	[E1]	RELEASED RESOURCE	[RES0]	RES0	ROLE: Policeman	ACT: Receive Infringment	
490 Minutes	[E1]	RELEASE RESOURCES	ACT: Receive Infringment
490 Minutes	[E2]	RELEASED RESOURCE	[RES4]	RES4	ROLE: Policeman	ACT: Receive Infringment	
490 Minutes	[E2]	RELEASE RESOURCES	ACT: Receive Infringment
490 Minutes	[E0]	RELEASED RESOURCE	[RES3]	RES3	ROLE: Policeman	ACT: Receive Infringment	
490 Minutes	[E0]	RELEASE RESOURCES	ACT: Receive Infringment
490 Minutes	[E0]	REQUEST RESOURCES	ACT: Coffee
490 Minutes	[E1]	REQUEST RESOURCES	ACT: Issue-Infringment-Notice
490 Minutes	[E1]	REQUEST RESOURCES	ACT: Issue-Infringment-Notice
490 Minutes	[E2]	REQUEST RESOURCES	ACT: Issue-Infringment-Notice
490 Minutes	[E2]	REQUEST RESOURCES	ACT: Issue-Infringment-Notice
490 Minutes	[E2]	REQUEST RESOURCES	ACT: Issue-Infringment-Notice
490 Minutes	[E2]	REQUEST RESOURCES	ACT: Coffee
490 Minutes	[E0]	REQUEST RESOURCES	ACT: Issue-Infringment-Notice
490 Minutes	[E1]	REQUEST RESOURCES	ACT: Coffee
490 Minutes	[E0]	REQUEST RESOURCES	ACT: Issue-Infringment-Notice
490 Minutes	[E0]	REQUEST RESOURCES	ACT: Issue-Infringment-Notice
490 Minutes	[E1]	REQUEST RESOURCES	ACT: Issue-Infringment-Notice
490 Minutes	[E0]	CAUGHT RESOURCE	[RES0]	RES0	ROLE: Policeman	ACT: Coffee	
490 Minutes	[E0]	ACQUIRE RESOURCES	ACT: Coffee	WG: WG3 [[RT0],1]
490 Minutes	[E0]	START DELAY	ACT: Coffee	WG: WG3 [[RT0],1]
490 Minutes	[E1]	CAUGHT RESOURCE	[RES4]	RES4	ROLE: Policeman	ACT: Issue-Infringment-Notice	
490 Minutes	[E1]	ACQUIRE RESOURCES	ACT: Issue-Infringment-Notice	WG: WG2 [[RT0],1]
490 Minutes	[E1]	START DELAY	ACT: Issue-Infringment-Notice	WG: WG2 [[RT0],1]
490 Minutes	[E1]	CAUGHT RESOURCE	[RES3]	RES3	ROLE: Policeman	ACT: Issue-Infringment-Notice	
490 Minutes	[E1]	ACQUIRE RESOURCES	ACT: Issue-Infringment-Notice	WG: WG2 [[RT0],1]
490 Minutes	[E1]	START DELAY	ACT: Issue-Infringment-Notice	WG: WG2 [[RT0],1]
490 Minutes	[E2]	CAUGHT RESOURCE	[RES2]	RES2	ROLE: Policeman	ACT: Issue-Infringment-Notice	
490 Minutes	[E2]	ACQUIRE RESOURCES	ACT: Issue-Infringment-Notice	WG: WG2 [[RT0],1]
490 Minutes	[E2]	START DELAY	ACT: Issue-Infringment-Notice	WG: WG2 [[RT0],1]
490 Minutes	[E2]	CAUGHT RESOURCE	[RES1]	RES1	ROLE: Policeman	ACT: Issue-Infringment-Notice	
490 Minutes	[E2]	ACQUIRE RESOURCES	ACT: Issue-Infringment-Notice	WG: WG2 [[RT0],1]
490 Minutes	[E2]	START DELAY	ACT: Issue-Infringment-Notice	WG: WG2 [[RT0],1]
500 Minutes	[E0]	END DELAY	ACT: Coffee	WG: WG3 [[RT0],1]
500 Minutes	[E0]	RELEASED RESOURCE	[RES0]	RES0	ROLE: Policeman	ACT: Coffee	
500 Minutes	[E0]	RELEASE RESOURCES	ACT: Coffee
500 Minutes	[E2]	CAUGHT RESOURCE	[RES0]	RES0	ROLE: Policeman	ACT: Issue-Infringment-Notice	
500 Minutes	[E2]	ACQUIRE RESOURCES	ACT: Issue-Infringment-Notice	WG: WG2 [[RT0],1]
500 Minutes	[E2]	START DELAY	ACT: Issue-Infringment-Notice	WG: WG2 [[RT0],1]
520 Minutes	[E1]	END DELAY	ACT: Issue-Infringment-Notice	WG: WG2 [[RT0],1]
520 Minutes	[E2]	END DELAY	ACT: Issue-Infringment-Notice	WG: WG2 [[RT0],1]
520 Minutes	[E1]	RELEASED RESOURCE	[RES3]	RES3	ROLE: Policeman	ACT: Issue-Infringment-Notice	
520 Minutes	[E1]	RELEASE RESOURCES	ACT: Issue-Infringment-Notice
520 Minutes	[E2]	RELEASED RESOURCE	[RES2]	RES2	ROLE: Policeman	ACT: Issue-Infringment-Notice	
520 Minutes	[E2]	RELEASE RESOURCES	ACT: Issue-Infringment-Notice
520 Minutes	[E1]	END DELAY	ACT: Issue-Infringment-Notice	WG: WG2 [[RT0],1]
520 Minutes	[E2]	END DELAY	ACT: Issue-Infringment-Notice	WG: WG2 [[RT0],1]
520 Minutes	[E1]	RELEASED RESOURCE	[RES4]	RES4	ROLE: Policeman	ACT: Issue-Infringment-Notice	
520 Minutes	[E1]	RELEASE RESOURCES	ACT: Issue-Infringment-Notice
520 Minutes	[E2]	RELEASED RESOURCE	[RES1]	RES1	ROLE: Policeman	ACT: Issue-Infringment-Notice	
520 Minutes	[E2]	RELEASE RESOURCES	ACT: Issue-Infringment-Notice
520 Minutes	[E2]	CAUGHT RESOURCE	[RES4]	RES4	ROLE: Policeman	ACT: Coffee	
520 Minutes	[E2]	ACQUIRE RESOURCES	ACT: Coffee	WG: WG3 [[RT0],1]
520 Minutes	[E2]	START DELAY	ACT: Coffee	WG: WG3 [[RT0],1]
520 Minutes	[E0]	CAUGHT RESOURCE	[RES3]	RES3	ROLE: Policeman	ACT: Issue-Infringment-Notice	
520 Minutes	[E0]	ACQUIRE RESOURCES	ACT: Issue-Infringment-Notice	WG: WG2 [[RT0],1]
520 Minutes	[E0]	START DELAY	ACT: Issue-Infringment-Notice	WG: WG2 [[RT0],1]
520 Minutes	[E1]	CAUGHT RESOURCE	[RES2]	RES2	ROLE: Policeman	ACT: Coffee	
520 Minutes	[E1]	ACQUIRE RESOURCES	ACT: Coffee	WG: WG3 [[RT0],1]
520 Minutes	[E1]	START DELAY	ACT: Coffee	WG: WG3 [[RT0],1]
520 Minutes	[E0]	CAUGHT RESOURCE	[RES1]	RES1	ROLE: Policeman	ACT: Issue-Infringment-Notice	
520 Minutes	[E0]	ACQUIRE RESOURCES	ACT: Issue-Infringment-Notice	WG: WG2 [[RT0],1]
520 Minutes	[E0]	START DELAY	ACT: Issue-Infringment-Notice	WG: WG2 [[RT0],1]
530 Minutes	[E2]	END DELAY	ACT: Issue-Infringment-Notice	WG: WG2 [[RT0],1]
530 Minutes	[E2]	END DELAY	ACT: Coffee	WG: WG3 [[RT0],1]
530 Minutes	[E1]	END DELAY	ACT: Coffee	WG: WG3 [[RT0],1]
530 Minutes	[E2]	RELEASED RESOURCE	[RES0]	RES0	ROLE: Policeman	ACT: Issue-Infringment-Notice	
530 Minutes	[E2]	RELEASE RESOURCES	ACT: Issue-Infringment-Notice
530 Minutes	[E2]	RELEASED RESOURCE	[RES4]	RES4	ROLE: Policeman	ACT: Coffee	
530 Minutes	[E2]	RELEASE RESOURCES	ACT: Coffee
530 Minutes	[E2]	ELEMENT FINISH	ET: Infringement
530 Minutes	[E1]	RELEASED RESOURCE	[RES2]	RES2	ROLE: Policeman	ACT: Coffee	
530 Minutes	[E1]	RELEASE RESOURCES	ACT: Coffee
530 Minutes	[E0]	CAUGHT RESOURCE	[RES0]	RES0	ROLE: Policeman	ACT: Issue-Infringment-Notice	
530 Minutes	[E0]	ACQUIRE RESOURCES	ACT: Issue-Infringment-Notice	WG: WG2 [[RT0],1]
530 Minutes	[E0]	START DELAY	ACT: Issue-Infringment-Notice	WG: WG2 [[RT0],1]
530 Minutes	[E1]	CAUGHT RESOURCE	[RES4]	RES4	ROLE: Policeman	ACT: Issue-Infringment-Notice	
530 Minutes	[E1]	ACQUIRE RESOURCES	ACT: Issue-Infringment-Notice	WG: WG2 [[RT0],1]
530 Minutes	[E1]	START DELAY	ACT: Issue-Infringment-Notice	WG: WG2 [[RT0],1]
550 Minutes	[E0]	END DELAY	ACT: Issue-Infringment-Notice	WG: WG2 [[RT0],1]
550 Minutes	[E0]	END DELAY	ACT: Issue-Infringment-Notice	WG: WG2 [[RT0],1]
550 Minutes	[E0]	RELEASED RESOURCE	[RES3]	RES3	ROLE: Policeman	ACT: Issue-Infringment-Notice	
550 Minutes	[E0]	RELEASE RESOURCES	ACT: Issue-Infringment-Notice
550 Minutes	[E0]	RELEASED RESOURCE	[RES1]	RES1	ROLE: Policeman	ACT: Issue-Infringment-Notice	
550 Minutes	[E0]	RELEASE RESOURCES	ACT: Issue-Infringment-Notice
560 Minutes	[E0]	END DELAY	ACT: Issue-Infringment-Notice	WG: WG2 [[RT0],1]
560 Minutes	[E1]	END DELAY	ACT: Issue-Infringment-Notice	WG: WG2 [[RT0],1]
560 Minutes	[E0]	RELEASED RESOURCE	[RES0]	RES0	ROLE: Policeman	ACT: Issue-Infringment-Notice	
560 Minutes	[E0]	RELEASE RESOURCES	ACT: Issue-Infringment-Notice
560 Minutes	[E0]	ELEMENT FINISH	ET: Infringement
560 Minutes	[E1]	RELEASED RESOURCE	[RES4]	RES4	ROLE: Policeman	ACT: Issue-Infringment-Notice	
560 Minutes	[E1]	RELEASE RESOURCES	ACT: Issue-Infringment-Notice
560 Minutes	[E1]	ELEMENT FINISH	ET: Infringement
900 Minutes	[RES1]	ROLE OFF	RES1	RT: Policeman
900 Minutes	[RES0]	ROLE OFF	RES0	RT: Policeman
900 Minutes	[RES4]	ROLE OFF	RES4	RT: Policeman
900 Minutes	[RES2]	ROLE OFF	RES2	RT: Policeman
900 Minutes	[RES3]	ROLE OFF	RES3	RT: Policeman
1440 Minutes	[SIM]	SIMULATION ENDS
CPU Time = 1 miliseconds.
]]></system-out>
  </testcase>
  <testcase name="testAllWFP(int)[12]" classname="es.ull.WFP.TestWFP" time="0.01">
    <system-out><![CDATA[0 Minutes	[SIM]	SIMULATION STARTS
0 Minutes	[E0]	ELEMENT START	ET: ET0
0 Minutes	[E1]	ELEMENT START	ET: ET0
0 Minutes	[E2]	ELEMENT START	ET: ET0
0 Minutes	[RES0]	RESOURCE START	Director0
0 Minutes	[RES2]	RESOURCE START	Director2
0 Minutes	[RES3]	RESOURCE START	Director3
0 Minutes	[E1]	REQUEST RESOURCES	ACT: Sign Annual Report
0 Minutes	[E0]	REQUEST RESOURCES	ACT: Sign Annual Report
0 Minutes	[E1]	REQUEST RESOURCES	ACT: Sign Annual Report
0 Minutes	[E1]	REQUEST RESOURCES	ACT: Sign Annual Report
0 Minutes	[E1]	REQUEST RESOURCES	ACT: Sign Annual Report
0 Minutes	[E1]	REQUEST RESOURCES	ACT: Sign Annual Report
0 Minutes	[E0]	REQUEST RESOURCES	ACT: Sign Annual Report
0 Minutes	[E1]	REQUEST RESOURCES	ACT: Sign Annual Report
0 Minutes	[E2]	REQUEST RESOURCES	ACT: Sign Annual Report
0 Minutes	[E2]	REQUEST RESOURCES	ACT: Sign Annual Report
0 Minutes	[E2]	REQUEST RESOURCES	ACT: Sign Annual Report
0 Minutes	[E2]	REQUEST RESOURCES	ACT: Sign Annual Report
0 Minutes	[E2]	REQUEST RESOURCES	ACT: Sign Annual Report
0 Minutes	[E0]	REQUEST RESOURCES	ACT: Sign Annual Report
0 Minutes	[E0]	REQUEST RESOURCES	ACT: Sign Annual Report
0 Minutes	[E0]	REQUEST RESOURCES	ACT: Sign Annual Report
0 Minutes	[E0]	REQUEST RESOURCES	ACT: Sign Annual Report
0 Minutes	[E2]	REQUEST RESOURCES	ACT: Sign Annual Report
0 Minutes	[RES1]	RESOURCE START	Director1
0 Minutes	[RES4]	RESOURCE START	Director4
0 Minutes	[RES5]	RESOURCE START	Director5
480 Minutes	[RES4]	ROLE ON	Director4	RT: Director
480 Minutes	[RES5]	ROLE ON	Director5	RT: Director
480 Minutes	[RES0]	ROLE ON	Director0	RT: Director
480 Minutes	[RES2]	ROLE ON	Director2	RT: Director
480 Minutes	[RES3]	ROLE ON	Director3	RT: Director
480 Minutes	[RES1]	ROLE ON	Director1	RT: Director
480 Minutes	[E1]	CAUGHT RESOURCE	[RES4]	Director4	ROLE: Director	ACT: Sign Annual Report	
480 Minutes	[E1]	ACQUIRE RESOURCES	ACT: Sign Annual Report	WG: WG1 [[RT0],1]
480 Minutes	[E1]	START DELAY	ACT: Sign Annual Report	WG: WG1 [[RT0],1]
480 Minutes	[E0]	CAUGHT RESOURCE	[RES5]	Director5	ROLE: Director	ACT: Sign Annual Report	
480 Minutes	[E0]	ACQUIRE RESOURCES	ACT: Sign Annual Report	WG: WG1 [[RT0],1]
480 Minutes	[E0]	START DELAY	ACT: Sign Annual Report	WG: WG1 [[RT0],1]
480 Minutes	[E2]	CAUGHT RESOURCE	[RES0]	Director0	ROLE: Director	ACT: Sign Annual Report	
480 Minutes	[E2]	ACQUIRE RESOURCES	ACT: Sign Annual Report	WG: WG1 [[RT0],1]
480 Minutes	[E2]	START DELAY	ACT: Sign Annual Report	WG: WG1 [[RT0],1]
485 Minutes	[E1]	END DELAY	ACT: Sign Annual Report	WG: WG1 [[RT0],1]
485 Minutes	[E0]	END DELAY	ACT: Sign Annual Report	WG: WG1 [[RT0],1]
485 Minutes	[E2]	END DELAY	ACT: Sign Annual Report	WG: WG1 [[RT0],1]
485 Minutes	[E1]	RELEASED RESOURCE	[RES4]	Director4	ROLE: Director	ACT: Sign Annual Report	
485 Minutes	[E1]	RELEASE RESOURCES	ACT: Sign Annual Report
485 Minutes	[E0]	RELEASED RESOURCE	[RES5]	Director5	ROLE: Director	ACT: Sign Annual Report	
485 Minutes	[E0]	RELEASE RESOURCES	ACT: Sign Annual Report
485 Minutes	[E2]	RELEASED RESOURCE	[RES0]	Director0	ROLE: Director	ACT: Sign Annual Report	
485 Minutes	[E2]	RELEASE RESOURCES	ACT: Sign Annual Report
485 Minutes	[E1]	CAUGHT RESOURCE	[RES4]	Director4	ROLE: Director	ACT: Sign Annual Report	
485 Minutes	[E1]	ACQUIRE RESOURCES	ACT: Sign Annual Report	WG: WG1 [[RT0],1]
485 Minutes	[E1]	START DELAY	ACT: Sign Annual Report	WG: WG1 [[RT0],1]
485 Minutes	[E0]	CAUGHT RESOURCE	[RES5]	Director5	ROLE: Director	ACT: Sign Annual Report	
485 Minutes	[E0]	ACQUIRE RESOURCES	ACT: Sign Annual Report	WG: WG1 [[RT0],1]
485 Minutes	[E0]	START DELAY	ACT: Sign Annual Report	WG: WG1 [[RT0],1]
485 Minutes	[E2]	CAUGHT RESOURCE	[RES0]	Director0	ROLE: Director	ACT: Sign Annual Report	
485 Minutes	[E2]	ACQUIRE RESOURCES	ACT: Sign Annual Report	WG: WG1 [[RT0],1]
485 Minutes	[E2]	START DELAY	ACT: Sign Annual Report	WG: WG1 [[RT0],1]
490 Minutes	[E1]	END DELAY	ACT: Sign Annual Report	WG: WG1 [[RT0],1]
490 Minutes	[E0]	END DELAY	ACT: Sign Annual Report	WG: WG1 [[RT0],1]
490 Minutes	[E2]	END DELAY	ACT: Sign Annual Report	WG: WG1 [[RT0],1]
490 Minutes	[E1]	RELEASED RESOURCE	[RES4]	Director4	ROLE: Director	ACT: Sign Annual Report	
490 Minutes	[E1]	RELEASE RESOURCES	ACT: Sign Annual Report
490 Minutes	[E0]	RELEASED RESOURCE	[RES5]	Director5	ROLE: Director	ACT: Sign Annual Report	
490 Minutes	[E0]	RELEASE RESOURCES	ACT: Sign Annual Report
490 Minutes	[E2]	RELEASED RESOURCE	[RES0]	Director0	ROLE: Director	ACT: Sign Annual Report	
490 Minutes	[E2]	RELEASE RESOURCES	ACT: Sign Annual Report
490 Minutes	[E1]	CAUGHT RESOURCE	[RES4]	Director4	ROLE: Director	ACT: Sign Annual Report	
490 Minutes	[E1]	ACQUIRE RESOURCES	ACT: Sign Annual Report	WG: WG1 [[RT0],1]
490 Minutes	[E1]	START DELAY	ACT: Sign Annual Report	WG: WG1 [[RT0],1]
490 Minutes	[E2]	CAUGHT RESOURCE	[RES5]	Director5	ROLE: Director	ACT: Sign Annual Report	
490 Minutes	[E2]	ACQUIRE RESOURCES	ACT: Sign Annual Report	WG: WG1 [[RT0],1]
490 Minutes	[E2]	START DELAY	ACT: Sign Annual Report	WG: WG1 [[RT0],1]
490 Minutes	[E0]	CAUGHT RESOURCE	[RES0]	Director0	ROLE: Director	ACT: Sign Annual Report	
490 Minutes	[E0]	ACQUIRE RESOURCES	ACT: Sign Annual Report	WG: WG1 [[RT0],1]
490 Minutes	[E0]	START DELAY	ACT: Sign Annual Report	WG: WG1 [[RT0],1]
495 Minutes	[E1]	END DELAY	ACT: Sign Annual Report	WG: WG1 [[RT0],1]
495 Minutes	[E2]	END DELAY	ACT: Sign Annual Report	WG: WG1 [[RT0],1]
495 Minutes	[E0]	END DELAY	ACT: Sign Annual Report	WG: WG1 [[RT0],1]
495 Minutes	[E1]	RELEASED RESOURCE	[RES4]	Director4	ROLE: Director	ACT: Sign Annual Report	
495 Minutes	[E1]	RELEASE RESOURCES	ACT: Sign Annual Report
495 Minutes	[E2]	RELEASED RESOURCE	[RES5]	Director5	ROLE: Director	ACT: Sign Annual Report	
495 Minutes	[E2]	RELEASE RESOURCES	ACT: Sign Annual Report
495 Minutes	[E0]	RELEASED RESOURCE	[RES0]	Director0	ROLE: Director	ACT: Sign Annual Report	
495 Minutes	[E0]	RELEASE RESOURCES	ACT: Sign Annual Report
495 Minutes	[E1]	CAUGHT RESOURCE	[RES4]	Director4	ROLE: Director	ACT: Sign Annual Report	
495 Minutes	[E1]	ACQUIRE RESOURCES	ACT: Sign Annual Report	WG: WG1 [[RT0],1]
495 Minutes	[E1]	START DELAY	ACT: Sign Annual Report	WG: WG1 [[RT0],1]
495 Minutes	[E2]	CAUGHT RESOURCE	[RES5]	Director5	ROLE: Director	ACT: Sign Annual Report	
495 Minutes	[E2]	ACQUIRE RESOURCES	ACT: Sign Annual Report	WG: WG1 [[RT0],1]
495 Minutes	[E2]	START DELAY	ACT: Sign Annual Report	WG: WG1 [[RT0],1]
495 Minutes	[E0]	CAUGHT RESOURCE	[RES0]	Director0	ROLE: Director	ACT: Sign Annual Report	
495 Minutes	[E0]	ACQUIRE RESOURCES	ACT: Sign Annual Report	WG: WG1 [[RT0],1]
495 Minutes	[E0]	START DELAY	ACT: Sign Annual Report	WG: WG1 [[RT0],1]
500 Minutes	[E1]	END DELAY	ACT: Sign Annual Report	WG: WG1 [[RT0],1]
500 Minutes	[E2]	END DELAY	ACT: Sign Annual Report	WG: WG1 [[RT0],1]
500 Minutes	[E0]	END DELAY	ACT: Sign Annual Report	WG: WG1 [[RT0],1]
500 Minutes	[E1]	RELEASED RESOURCE	[RES4]	Director4	ROLE: Director	ACT: Sign Annual Report	
500 Minutes	[E1]	RELEASE RESOURCES	ACT: Sign Annual Report
500 Minutes	[E2]	RELEASED RESOURCE	[RES5]	Director5	ROLE: Director	ACT: Sign Annual Report	
500 Minutes	[E2]	RELEASE RESOURCES	ACT: Sign Annual Report
500 Minutes	[E0]	RELEASED RESOURCE	[RES0]	Director0	ROLE: Director	ACT: Sign Annual Report	
500 Minutes	[E0]	RELEASE RESOURCES	ACT: Sign Annual Report
500 Minutes	[E1]	CAUGHT RESOURCE	[RES4]	Director4	ROLE: Director	ACT: Sign Annual Report	
500 Minutes	[E1]	ACQUIRE RESOURCES	ACT: Sign Annual Report	WG: WG1 [[RT0],1]
500 Minutes	[E1]	START DELAY	ACT: Sign Annual Report	WG: WG1 [[RT0],1]
500 Minutes	[E2]	CAUGHT RESOURCE	[RES5]	Director5	ROLE: Director	ACT: Sign Annual Report	
500 Minutes	[E2]	ACQUIRE RESOURCES	ACT: Sign Annual Report	WG: WG1 [[RT0],1]
500 Minutes	[E2]	START DELAY	ACT: Sign Annual Report	WG: WG1 [[RT0],1]
500 Minutes	[E0]	CAUGHT RESOURCE	[RES0]	Director0	ROLE: Director	ACT: Sign Annual Report	
500 Minutes	[E0]	ACQUIRE RESOURCES	ACT: Sign Annual Report	WG: WG1 [[RT0],1]
500 Minutes	[E0]	START DELAY	ACT: Sign Annual Report	WG: WG1 [[RT0],1]
505 Minutes	[E1]	END DELAY	ACT: Sign Annual Report	WG: WG1 [[RT0],1]
505 Minutes	[E2]	END DELAY	ACT: Sign Annual Report	WG: WG1 [[RT0],1]
505 Minutes	[E0]	END DELAY	ACT: Sign Annual Report	WG: WG1 [[RT0],1]
505 Minutes	[E1]	RELEASED RESOURCE	[RES4]	Director4	ROLE: Director	ACT: Sign Annual Report	
505 Minutes	[E1]	RELEASE RESOURCES	ACT: Sign Annual Report
505 Minutes	[E2]	RELEASED RESOURCE	[RES5]	Director5	ROLE: Director	ACT: Sign Annual Report	
505 Minutes	[E2]	RELEASE RESOURCES	ACT: Sign Annual Report
505 Minutes	[E0]	RELEASED RESOURCE	[RES0]	Director0	ROLE: Director	ACT: Sign Annual Report	
505 Minutes	[E0]	RELEASE RESOURCES	ACT: Sign Annual Report
505 Minutes	[E1]	CAUGHT RESOURCE	[RES4]	Director4	ROLE: Director	ACT: Sign Annual Report	
505 Minutes	[E1]	ACQUIRE RESOURCES	ACT: Sign Annual Report	WG: WG1 [[RT0],1]
505 Minutes	[E1]	START DELAY	ACT: Sign Annual Report	WG: WG1 [[RT0],1]
505 Minutes	[E0]	CAUGHT RESOURCE	[RES5]	Director5	ROLE: Director	ACT: Sign Annual Report	
505 Minutes	[E0]	ACQUIRE RESOURCES	ACT: Sign Annual Report	WG: WG1 [[RT0],1]
505 Minutes	[E0]	START DELAY	ACT: Sign Annual Report	WG: WG1 [[RT0],1]
505 Minutes	[E2]	CAUGHT RESOURCE	[RES0]	Director0	ROLE: Director	ACT: Sign Annual Report	
505 Minutes	[E2]	ACQUIRE RESOURCES	ACT: Sign Annual Report	WG: WG1 [[RT0],1]
505 Minutes	[E2]	START DELAY	ACT: Sign Annual Report	WG: WG1 [[RT0],1]
510 Minutes	[E1]	END DELAY	ACT: Sign Annual Report	WG: WG1 [[RT0],1]
510 Minutes	[E0]	END DELAY	ACT: Sign Annual Report	WG: WG1 [[RT0],1]
510 Minutes	[E2]	END DELAY	ACT: Sign Annual Report	WG: WG1 [[RT0],1]
510 Minutes	[E1]	RELEASED RESOURCE	[RES4]	Director4	ROLE: Director	ACT: Sign Annual Report	
510 Minutes	[E1]	RELEASE RESOURCES	ACT: Sign Annual Report
510 Minutes	[E0]	RELEASED RESOURCE	[RES5]	Director5	ROLE: Director	ACT: Sign Annual Report	
510 Minutes	[E0]	RELEASE RESOURCES	ACT: Sign Annual Report
510 Minutes	[E2]	RELEASED RESOURCE	[RES0]	Director0	ROLE: Director	ACT: Sign Annual Report	
510 Minutes	[E2]	RELEASE RESOURCES	ACT: Sign Annual Report
510 Minutes	[E1]	REQUEST RESOURCES	ACT: Check acceptance
510 Minutes	[E0]	REQUEST RESOURCES	ACT: Check acceptance
510 Minutes	[E2]	REQUEST RESOURCES	ACT: Check acceptance
510 Minutes	[E1]	CAUGHT RESOURCE	[RES4]	Director4	ROLE: Director	ACT: Check acceptance	
510 Minutes	[E1]	ACQUIRE RESOURCES	ACT: Check acceptance	WG: WG2 [[RT0],1]
510 Minutes	[E1]	START DELAY	ACT: Check acceptance	WG: WG2 [[RT0],1]
510 Minutes	[E0]	CAUGHT RESOURCE	[RES5]	Director5	ROLE: Director	ACT: Check acceptance	
510 Minutes	[E0]	ACQUIRE RESOURCES	ACT: Check acceptance	WG: WG2 [[RT0],1]
510 Minutes	[E0]	START DELAY	ACT: Check acceptance	WG: WG2 [[RT0],1]
510 Minutes	[E2]	CAUGHT RESOURCE	[RES0]	Director0	ROLE: Director	ACT: Check acceptance	
510 Minutes	[E2]	ACQUIRE RESOURCES	ACT: Check acceptance	WG: WG2 [[RT0],1]
510 Minutes	[E2]	START DELAY	ACT: Check acceptance	WG: WG2 [[RT0],1]
515 Minutes	[E1]	END DELAY	ACT: Check acceptance	WG: WG2 [[RT0],1]
515 Minutes	[E0]	END DELAY	ACT: Check acceptance	WG: WG2 [[RT0],1]
515 Minutes	[E2]	END DELAY	ACT: Check acceptance	WG: WG2 [[RT0],1]
515 Minutes	[E1]	RELEASED RESOURCE	[RES4]	Director4	ROLE: Director	ACT: Check acceptance	
515 Minutes	[E1]	RELEASE RESOURCES	ACT: Check acceptance
515 Minutes	[E1]	ELEMENT FINISH	ET: ET0
515 Minutes	[E0]	RELEASED RESOURCE	[RES5]	Director5	ROLE: Director	ACT: Check acceptance	
515 Minutes	[E0]	RELEASE RESOURCES	ACT: Check acceptance
515 Minutes	[E0]	ELEMENT FINISH	ET: ET0
515 Minutes	[E2]	RELEASED RESOURCE	[RES0]	Director0	ROLE: Director	ACT: Check acceptance	
515 Minutes	[E2]	RELEASE RESOURCES	ACT: Check acceptance
515 Minutes	[E2]	ELEMENT FINISH	ET: ET0
900 Minutes	[RES5]	ROLE OFF	Director5	RT: Director
900 Minutes	[RES1]	ROLE OFF	Director1	RT: Director
900 Minutes	[RES4]	ROLE OFF	Director4	RT: Director
900 Minutes	[RES3]	ROLE OFF	Director3	RT: Director
900 Minutes	[RES0]	ROLE OFF	Director0	RT: Director
900 Minutes	[RES2]	ROLE OFF	Director2	RT: Director
1440 Minutes	[SIM]	SIMULATION ENDS
CPU Time = 1 miliseconds.
]]></system-out>
  </testcase>
  <testcase name="testAllWFP(int)[13]" classname="es.ull.WFP.TestWFP" time="0.009">
    <system-out><![CDATA[0 Minutes	[SIM]	SIMULATION STARTS
0 Minutes	[E0]	ELEMENT START	ET: ET0
0 Minutes	[E1]	ELEMENT START	ET: ET0
0 Minutes	[E2]	ELEMENT START	ET: ET0
0 Minutes	[RES0]	RESOURCE START	RES0
0 Minutes	[RES2]	RESOURCE START	RES2
0 Minutes	[E0]	REQUEST RESOURCES	ACT: F
0 Minutes	[E1]	REQUEST RESOURCES	ACT: F
0 Minutes	[E1]	REQUEST RESOURCES	ACT: A
0 Minutes	[E0]	REQUEST RESOURCES	ACT: A
0 Minutes	[RES3]	RESOURCE START	RES3
0 Minutes	[RES1]	RESOURCE START	RES1
0 Minutes	[RES4]	RESOURCE START	RES4
0 Minutes	[E2]	REQUEST RESOURCES	ACT: A
0 Minutes	[E2]	REQUEST RESOURCES	ACT: F
0 Minutes	[RES5]	RESOURCE START	RES5
480 Minutes	[RES4]	ROLE ON	RES4	RT: RT
480 Minutes	[RES3]	ROLE ON	RES3	RT: RT
480 Minutes	[RES5]	ROLE ON	RES5	RT: RT
480 Minutes	[RES2]	ROLE ON	RES2	RT: RT
480 Minutes	[RES0]	ROLE ON	RES0	RT: RT
480 Minutes	[RES1]	ROLE ON	RES1	RT: RT
480 Minutes	[E0]	CAUGHT RESOURCE	[RES4]	RES4	ROLE: RT	ACT: F	
480 Minutes	[E0]	ACQUIRE RESOURCES	ACT: F	WG: WG6 [[RT0],1]
480 Minutes	[E0]	START DELAY	ACT: F	WG: WG6 [[RT0],1]
480 Minutes	[E1]	CAUGHT RESOURCE	[RES3]	RES3	ROLE: RT	ACT: F	
480 Minutes	[E1]	ACQUIRE RESOURCES	ACT: F	WG: WG6 [[RT0],1]
480 Minutes	[E1]	START DELAY	ACT: F	WG: WG6 [[RT0],1]
480 Minutes	[E2]	CAUGHT RESOURCE	[RES5]	RES5	ROLE: RT	ACT: A	
480 Minutes	[E2]	ACQUIRE RESOURCES	ACT: A	WG: WG1 [[RT0],1]
480 Minutes	[E2]	START DELAY	ACT: A	WG: WG1 [[RT0],1]
485 Minutes	[E0]	END DELAY	ACT: F	WG: WG6 [[RT0],1]
485 Minutes	[E1]	END DELAY	ACT: F	WG: WG6 [[RT0],1]
485 Minutes	[E2]	END DELAY	ACT: A	WG: WG1 [[RT0],1]
485 Minutes	[E0]	RELEASED RESOURCE	[RES4]	RES4	ROLE: RT	ACT: F	
485 Minutes	[E0]	RELEASE RESOURCES	ACT: F
485 Minutes	[E1]	RELEASED RESOURCE	[RES3]	RES3	ROLE: RT	ACT: F	
485 Minutes	[E1]	RELEASE RESOURCES	ACT: F
485 Minutes	[E2]	RELEASED RESOURCE	[RES5]	RES5	ROLE: RT	ACT: A	
485 Minutes	[E2]	RELEASE RESOURCES	ACT: A
485 Minutes	[E2]	REQUEST RESOURCES	ACT: B
485 Minutes	[E2]	REQUEST RESOURCES	ACT: C
485 Minutes	[E1]	CAUGHT RESOURCE	[RES4]	RES4	ROLE: RT	ACT: A	
485 Minutes	[E1]	ACQUIRE RESOURCES	ACT: A	WG: WG1 [[RT0],1]
485 Minutes	[E1]	START DELAY	ACT: A	WG: WG1 [[RT0],1]
485 Minutes	[E0]	CAUGHT RESOURCE	[RES3]	RES3	ROLE: RT	ACT: A	
485 Minutes	[E0]	ACQUIRE RESOURCES	ACT: A	WG: WG1 [[RT0],1]
485 Minutes	[E0]	START DELAY	ACT: A	WG: WG1 [[RT0],1]
485 Minutes	[E2]	CAUGHT RESOURCE	[RES5]	RES5	ROLE: RT	ACT: F	
485 Minutes	[E2]	ACQUIRE RESOURCES	ACT: F	WG: WG6 [[RT0],1]
485 Minutes	[E2]	START DELAY	ACT: F	WG: WG6 [[RT0],1]
490 Minutes	[E1]	END DELAY	ACT: A	WG: WG1 [[RT0],1]
490 Minutes	[E0]	END DELAY	ACT: A	WG: WG1 [[RT0],1]
490 Minutes	[E2]	END DELAY	ACT: F	WG: WG6 [[RT0],1]
490 Minutes	[E1]	RELEASED RESOURCE	[RES4]	RES4	ROLE: RT	ACT: A	
490 Minutes	[E1]	RELEASE RESOURCES	ACT: A
490 Minutes	[E0]	RELEASED RESOURCE	[RES3]	RES3	ROLE: RT	ACT: A	
490 Minutes	[E0]	RELEASE RESOURCES	ACT: A
490 Minutes	[E2]	RELEASED RESOURCE	[RES5]	RES5	ROLE: RT	ACT: F	
490 Minutes	[E2]	RELEASE RESOURCES	ACT: F
490 Minutes	[E0]	REQUEST RESOURCES	ACT: C
490 Minutes	[E1]	REQUEST RESOURCES	ACT: B
490 Minutes	[E1]	REQUEST RESOURCES	ACT: C
490 Minutes	[E0]	REQUEST RESOURCES	ACT: B
490 Minutes	[E2]	CAUGHT RESOURCE	[RES4]	RES4	ROLE: RT	ACT: B	
490 Minutes	[E2]	ACQUIRE RESOURCES	ACT: B	WG: WG2 [[RT0],1]
490 Minutes	[E2]	START DELAY	ACT: B	WG: WG2 [[RT0],1]
490 Minutes	[E0]	CAUGHT RESOURCE	[RES3]	RES3	ROLE: RT	ACT: C	
490 Minutes	[E0]	ACQUIRE RESOURCES	ACT: C	WG: WG3 [[RT0],1]
490 Minutes	[E0]	START DELAY	ACT: C	WG: WG3 [[RT0],1]
490 Minutes	[E1]	CAUGHT RESOURCE	[RES5]	RES5	ROLE: RT	ACT: B	
490 Minutes	[E1]	ACQUIRE RESOURCES	ACT: B	WG: WG2 [[RT0],1]
490 Minutes	[E1]	START DELAY	ACT: B	WG: WG2 [[RT0],1]
495 Minutes	[E2]	END DELAY	ACT: B	WG: WG2 [[RT0],1]
495 Minutes	[E0]	END DELAY	ACT: C	WG: WG3 [[RT0],1]
495 Minutes	[E1]	END DELAY	ACT: B	WG: WG2 [[RT0],1]
495 Minutes	[E2]	RELEASED RESOURCE	[RES4]	RES4	ROLE: RT	ACT: B	
495 Minutes	[E2]	RELEASE RESOURCES	ACT: B
495 Minutes	[E0]	RELEASED RESOURCE	[RES3]	RES3	ROLE: RT	ACT: C	
495 Minutes	[E0]	RELEASE RESOURCES	ACT: C
495 Minutes	[E1]	RELEASED RESOURCE	[RES5]	RES5	ROLE: RT	ACT: B	
495 Minutes	[E1]	RELEASE RESOURCES	ACT: B
495 Minutes	[E0]	REQUEST RESOURCES	ACT: D
495 Minutes	[E2]	CAUGHT RESOURCE	[RES4]	RES4	ROLE: RT	ACT: C	
495 Minutes	[E2]	ACQUIRE RESOURCES	ACT: C	WG: WG3 [[RT0],1]
495 Minutes	[E2]	START DELAY	ACT: C	WG: WG3 [[RT0],1]
495 Minutes	[E1]	CAUGHT RESOURCE	[RES3]	RES3	ROLE: RT	ACT: C	
495 Minutes	[E1]	ACQUIRE RESOURCES	ACT: C	WG: WG3 [[RT0],1]
495 Minutes	[E1]	START DELAY	ACT: C	WG: WG3 [[RT0],1]
495 Minutes	[E0]	CAUGHT RESOURCE	[RES5]	RES5	ROLE: RT	ACT: B	
495 Minutes	[E0]	ACQUIRE RESOURCES	ACT: B	WG: WG2 [[RT0],1]
495 Minutes	[E0]	START DELAY	ACT: B	WG: WG2 [[RT0],1]
500 Minutes	[E2]	END DELAY	ACT: C	WG: WG3 [[RT0],1]
500 Minutes	[E1]	END DELAY	ACT: C	WG: WG3 [[RT0],1]
500 Minutes	[E0]	END DELAY	ACT: B	WG: WG2 [[RT0],1]
500 Minutes	[E2]	RELEASED RESOURCE	[RES4]	RES4	ROLE: RT	ACT: C	
500 Minutes	[E2]	RELEASE RESOURCES	ACT: C
500 Minutes	[E1]	RELEASED RESOURCE	[RES3]	RES3	ROLE: RT	ACT: C	
500 Minutes	[E1]	RELEASE RESOURCES	ACT: C
500 Minutes	[E0]	RELEASED RESOURCE	[RES5]	RES5	ROLE: RT	ACT: B	
500 Minutes	[E0]	RELEASE RESOURCES	ACT: B
500 Minutes	[E2]	REQUEST RESOURCES	ACT: D
500 Minutes	[E1]	REQUEST RESOURCES	ACT: D
500 Minutes	[E0]	CAUGHT RESOURCE	[RES4]	RES4	ROLE: RT	ACT: D	
500 Minutes	[E0]	ACQUIRE RESOURCES	ACT: D	WG: WG4 [[RT0],1]
500 Minutes	[E0]	START DELAY	ACT: D	WG: WG4 [[RT0],1]
500 Minutes	[E2]	CAUGHT RESOURCE	[RES3]	RES3	ROLE: RT	ACT: D	
500 Minutes	[E2]	ACQUIRE RESOURCES	ACT: D	WG: WG4 [[RT0],1]
500 Minutes	[E2]	START DELAY	ACT: D	WG: WG4 [[RT0],1]
500 Minutes	[E1]	CAUGHT RESOURCE	[RES5]	RES5	ROLE: RT	ACT: D	
500 Minutes	[E1]	ACQUIRE RESOURCES	ACT: D	WG: WG4 [[RT0],1]
500 Minutes	[E1]	START DELAY	ACT: D	WG: WG4 [[RT0],1]
505 Minutes	[E0]	END DELAY	ACT: D	WG: WG4 [[RT0],1]
505 Minutes	[E2]	END DELAY	ACT: D	WG: WG4 [[RT0],1]
505 Minutes	[E1]	END DELAY	ACT: D	WG: WG4 [[RT0],1]
505 Minutes	[E0]	RELEASED RESOURCE	[RES4]	RES4	ROLE: RT	ACT: D	
505 Minutes	[E0]	RELEASE RESOURCES	ACT: D
505 Minutes	[E2]	RELEASED RESOURCE	[RES3]	RES3	ROLE: RT	ACT: D	
505 Minutes	[E2]	RELEASE RESOURCES	ACT: D
505 Minutes	[E1]	RELEASED RESOURCE	[RES5]	RES5	ROLE: RT	ACT: D	
505 Minutes	[E1]	RELEASE RESOURCES	ACT: D
505 Minutes	[E0]	REQUEST RESOURCES	ACT: E
505 Minutes	[E2]	REQUEST RESOURCES	ACT: E
505 Minutes	[E1]	REQUEST RESOURCES	ACT: E
505 Minutes	[E0]	CAUGHT RESOURCE	[RES4]	RES4	ROLE: RT	ACT: E	
505 Minutes	[E0]	ACQUIRE RESOURCES	ACT: E	WG: WG5 [[RT0],1]
505 Minutes	[E0]	START DELAY	ACT: E	WG: WG5 [[RT0],1]
505 Minutes	[E2]	CAUGHT RESOURCE	[RES3]	RES3	ROLE: RT	ACT: E	
505 Minutes	[E2]	ACQUIRE RESOURCES	ACT: E	WG: WG5 [[RT0],1]
505 Minutes	[E2]	START DELAY	ACT: E	WG: WG5 [[RT0],1]
505 Minutes	[E1]	CAUGHT RESOURCE	[RES5]	RES5	ROLE: RT	ACT: E	
505 Minutes	[E1]	ACQUIRE RESOURCES	ACT: E	WG: WG5 [[RT0],1]
505 Minutes	[E1]	START DELAY	ACT: E	WG: WG5 [[RT0],1]
510 Minutes	[E0]	END DELAY	ACT: E	WG: WG5 [[RT0],1]
510 Minutes	[E2]	END DELAY	ACT: E	WG: WG5 [[RT0],1]
510 Minutes	[E1]	END DELAY	ACT: E	WG: WG5 [[RT0],1]
510 Minutes	[E0]	RELEASED RESOURCE	[RES4]	RES4	ROLE: RT	ACT: E	
510 Minutes	[E0]	RELEASE RESOURCES	ACT: E
510 Minutes	[E2]	RELEASED RESOURCE	[RES3]	RES3	ROLE: RT	ACT: E	
510 Minutes	[E2]	RELEASE RESOURCES	ACT: E
510 Minutes	[E1]	RELEASED RESOURCE	[RES5]	RES5	ROLE: RT	ACT: E	
510 Minutes	[E1]	RELEASE RESOURCES	ACT: E
510 Minutes	[E0]	REQUEST RESOURCES	ACT: G
510 Minutes	[E2]	REQUEST RESOURCES	ACT: G
510 Minutes	[E1]	REQUEST RESOURCES	ACT: G
510 Minutes	[E0]	CAUGHT RESOURCE	[RES4]	RES4	ROLE: RT	ACT: G	
510 Minutes	[E0]	ACQUIRE RESOURCES	ACT: G	WG: WG7 [[RT0],1]
510 Minutes	[E0]	START DELAY	ACT: G	WG: WG7 [[RT0],1]
510 Minutes	[E2]	CAUGHT RESOURCE	[RES3]	RES3	ROLE: RT	ACT: G	
510 Minutes	[E2]	ACQUIRE RESOURCES	ACT: G	WG: WG7 [[RT0],1]
510 Minutes	[E2]	START DELAY	ACT: G	WG: WG7 [[RT0],1]
510 Minutes	[E1]	CAUGHT RESOURCE	[RES5]	RES5	ROLE: RT	ACT: G	
510 Minutes	[E1]	ACQUIRE RESOURCES	ACT: G	WG: WG7 [[RT0],1]
510 Minutes	[E1]	START DELAY	ACT: G	WG: WG7 [[RT0],1]
515 Minutes	[E0]	END DELAY	ACT: G	WG: WG7 [[RT0],1]
515 Minutes	[E2]	END DELAY	ACT: G	WG: WG7 [[RT0],1]
515 Minutes	[E1]	END DELAY	ACT: G	WG: WG7 [[RT0],1]
515 Minutes	[E0]	RELEASED RESOURCE	[RES4]	RES4	ROLE: RT	ACT: G	
515 Minutes	[E0]	RELEASE RESOURCES	ACT: G
515 Minutes	[E0]	ELEMENT FINISH	ET: ET0
515 Minutes	[E2]	RELEASED RESOURCE	[RES3]	RES3	ROLE: RT	ACT: G	
515 Minutes	[E2]	RELEASE RESOURCES	ACT: G
515 Minutes	[E2]	ELEMENT FINISH	ET: ET0
515 Minutes	[E1]	RELEASED RESOURCE	[RES5]	RES5	ROLE: RT	ACT: G	
515 Minutes	[E1]	RELEASE RESOURCES	ACT: G
515 Minutes	[E1]	ELEMENT FINISH	ET: ET0
900 Minutes	[RES0]	ROLE OFF	RES0	RT: RT
900 Minutes	[RES3]	ROLE OFF	RES3	RT: RT
900 Minutes	[RES2]	ROLE OFF	RES2	RT: RT
900 Minutes	[RES4]	ROLE OFF	RES4	RT: RT
900 Minutes	[RES1]	ROLE OFF	RES1	RT: RT
900 Minutes	[RES5]	ROLE OFF	RES5	RT: RT
1440 Minutes	[SIM]	SIMULATION ENDS
CPU Time = 2 miliseconds.
]]></system-out>
  </testcase>
  <testcase name="testAllWFP(int)[14]" classname="es.ull.WFP.TestWFP" time="0.005">
    <system-out><![CDATA[0 Minutes	[SIM]	SIMULATION STARTS
0 Minutes	[E0]	ELEMENT START	ET: Client
0 Minutes	[E1]	ELEMENT START	ET: Client
0 Minutes	[E2]	ELEMENT START	ET: Client
0 Minutes	[RES0]	RESOURCE START	BankTeller1
0 Minutes	[RES2]	RESOURCE START	BankTeller3
0 Minutes	[RES1]	RESOURCE START	BankTeller2
0 Minutes	[E0]	REQUEST RESOURCES	ACT: Verify account
0 Minutes	[E1]	ELEMENT FINISH	ET: Client
0 Minutes	[E2]	REQUEST RESOURCES	ACT: Verify account
480 Minutes	[RES2]	ROLE ON	BankTeller3	RT: Bank teller
480 Minutes	[RES0]	ROLE ON	BankTeller1	RT: Bank teller
480 Minutes	[RES1]	ROLE ON	BankTeller2	RT: Bank teller
480 Minutes	[E0]	CAUGHT RESOURCE	[RES2]	BankTeller3	ROLE: Bank teller	ACT: Verify account	
480 Minutes	[E0]	ACQUIRE RESOURCES	ACT: Verify account	WG: WG1 [[RT0],1]
480 Minutes	[E2]	CAUGHT RESOURCE	[RES0]	BankTeller1	ROLE: Bank teller	ACT: Verify account	
480 Minutes	[E2]	ACQUIRE RESOURCES	ACT: Verify account	WG: WG1 [[RT0],1]
480 Minutes	[E0]	RELEASED RESOURCE	[RES2]	BankTeller3	ROLE: Bank teller	ACT: Verify account	
480 Minutes	[E0]	RELEASE RESOURCES	ACT: Verify account
480 Minutes	[E2]	RELEASED RESOURCE	[RES0]	BankTeller1	ROLE: Bank teller	ACT: Verify account	
480 Minutes	[E2]	RELEASE RESOURCES	ACT: Verify account
480 Minutes	[E0]	REQUEST RESOURCES	ACT: Obtain card details
480 Minutes	[E2]	REQUEST RESOURCES	ACT: Obtain card details
480 Minutes	[E0]	CAUGHT RESOURCE	[RES2]	BankTeller3	ROLE: Bank teller	ACT: Obtain card details	
480 Minutes	[E0]	ACQUIRE RESOURCES	ACT: Obtain card details	WG: WG2 [[RT0],1]
480 Minutes	[E0]	START DELAY	ACT: Obtain card details	WG: WG2 [[RT0],1]
480 Minutes	[E2]	CAUGHT RESOURCE	[RES0]	BankTeller1	ROLE: Bank teller	ACT: Obtain card details	
480 Minutes	[E2]	ACQUIRE RESOURCES	ACT: Obtain card details	WG: WG2 [[RT0],1]
480 Minutes	[E2]	START DELAY	ACT: Obtain card details	WG: WG2 [[RT0],1]
485 Minutes	[E0]	END DELAY	ACT: Obtain card details	WG: WG2 [[RT0],1]
485 Minutes	[E2]	END DELAY	ACT: Obtain card details	WG: WG2 [[RT0],1]
485 Minutes	[E0]	RELEASED RESOURCE	[RES2]	BankTeller3	ROLE: Bank teller	ACT: Obtain card details	
485 Minutes	[E0]	RELEASE RESOURCES	ACT: Obtain card details
485 Minutes	[E0]	ELEMENT FINISH	ET: Client
485 Minutes	[E2]	RELEASED RESOURCE	[RES0]	BankTeller1	ROLE: Bank teller	ACT: Obtain card details	
485 Minutes	[E2]	RELEASE RESOURCES	ACT: Obtain card details
485 Minutes	[E2]	ELEMENT FINISH	ET: Client
900 Minutes	[RES0]	ROLE OFF	BankTeller1	RT: Bank teller
900 Minutes	[RES1]	ROLE OFF	BankTeller2	RT: Bank teller
900 Minutes	[RES2]	ROLE OFF	BankTeller3	RT: Bank teller
1440 Minutes	[SIM]	SIMULATION ENDS
CPU Time = 0 miliseconds.
]]></system-out>
  </testcase>
  <testcase name="testAllWFP(int)[15]" classname="es.ull.WFP.TestWFP" time="0.005">
    <system-out><![CDATA[0 Minutes	[SIM]	SIMULATION STARTS
0 Minutes	[E0]	ELEMENT START	ET: Cliente
0 Minutes	[E1]	ELEMENT START	ET: Cliente
0 Minutes	[E2]	ELEMENT START	ET: Cliente
0 Minutes	[RES0]	RESOURCE START	Maquina 1
0 Minutes	[E0]	REQUEST RESOURCES	ACT: Revelar foto
0 Minutes	[E1]	REQUEST RESOURCES	ACT: Revelar foto
0 Minutes	[RES1]	RESOURCE START	Maquina 2
0 Minutes	[E2]	REQUEST RESOURCES	ACT: Revelar foto
480 Minutes	[RES0]	ROLE ON	Maquina 1	RT: Maquina revelado
480 Minutes	[RES1]	ROLE ON	Maquina 2	RT: Maquina revelado
480 Minutes	[E0]	CAUGHT RESOURCE	[RES0]	Maquina 1	ROLE: Maquina revelado	ACT: Revelar foto	
480 Minutes	[E0]	ACQUIRE RESOURCES	ACT: Revelar foto	WG: WG1 [[RT0],1]
480 Minutes	[E0]	START DELAY	ACT: Revelar foto	WG: WG1 [[RT0],1]
480 Minutes	[E1]	CAUGHT RESOURCE	[RES1]	Maquina 2	ROLE: Maquina revelado	ACT: Revelar foto	
480 Minutes	[E1]	ACQUIRE RESOURCES	ACT: Revelar foto	WG: WG1 [[RT0],1]
480 Minutes	[E1]	START DELAY	ACT: Revelar foto	WG: WG1 [[RT0],1]
485 Minutes	[E0]	END DELAY	ACT: Revelar foto	WG: WG1 [[RT0],1]
485 Minutes	[E1]	END DELAY	ACT: Revelar foto	WG: WG1 [[RT0],1]
485 Minutes	[E0]	RELEASED RESOURCE	[RES0]	Maquina 1	ROLE: Maquina revelado	ACT: Revelar foto	
485 Minutes	[E0]	RELEASE RESOURCES	ACT: Revelar foto
485 Minutes	[E1]	RELEASED RESOURCE	[RES1]	Maquina 2	ROLE: Maquina revelado	ACT: Revelar foto	
485 Minutes	[E1]	RELEASE RESOURCES	ACT: Revelar foto
485 Minutes	[E0]	REQUEST RESOURCES	ACT: Revelar foto
485 Minutes	[E1]	REQUEST RESOURCES	ACT: Revelar foto
485 Minutes	[E2]	CAUGHT RESOURCE	[RES0]	Maquina 1	ROLE: Maquina revelado	ACT: Revelar foto	
485 Minutes	[E2]	ACQUIRE RESOURCES	ACT: Revelar foto	WG: WG1 [[RT0],1]
485 Minutes	[E2]	START DELAY	ACT: Revelar foto	WG: WG1 [[RT0],1]
485 Minutes	[E0]	CAUGHT RESOURCE	[RES1]	Maquina 2	ROLE: Maquina revelado	ACT: Revelar foto	
485 Minutes	[E0]	ACQUIRE RESOURCES	ACT: Revelar foto	WG: WG1 [[RT0],1]
485 Minutes	[E0]	START DELAY	ACT: Revelar foto	WG: WG1 [[RT0],1]
490 Minutes	[E2]	END DELAY	ACT: Revelar foto	WG: WG1 [[RT0],1]
490 Minutes	[E0]	END DELAY	ACT: Revelar foto	WG: WG1 [[RT0],1]
490 Minutes	[E2]	RELEASED RESOURCE	[RES0]	Maquina 1	ROLE: Maquina revelado	ACT: Revelar foto	
490 Minutes	[E2]	RELEASE RESOURCES	ACT: Revelar foto
490 Minutes	[E0]	RELEASED RESOURCE	[RES1]	Maquina 2	ROLE: Maquina revelado	ACT: Revelar foto	
490 Minutes	[E0]	RELEASE RESOURCES	ACT: Revelar foto
490 Minutes	[E0]	ELEMENT FINISH	ET: Cliente
490 Minutes	[E2]	REQUEST RESOURCES	ACT: Revelar foto
490 Minutes	[E1]	CAUGHT RESOURCE	[RES0]	Maquina 1	ROLE: Maquina revelado	ACT: Revelar foto	
490 Minutes	[E1]	ACQUIRE RESOURCES	ACT: Revelar foto	WG: WG1 [[RT0],1]
490 Minutes	[E1]	START DELAY	ACT: Revelar foto	WG: WG1 [[RT0],1]
490 Minutes	[E2]	CAUGHT RESOURCE	[RES1]	Maquina 2	ROLE: Maquina revelado	ACT: Revelar foto	
490 Minutes	[E2]	ACQUIRE RESOURCES	ACT: Revelar foto	WG: WG1 [[RT0],1]
490 Minutes	[E2]	START DELAY	ACT: Revelar foto	WG: WG1 [[RT0],1]
495 Minutes	[E1]	END DELAY	ACT: Revelar foto	WG: WG1 [[RT0],1]
495 Minutes	[E2]	END DELAY	ACT: Revelar foto	WG: WG1 [[RT0],1]
495 Minutes	[E1]	RELEASED RESOURCE	[RES0]	Maquina 1	ROLE: Maquina revelado	ACT: Revelar foto	
495 Minutes	[E1]	RELEASE RESOURCES	ACT: Revelar foto
495 Minutes	[E1]	ELEMENT FINISH	ET: Cliente
495 Minutes	[E2]	RELEASED RESOURCE	[RES1]	Maquina 2	ROLE: Maquina revelado	ACT: Revelar foto	
495 Minutes	[E2]	RELEASE RESOURCES	ACT: Revelar foto
495 Minutes	[E2]	ELEMENT FINISH	ET: Cliente
900 Minutes	[RES1]	ROLE OFF	Maquina 2	RT: Maquina revelado
900 Minutes	[RES0]	ROLE OFF	Maquina 1	RT: Maquina revelado
1440 Minutes	[SIM]	SIMULATION ENDS
CPU Time = 0 miliseconds.
]]></system-out>
  </testcase>
  <testcase name="testAllWFP(int)[16]" classname="es.ull.WFP.TestWFP" time="0.007">
    <system-out><![CDATA[0 Minutes	[SIM]	SIMULATION STARTS
0 Minutes	[E0]	ELEMENT START	ET: Cliente
0 Minutes	[E1]	ELEMENT START	ET: Cliente
0 Minutes	[E2]	ELEMENT START	ET: Cliente
0 Minutes	[RES0]	RESOURCE START	Maquina 1
0 Minutes	[E0]	REQUEST RESOURCES	ACT: Revelar foto
0 Minutes	[E1]	REQUEST RESOURCES	ACT: Revelar foto
0 Minutes	[RES1]	RESOURCE START	Maquina 2
0 Minutes	[E2]	REQUEST RESOURCES	ACT: Revelar foto
480 Minutes	[RES0]	ROLE ON	Maquina 1	RT: Maquina revelado
480 Minutes	[RES1]	ROLE ON	Maquina 2	RT: Maquina revelado
480 Minutes	[E0]	CAUGHT RESOURCE	[RES0]	Maquina 1	ROLE: Maquina revelado	ACT: Revelar foto	
480 Minutes	[E0]	ACQUIRE RESOURCES	ACT: Revelar foto	WG: WG1 [[RT0],1]
480 Minutes	[E1]	CAUGHT RESOURCE	[RES1]	Maquina 2	ROLE: Maquina revelado	ACT: Revelar foto	
480 Minutes	[E1]	ACQUIRE RESOURCES	ACT: Revelar foto	WG: WG1 [[RT0],1]
480 Minutes	[E0]	RELEASED RESOURCE	[RES0]	Maquina 1	ROLE: Maquina revelado	ACT: Revelar foto	
480 Minutes	[E0]	RELEASE RESOURCES	ACT: Revelar foto
480 Minutes	[E1]	RELEASED RESOURCE	[RES1]	Maquina 2	ROLE: Maquina revelado	ACT: Revelar foto	
480 Minutes	[E1]	RELEASE RESOURCES	ACT: Revelar foto
480 Minutes	[E0]	REQUEST RESOURCES	ACT: Revelar foto
480 Minutes	[E1]	REQUEST RESOURCES	ACT: Revelar foto
480 Minutes	[E2]	CAUGHT RESOURCE	[RES0]	Maquina 1	ROLE: Maquina revelado	ACT: Revelar foto	
480 Minutes	[E2]	ACQUIRE RESOURCES	ACT: Revelar foto	WG: WG1 [[RT0],1]
480 Minutes	[E0]	CAUGHT RESOURCE	[RES1]	Maquina 2	ROLE: Maquina revelado	ACT: Revelar foto	
480 Minutes	[E0]	ACQUIRE RESOURCES	ACT: Revelar foto	WG: WG1 [[RT0],1]
480 Minutes	[E2]	RELEASED RESOURCE	[RES0]	Maquina 1	ROLE: Maquina revelado	ACT: Revelar foto	
480 Minutes	[E2]	RELEASE RESOURCES	ACT: Revelar foto
480 Minutes	[E0]	RELEASED RESOURCE	[RES1]	Maquina 2	ROLE: Maquina revelado	ACT: Revelar foto	
480 Minutes	[E0]	RELEASE RESOURCES	ACT: Revelar foto
480 Minutes	[E2]	REQUEST RESOURCES	ACT: Revelar foto
480 Minutes	[E0]	REQUEST RESOURCES	ACT: Revelar foto
480 Minutes	[E1]	CAUGHT RESOURCE	[RES0]	Maquina 1	ROLE: Maquina revelado	ACT: Revelar foto	
480 Minutes	[E1]	ACQUIRE RESOURCES	ACT: Revelar foto	WG: WG1 [[RT0],1]
480 Minutes	[E2]	CAUGHT RESOURCE	[RES1]	Maquina 2	ROLE: Maquina revelado	ACT: Revelar foto	
480 Minutes	[E2]	ACQUIRE RESOURCES	ACT: Revelar foto	WG: WG1 [[RT0],1]
480 Minutes	[E1]	RELEASED RESOURCE	[RES0]	Maquina 1	ROLE: Maquina revelado	ACT: Revelar foto	
480 Minutes	[E1]	RELEASE RESOURCES	ACT: Revelar foto
480 Minutes	[E2]	RELEASED RESOURCE	[RES1]	Maquina 2	ROLE: Maquina revelado	ACT: Revelar foto	
480 Minutes	[E2]	RELEASE RESOURCES	ACT: Revelar foto
480 Minutes	[E1]	REQUEST RESOURCES	ACT: Revelar foto
480 Minutes	[E2]	REQUEST RESOURCES	ACT: Revelar foto
480 Minutes	[E0]	CAUGHT RESOURCE	[RES0]	Maquina 1	ROLE: Maquina revelado	ACT: Revelar foto	
480 Minutes	[E0]	ACQUIRE RESOURCES	ACT: Revelar foto	WG: WG1 [[RT0],1]
480 Minutes	[E1]	CAUGHT RESOURCE	[RES1]	Maquina 2	ROLE: Maquina revelado	ACT: Revelar foto	
480 Minutes	[E1]	ACQUIRE RESOURCES	ACT: Revelar foto	WG: WG1 [[RT0],1]
480 Minutes	[E0]	RELEASED RESOURCE	[RES0]	Maquina 1	ROLE: Maquina revelado	ACT: Revelar foto	
480 Minutes	[E0]	RELEASE RESOURCES	ACT: Revelar foto
480 Minutes	[E1]	RELEASED RESOURCE	[RES1]	Maquina 2	ROLE: Maquina revelado	ACT: Revelar foto	
480 Minutes	[E1]	RELEASE RESOURCES	ACT: Revelar foto
480 Minutes	[E0]	REQUEST RESOURCES	ACT: Revelar foto
480 Minutes	[E1]	REQUEST RESOURCES	ACT: Revelar foto
480 Minutes	[E2]	CAUGHT RESOURCE	[RES0]	Maquina 1	ROLE: Maquina revelado	ACT: Revelar foto	
480 Minutes	[E2]	ACQUIRE RESOURCES	ACT: Revelar foto	WG: WG1 [[RT0],1]
480 Minutes	[E0]	CAUGHT RESOURCE	[RES1]	Maquina 2	ROLE: Maquina revelado	ACT: Revelar foto	
480 Minutes	[E0]	ACQUIRE RESOURCES	ACT: Revelar foto	WG: WG1 [[RT0],1]
480 Minutes	[E2]	RELEASED RESOURCE	[RES0]	Maquina 1	ROLE: Maquina revelado	ACT: Revelar foto	
480 Minutes	[E2]	RELEASE RESOURCES	ACT: Revelar foto
480 Minutes	[E0]	RELEASED RESOURCE	[RES1]	Maquina 2	ROLE: Maquina revelado	ACT: Revelar foto	
480 Minutes	[E0]	RELEASE RESOURCES	ACT: Revelar foto
480 Minutes	[E2]	REQUEST RESOURCES	ACT: Revelar foto
480 Minutes	[E0]	REQUEST RESOURCES	ACT: Revelar foto
480 Minutes	[E1]	CAUGHT RESOURCE	[RES0]	Maquina 1	ROLE: Maquina revelado	ACT: Revelar foto	
480 Minutes	[E1]	ACQUIRE RESOURCES	ACT: Revelar foto	WG: WG1 [[RT0],1]
480 Minutes	[E2]	CAUGHT RESOURCE	[RES1]	Maquina 2	ROLE: Maquina revelado	ACT: Revelar foto	
480 Minutes	[E2]	ACQUIRE RESOURCES	ACT: Revelar foto	WG: WG1 [[RT0],1]
480 Minutes	[E1]	RELEASED RESOURCE	[RES0]	Maquina 1	ROLE: Maquina revelado	ACT: Revelar foto	
480 Minutes	[E1]	RELEASE RESOURCES	ACT: Revelar foto
480 Minutes	[E2]	RELEASED RESOURCE	[RES1]	Maquina 2	ROLE: Maquina revelado	ACT: Revelar foto	
480 Minutes	[E2]	RELEASE RESOURCES	ACT: Revelar foto
480 Minutes	[E1]	REQUEST RESOURCES	ACT: Revelar foto
480 Minutes	[E2]	REQUEST RESOURCES	ACT: Revelar foto
480 Minutes	[E0]	CAUGHT RESOURCE	[RES0]	Maquina 1	ROLE: Maquina revelado	ACT: Revelar foto	
480 Minutes	[E0]	ACQUIRE RESOURCES	ACT: Revelar foto	WG: WG1 [[RT0],1]
480 Minutes	[E1]	CAUGHT RESOURCE	[RES1]	Maquina 2	ROLE: Maquina revelado	ACT: Revelar foto	
480 Minutes	[E1]	ACQUIRE RESOURCES	ACT: Revelar foto	WG: WG1 [[RT0],1]
480 Minutes	[E0]	RELEASED RESOURCE	[RES0]	Maquina 1	ROLE: Maquina revelado	ACT: Revelar foto	
480 Minutes	[E0]	RELEASE RESOURCES	ACT: Revelar foto
480 Minutes	[E1]	RELEASED RESOURCE	[RES1]	Maquina 2	ROLE: Maquina revelado	ACT: Revelar foto	
480 Minutes	[E1]	RELEASE RESOURCES	ACT: Revelar foto
480 Minutes	[E0]	REQUEST RESOURCES	ACT: Revelar foto
480 Minutes	[E1]	REQUEST RESOURCES	ACT: Revelar foto
480 Minutes	[E2]	CAUGHT RESOURCE	[RES0]	Maquina 1	ROLE: Maquina revelado	ACT: Revelar foto	
480 Minutes	[E2]	ACQUIRE RESOURCES	ACT: Revelar foto	WG: WG1 [[RT0],1]
480 Minutes	[E0]	CAUGHT RESOURCE	[RES1]	Maquina 2	ROLE: Maquina revelado	ACT: Revelar foto	
480 Minutes	[E0]	ACQUIRE RESOURCES	ACT: Revelar foto	WG: WG1 [[RT0],1]
480 Minutes	[E2]	RELEASED RESOURCE	[RES0]	Maquina 1	ROLE: Maquina revelado	ACT: Revelar foto	
480 Minutes	[E2]	RELEASE RESOURCES	ACT: Revelar foto
480 Minutes	[E0]	RELEASED RESOURCE	[RES1]	Maquina 2	ROLE: Maquina revelado	ACT: Revelar foto	
480 Minutes	[E0]	RELEASE RESOURCES	ACT: Revelar foto
480 Minutes	[E2]	REQUEST RESOURCES	ACT: Revelar foto
480 Minutes	[E0]	REQUEST RESOURCES	ACT: Revelar foto
480 Minutes	[E1]	CAUGHT RESOURCE	[RES0]	Maquina 1	ROLE: Maquina revelado	ACT: Revelar foto	
480 Minutes	[E1]	ACQUIRE RESOURCES	ACT: Revelar foto	WG: WG1 [[RT0],1]
480 Minutes	[E2]	CAUGHT RESOURCE	[RES1]	Maquina 2	ROLE: Maquina revelado	ACT: Revelar foto	
480 Minutes	[E2]	ACQUIRE RESOURCES	ACT: Revelar foto	WG: WG1 [[RT0],1]
480 Minutes	[E1]	RELEASED RESOURCE	[RES0]	Maquina 1	ROLE: Maquina revelado	ACT: Revelar foto	
480 Minutes	[E1]	RELEASE RESOURCES	ACT: Revelar foto
480 Minutes	[E2]	RELEASED RESOURCE	[RES1]	Maquina 2	ROLE: Maquina revelado	ACT: Revelar foto	
480 Minutes	[E2]	RELEASE RESOURCES	ACT: Revelar foto
480 Minutes	[E1]	REQUEST RESOURCES	ACT: Revelar foto
480 Minutes	[E2]	REQUEST RESOURCES	ACT: Revelar foto
480 Minutes	[E0]	CAUGHT RESOURCE	[RES0]	Maquina 1	ROLE: Maquina revelado	ACT: Revelar foto	
480 Minutes	[E0]	ACQUIRE RESOURCES	ACT: Revelar foto	WG: WG1 [[RT0],1]
480 Minutes	[E1]	CAUGHT RESOURCE	[RES1]	Maquina 2	ROLE: Maquina revelado	ACT: Revelar foto	
480 Minutes	[E1]	ACQUIRE RESOURCES	ACT: Revelar foto	WG: WG1 [[RT0],1]
480 Minutes	[E0]	RELEASED RESOURCE	[RES0]	Maquina 1	ROLE: Maquina revelado	ACT: Revelar foto	
480 Minutes	[E0]	RELEASE RESOURCES	ACT: Revelar foto
480 Minutes	[E1]	RELEASED RESOURCE	[RES1]	Maquina 2	ROLE: Maquina revelado	ACT: Revelar foto	
480 Minutes	[E1]	RELEASE RESOURCES	ACT: Revelar foto
480 Minutes	[E0]	REQUEST RESOURCES	ACT: Revelar foto
480 Minutes	[E1]	REQUEST RESOURCES	ACT: Revelar foto
480 Minutes	[E2]	CAUGHT RESOURCE	[RES0]	Maquina 1	ROLE: Maquina revelado	ACT: Revelar foto	
480 Minutes	[E2]	ACQUIRE RESOURCES	ACT: Revelar foto	WG: WG1 [[RT0],1]
480 Minutes	[E0]	CAUGHT RESOURCE	[RES1]	Maquina 2	ROLE: Maquina revelado	ACT: Revelar foto	
480 Minutes	[E0]	ACQUIRE RESOURCES	ACT: Revelar foto	WG: WG1 [[RT0],1]
480 Minutes	[E2]	RELEASED RESOURCE	[RES0]	Maquina 1	ROLE: Maquina revelado	ACT: Revelar foto	
480 Minutes	[E2]	RELEASE RESOURCES	ACT: Revelar foto
480 Minutes	[E0]	RELEASED RESOURCE	[RES1]	Maquina 2	ROLE: Maquina revelado	ACT: Revelar foto	
480 Minutes	[E0]	RELEASE RESOURCES	ACT: Revelar foto
480 Minutes	[E2]	REQUEST RESOURCES	ACT: Revelar foto
480 Minutes	[E0]	REQUEST RESOURCES	ACT: Revelar foto
480 Minutes	[E1]	CAUGHT RESOURCE	[RES0]	Maquina 1	ROLE: Maquina revelado	ACT: Revelar foto	
480 Minutes	[E1]	ACQUIRE RESOURCES	ACT: Revelar foto	WG: WG1 [[RT0],1]
480 Minutes	[E2]	CAUGHT RESOURCE	[RES1]	Maquina 2	ROLE: Maquina revelado	ACT: Revelar foto	
480 Minutes	[E2]	ACQUIRE RESOURCES	ACT: Revelar foto	WG: WG1 [[RT0],1]
480 Minutes	[E1]	RELEASED RESOURCE	[RES0]	Maquina 1	ROLE: Maquina revelado	ACT: Revelar foto	
480 Minutes	[E1]	RELEASE RESOURCES	ACT: Revelar foto
480 Minutes	[E2]	RELEASED RESOURCE	[RES1]	Maquina 2	ROLE: Maquina revelado	ACT: Revelar foto	
480 Minutes	[E2]	RELEASE RESOURCES	ACT: Revelar foto
480 Minutes	[E1]	REQUEST RESOURCES	ACT: Revelar foto
480 Minutes	[E2]	REQUEST RESOURCES	ACT: Revelar foto
480 Minutes	[E0]	CAUGHT RESOURCE	[RES0]	Maquina 1	ROLE: Maquina revelado	ACT: Revelar foto	
480 Minutes	[E0]	ACQUIRE RESOURCES	ACT: Revelar foto	WG: WG1 [[RT0],1]
480 Minutes	[E1]	CAUGHT RESOURCE	[RES1]	Maquina 2	ROLE: Maquina revelado	ACT: Revelar foto	
480 Minutes	[E1]	ACQUIRE RESOURCES	ACT: Revelar foto	WG: WG1 [[RT0],1]
480 Minutes	[E0]	RELEASED RESOURCE	[RES0]	Maquina 1	ROLE: Maquina revelado	ACT: Revelar foto	
480 Minutes	[E0]	RELEASE RESOURCES	ACT: Revelar foto
480 Minutes	[E1]	RELEASED RESOURCE	[RES1]	Maquina 2	ROLE: Maquina revelado	ACT: Revelar foto	
480 Minutes	[E1]	RELEASE RESOURCES	ACT: Revelar foto
480 Minutes	[E0]	REQUEST RESOURCES	ACT: Revelar foto
480 Minutes	[E1]	REQUEST RESOURCES	ACT: Revelar foto
480 Minutes	[E2]	CAUGHT RESOURCE	[RES0]	Maquina 1	ROLE: Maquina revelado	ACT: Revelar foto	
480 Minutes	[E2]	ACQUIRE RESOURCES	ACT: Revelar foto	WG: WG1 [[RT0],1]
480 Minutes	[E0]	CAUGHT RESOURCE	[RES1]	Maquina 2	ROLE: Maquina revelado	ACT: Revelar foto	
480 Minutes	[E0]	ACQUIRE RESOURCES	ACT: Revelar foto	WG: WG1 [[RT0],1]
480 Minutes	[E2]	RELEASED RESOURCE	[RES0]	Maquina 1	ROLE: Maquina revelado	ACT: Revelar foto	
480 Minutes	[E2]	RELEASE RESOURCES	ACT: Revelar foto
480 Minutes	[E0]	RELEASED RESOURCE	[RES1]	Maquina 2	ROLE: Maquina revelado	ACT: Revelar foto	
480 Minutes	[E0]	RELEASE RESOURCES	ACT: Revelar foto
480 Minutes	[E0]	ELEMENT FINISH	ET: Cliente
480 Minutes	[E2]	REQUEST RESOURCES	ACT: Revelar foto
480 Minutes	[E1]	CAUGHT RESOURCE	[RES0]	Maquina 1	ROLE: Maquina revelado	ACT: Revelar foto	
480 Minutes	[E1]	ACQUIRE RESOURCES	ACT: Revelar foto	WG: WG1 [[RT0],1]
480 Minutes	[E2]	CAUGHT RESOURCE	[RES1]	Maquina 2	ROLE: Maquina revelado	ACT: Revelar foto	
480 Minutes	[E2]	ACQUIRE RESOURCES	ACT: Revelar foto	WG: WG1 [[RT0],1]
480 Minutes	[E1]	RELEASED RESOURCE	[RES0]	Maquina 1	ROLE: Maquina revelado	ACT: Revelar foto	
480 Minutes	[E1]	RELEASE RESOURCES	ACT: Revelar foto
480 Minutes	[E1]	ELEMENT FINISH	ET: Cliente
480 Minutes	[E2]	RELEASED RESOURCE	[RES1]	Maquina 2	ROLE: Maquina revelado	ACT: Revelar foto	
480 Minutes	[E2]	RELEASE RESOURCES	ACT: Revelar foto
480 Minutes	[E2]	ELEMENT FINISH	ET: Cliente
900 Minutes	[RES1]	ROLE OFF	Maquina 2	RT: Maquina revelado
900 Minutes	[RES0]	ROLE OFF	Maquina 1	RT: Maquina revelado
1440 Minutes	[SIM]	SIMULATION ENDS
CPU Time = 2 miliseconds.
]]></system-out>
  </testcase>
  <testcase name="testAllWFP(int)[17]" classname="es.ull.WFP.TestWFP" time="0.006">
    <system-out><![CDATA[0 Minutes	[SIM]	SIMULATION STARTS
0 Minutes	[E0]	ELEMENT START	ET: Cliente
0 Minutes	[E1]	ELEMENT START	ET: Cliente
0 Minutes	[E2]	ELEMENT START	ET: Cliente
0 Minutes	[RES0]	RESOURCE START	Maquina 1
0 Minutes	[E0]	REQUEST RESOURCES	ACT: Revelar foto
0 Minutes	[E1]	REQUEST RESOURCES	ACT: Revelar foto
0 Minutes	[RES1]	RESOURCE START	Maquina 2
0 Minutes	[E2]	REQUEST RESOURCES	ACT: Revelar foto
480 Minutes	[RES0]	ROLE ON	Maquina 1	RT: Maquina revelado
480 Minutes	[RES1]	ROLE ON	Maquina 2	RT: Maquina revelado
480 Minutes	[E0]	CAUGHT RESOURCE	[RES0]	Maquina 1	ROLE: Maquina revelado	ACT: Revelar foto	
480 Minutes	[E0]	ACQUIRE RESOURCES	ACT: Revelar foto	WG: WG1 [[RT0],1]
480 Minutes	[E1]	CAUGHT RESOURCE	[RES1]	Maquina 2	ROLE: Maquina revelado	ACT: Revelar foto	
480 Minutes	[E1]	ACQUIRE RESOURCES	ACT: Revelar foto	WG: WG1 [[RT0],1]
480 Minutes	[E0]	RELEASED RESOURCE	[RES0]	Maquina 1	ROLE: Maquina revelado	ACT: Revelar foto	
480 Minutes	[E0]	RELEASE RESOURCES	ACT: Revelar foto
480 Minutes	[E1]	RELEASED RESOURCE	[RES1]	Maquina 2	ROLE: Maquina revelado	ACT: Revelar foto	
480 Minutes	[E1]	RELEASE RESOURCES	ACT: Revelar foto
480 Minutes	[E0]	REQUEST RESOURCES	ACT: Revelar foto
480 Minutes	[E1]	REQUEST RESOURCES	ACT: Revelar foto
480 Minutes	[E2]	CAUGHT RESOURCE	[RES0]	Maquina 1	ROLE: Maquina revelado	ACT: Revelar foto	
480 Minutes	[E2]	ACQUIRE RESOURCES	ACT: Revelar foto	WG: WG1 [[RT0],1]
480 Minutes	[E0]	CAUGHT RESOURCE	[RES1]	Maquina 2	ROLE: Maquina revelado	ACT: Revelar foto	
480 Minutes	[E0]	ACQUIRE RESOURCES	ACT: Revelar foto	WG: WG1 [[RT0],1]
480 Minutes	[E2]	RELEASED RESOURCE	[RES0]	Maquina 1	ROLE: Maquina revelado	ACT: Revelar foto	
480 Minutes	[E2]	RELEASE RESOURCES	ACT: Revelar foto
480 Minutes	[E0]	RELEASED RESOURCE	[RES1]	Maquina 2	ROLE: Maquina revelado	ACT: Revelar foto	
480 Minutes	[E0]	RELEASE RESOURCES	ACT: Revelar foto
480 Minutes	[E2]	REQUEST RESOURCES	ACT: Revelar foto
480 Minutes	[E0]	REQUEST RESOURCES	ACT: Revelar foto
480 Minutes	[E1]	CAUGHT RESOURCE	[RES0]	Maquina 1	ROLE: Maquina revelado	ACT: Revelar foto	
480 Minutes	[E1]	ACQUIRE RESOURCES	ACT: Revelar foto	WG: WG1 [[RT0],1]
480 Minutes	[E2]	CAUGHT RESOURCE	[RES1]	Maquina 2	ROLE: Maquina revelado	ACT: Revelar foto	
480 Minutes	[E2]	ACQUIRE RESOURCES	ACT: Revelar foto	WG: WG1 [[RT0],1]
480 Minutes	[E1]	RELEASED RESOURCE	[RES0]	Maquina 1	ROLE: Maquina revelado	ACT: Revelar foto	
480 Minutes	[E1]	RELEASE RESOURCES	ACT: Revelar foto
480 Minutes	[E2]	RELEASED RESOURCE	[RES1]	Maquina 2	ROLE: Maquina revelado	ACT: Revelar foto	
480 Minutes	[E2]	RELEASE RESOURCES	ACT: Revelar foto
480 Minutes	[E1]	REQUEST RESOURCES	ACT: Revelar foto
480 Minutes	[E2]	REQUEST RESOURCES	ACT: Revelar foto
480 Minutes	[E0]	CAUGHT RESOURCE	[RES0]	Maquina 1	ROLE: Maquina revelado	ACT: Revelar foto	
480 Minutes	[E0]	ACQUIRE RESOURCES	ACT: Revelar foto	WG: WG1 [[RT0],1]
480 Minutes	[E1]	CAUGHT RESOURCE	[RES1]	Maquina 2	ROLE: Maquina revelado	ACT: Revelar foto	
480 Minutes	[E1]	ACQUIRE RESOURCES	ACT: Revelar foto	WG: WG1 [[RT0],1]
480 Minutes	[E0]	RELEASED RESOURCE	[RES0]	Maquina 1	ROLE: Maquina revelado	ACT: Revelar foto	
480 Minutes	[E0]	RELEASE RESOURCES	ACT: Revelar foto
480 Minutes	[E1]	RELEASED RESOURCE	[RES1]	Maquina 2	ROLE: Maquina revelado	ACT: Revelar foto	
480 Minutes	[E1]	RELEASE RESOURCES	ACT: Revelar foto
480 Minutes	[E0]	REQUEST RESOURCES	ACT: Revelar foto
480 Minutes	[E1]	REQUEST RESOURCES	ACT: Revelar foto
480 Minutes	[E2]	CAUGHT RESOURCE	[RES0]	Maquina 1	ROLE: Maquina revelado	ACT: Revelar foto	
480 Minutes	[E2]	ACQUIRE RESOURCES	ACT: Revelar foto	WG: WG1 [[RT0],1]
480 Minutes	[E0]	CAUGHT RESOURCE	[RES1]	Maquina 2	ROLE: Maquina revelado	ACT: Revelar foto	
480 Minutes	[E0]	ACQUIRE RESOURCES	ACT: Revelar foto	WG: WG1 [[RT0],1]
480 Minutes	[E2]	RELEASED RESOURCE	[RES0]	Maquina 1	ROLE: Maquina revelado	ACT: Revelar foto	
480 Minutes	[E2]	RELEASE RESOURCES	ACT: Revelar foto
480 Minutes	[E0]	RELEASED RESOURCE	[RES1]	Maquina 2	ROLE: Maquina revelado	ACT: Revelar foto	
480 Minutes	[E0]	RELEASE RESOURCES	ACT: Revelar foto
480 Minutes	[E2]	REQUEST RESOURCES	ACT: Revelar foto
480 Minutes	[E0]	REQUEST RESOURCES	ACT: Revelar foto
480 Minutes	[E1]	CAUGHT RESOURCE	[RES0]	Maquina 1	ROLE: Maquina revelado	ACT: Revelar foto	
480 Minutes	[E1]	ACQUIRE RESOURCES	ACT: Revelar foto	WG: WG1 [[RT0],1]
480 Minutes	[E2]	CAUGHT RESOURCE	[RES1]	Maquina 2	ROLE: Maquina revelado	ACT: Revelar foto	
480 Minutes	[E2]	ACQUIRE RESOURCES	ACT: Revelar foto	WG: WG1 [[RT0],1]
480 Minutes	[E1]	RELEASED RESOURCE	[RES0]	Maquina 1	ROLE: Maquina revelado	ACT: Revelar foto	
480 Minutes	[E1]	RELEASE RESOURCES	ACT: Revelar foto
480 Minutes	[E2]	RELEASED RESOURCE	[RES1]	Maquina 2	ROLE: Maquina revelado	ACT: Revelar foto	
480 Minutes	[E2]	RELEASE RESOURCES	ACT: Revelar foto
480 Minutes	[E1]	REQUEST RESOURCES	ACT: Revelar foto
480 Minutes	[E2]	REQUEST RESOURCES	ACT: Revelar foto
480 Minutes	[E0]	CAUGHT RESOURCE	[RES0]	Maquina 1	ROLE: Maquina revelado	ACT: Revelar foto	
480 Minutes	[E0]	ACQUIRE RESOURCES	ACT: Revelar foto	WG: WG1 [[RT0],1]
480 Minutes	[E1]	CAUGHT RESOURCE	[RES1]	Maquina 2	ROLE: Maquina revelado	ACT: Revelar foto	
480 Minutes	[E1]	ACQUIRE RESOURCES	ACT: Revelar foto	WG: WG1 [[RT0],1]
480 Minutes	[E0]	RELEASED RESOURCE	[RES0]	Maquina 1	ROLE: Maquina revelado	ACT: Revelar foto	
480 Minutes	[E0]	RELEASE RESOURCES	ACT: Revelar foto
480 Minutes	[E1]	RELEASED RESOURCE	[RES1]	Maquina 2	ROLE: Maquina revelado	ACT: Revelar foto	
480 Minutes	[E1]	RELEASE RESOURCES	ACT: Revelar foto
480 Minutes	[E0]	REQUEST RESOURCES	ACT: Revelar foto
480 Minutes	[E1]	REQUEST RESOURCES	ACT: Revelar foto
480 Minutes	[E2]	CAUGHT RESOURCE	[RES0]	Maquina 1	ROLE: Maquina revelado	ACT: Revelar foto	
480 Minutes	[E2]	ACQUIRE RESOURCES	ACT: Revelar foto	WG: WG1 [[RT0],1]
480 Minutes	[E0]	CAUGHT RESOURCE	[RES1]	Maquina 2	ROLE: Maquina revelado	ACT: Revelar foto	
480 Minutes	[E0]	ACQUIRE RESOURCES	ACT: Revelar foto	WG: WG1 [[RT0],1]
480 Minutes	[E2]	RELEASED RESOURCE	[RES0]	Maquina 1	ROLE: Maquina revelado	ACT: Revelar foto	
480 Minutes	[E2]	RELEASE RESOURCES	ACT: Revelar foto
480 Minutes	[E0]	RELEASED RESOURCE	[RES1]	Maquina 2	ROLE: Maquina revelado	ACT: Revelar foto	
480 Minutes	[E0]	RELEASE RESOURCES	ACT: Revelar foto
480 Minutes	[E2]	REQUEST RESOURCES	ACT: Revelar foto
480 Minutes	[E0]	REQUEST RESOURCES	ACT: Revelar foto
480 Minutes	[E1]	CAUGHT RESOURCE	[RES0]	Maquina 1	ROLE: Maquina revelado	ACT: Revelar foto	
480 Minutes	[E1]	ACQUIRE RESOURCES	ACT: Revelar foto	WG: WG1 [[RT0],1]
480 Minutes	[E2]	CAUGHT RESOURCE	[RES1]	Maquina 2	ROLE: Maquina revelado	ACT: Revelar foto	
480 Minutes	[E2]	ACQUIRE RESOURCES	ACT: Revelar foto	WG: WG1 [[RT0],1]
480 Minutes	[E1]	RELEASED RESOURCE	[RES0]	Maquina 1	ROLE: Maquina revelado	ACT: Revelar foto	
480 Minutes	[E1]	RELEASE RESOURCES	ACT: Revelar foto
480 Minutes	[E2]	RELEASED RESOURCE	[RES1]	Maquina 2	ROLE: Maquina revelado	ACT: Revelar foto	
480 Minutes	[E2]	RELEASE RESOURCES	ACT: Revelar foto
480 Minutes	[E1]	REQUEST RESOURCES	ACT: Revelar foto
480 Minutes	[E2]	REQUEST RESOURCES	ACT: Revelar foto
480 Minutes	[E0]	CAUGHT RESOURCE	[RES0]	Maquina 1	ROLE: Maquina revelado	ACT: Revelar foto	
480 Minutes	[E0]	ACQUIRE RESOURCES	ACT: Revelar foto	WG: WG1 [[RT0],1]
480 Minutes	[E1]	CAUGHT RESOURCE	[RES1]	Maquina 2	ROLE: Maquina revelado	ACT: Revelar foto	
480 Minutes	[E1]	ACQUIRE RESOURCES	ACT: Revelar foto	WG: WG1 [[RT0],1]
480 Minutes	[E0]	RELEASED RESOURCE	[RES0]	Maquina 1	ROLE: Maquina revelado	ACT: Revelar foto	
480 Minutes	[E0]	RELEASE RESOURCES	ACT: Revelar foto
480 Minutes	[E1]	RELEASED RESOURCE	[RES1]	Maquina 2	ROLE: Maquina revelado	ACT: Revelar foto	
480 Minutes	[E1]	RELEASE RESOURCES	ACT: Revelar foto
480 Minutes	[E0]	REQUEST RESOURCES	ACT: Revelar foto
480 Minutes	[E1]	REQUEST RESOURCES	ACT: Revelar foto
480 Minutes	[E2]	CAUGHT RESOURCE	[RES0]	Maquina 1	ROLE: Maquina revelado	ACT: Revelar foto	
480 Minutes	[E2]	ACQUIRE RESOURCES	ACT: Revelar foto	WG: WG1 [[RT0],1]
480 Minutes	[E0]	CAUGHT RESOURCE	[RES1]	Maquina 2	ROLE: Maquina revelado	ACT: Revelar foto	
480 Minutes	[E0]	ACQUIRE RESOURCES	ACT: Revelar foto	WG: WG1 [[RT0],1]
480 Minutes	[E2]	RELEASED RESOURCE	[RES0]	Maquina 1	ROLE: Maquina revelado	ACT: Revelar foto	
480 Minutes	[E2]	RELEASE RESOURCES	ACT: Revelar foto
480 Minutes	[E0]	RELEASED RESOURCE	[RES1]	Maquina 2	ROLE: Maquina revelado	ACT: Revelar foto	
480 Minutes	[E0]	RELEASE RESOURCES	ACT: Revelar foto
480 Minutes	[E2]	REQUEST RESOURCES	ACT: Revelar foto
480 Minutes	[E0]	REQUEST RESOURCES	ACT: Revelar foto
480 Minutes	[E1]	CAUGHT RESOURCE	[RES0]	Maquina 1	ROLE: Maquina revelado	ACT: Revelar foto	
480 Minutes	[E1]	ACQUIRE RESOURCES	ACT: Revelar foto	WG: WG1 [[RT0],1]
480 Minutes	[E2]	CAUGHT RESOURCE	[RES1]	Maquina 2	ROLE: Maquina revelado	ACT: Revelar foto	
480 Minutes	[E2]	ACQUIRE RESOURCES	ACT: Revelar foto	WG: WG1 [[RT0],1]
480 Minutes	[E1]	RELEASED RESOURCE	[RES0]	Maquina 1	ROLE: Maquina revelado	ACT: Revelar foto	
480 Minutes	[E1]	RELEASE RESOURCES	ACT: Revelar foto
480 Minutes	[E2]	RELEASED RESOURCE	[RES1]	Maquina 2	ROLE: Maquina revelado	ACT: Revelar foto	
480 Minutes	[E2]	RELEASE RESOURCES	ACT: Revelar foto
480 Minutes	[E1]	REQUEST RESOURCES	ACT: Revelar foto
480 Minutes	[E2]	REQUEST RESOURCES	ACT: Revelar foto
480 Minutes	[E0]	CAUGHT RESOURCE	[RES0]	Maquina 1	ROLE: Maquina revelado	ACT: Revelar foto	
480 Minutes	[E0]	ACQUIRE RESOURCES	ACT: Revelar foto	WG: WG1 [[RT0],1]
480 Minutes	[E1]	CAUGHT RESOURCE	[RES1]	Maquina 2	ROLE: Maquina revelado	ACT: Revelar foto	
480 Minutes	[E1]	ACQUIRE RESOURCES	ACT: Revelar foto	WG: WG1 [[RT0],1]
480 Minutes	[E0]	RELEASED RESOURCE	[RES0]	Maquina 1	ROLE: Maquina revelado	ACT: Revelar foto	
480 Minutes	[E0]	RELEASE RESOURCES	ACT: Revelar foto
480 Minutes	[E1]	RELEASED RESOURCE	[RES1]	Maquina 2	ROLE: Maquina revelado	ACT: Revelar foto	
480 Minutes	[E1]	RELEASE RESOURCES	ACT: Revelar foto
480 Minutes	[E0]	REQUEST RESOURCES	ACT: Revelar foto
480 Minutes	[E1]	REQUEST RESOURCES	ACT: Revelar foto
480 Minutes	[E2]	CAUGHT RESOURCE	[RES0]	Maquina 1	ROLE: Maquina revelado	ACT: Revelar foto	
480 Minutes	[E2]	ACQUIRE RESOURCES	ACT: Revelar foto	WG: WG1 [[RT0],1]
480 Minutes	[E0]	CAUGHT RESOURCE	[RES1]	Maquina 2	ROLE: Maquina revelado	ACT: Revelar foto	
480 Minutes	[E0]	ACQUIRE RESOURCES	ACT: Revelar foto	WG: WG1 [[RT0],1]
480 Minutes	[E2]	RELEASED RESOURCE	[RES0]	Maquina 1	ROLE: Maquina revelado	ACT: Revelar foto	
480 Minutes	[E2]	RELEASE RESOURCES	ACT: Revelar foto
480 Minutes	[E0]	RELEASED RESOURCE	[RES1]	Maquina 2	ROLE: Maquina revelado	ACT: Revelar foto	
480 Minutes	[E0]	RELEASE RESOURCES	ACT: Revelar foto
480 Minutes	[E0]	ELEMENT FINISH	ET: Cliente
480 Minutes	[E2]	REQUEST RESOURCES	ACT: Revelar foto
480 Minutes	[E1]	CAUGHT RESOURCE	[RES0]	Maquina 1	ROLE: Maquina revelado	ACT: Revelar foto	
480 Minutes	[E1]	ACQUIRE RESOURCES	ACT: Revelar foto	WG: WG1 [[RT0],1]
480 Minutes	[E2]	CAUGHT RESOURCE	[RES1]	Maquina 2	ROLE: Maquina revelado	ACT: Revelar foto	
480 Minutes	[E2]	ACQUIRE RESOURCES	ACT: Revelar foto	WG: WG1 [[RT0],1]
480 Minutes	[E1]	RELEASED RESOURCE	[RES0]	Maquina 1	ROLE: Maquina revelado	ACT: Revelar foto	
480 Minutes	[E1]	RELEASE RESOURCES	ACT: Revelar foto
480 Minutes	[E1]	ELEMENT FINISH	ET: Cliente
480 Minutes	[E2]	RELEASED RESOURCE	[RES1]	Maquina 2	ROLE: Maquina revelado	ACT: Revelar foto	
480 Minutes	[E2]	RELEASE RESOURCES	ACT: Revelar foto
480 Minutes	[E2]	ELEMENT FINISH	ET: Cliente
900 Minutes	[RES1]	ROLE OFF	Maquina 2	RT: Maquina revelado
900 Minutes	[RES0]	ROLE OFF	Maquina 1	RT: Maquina revelado
1440 Minutes	[SIM]	SIMULATION ENDS
CPU Time = 2 miliseconds.
]]></system-out>
  </testcase>
  <testcase name="testAllWFP(int)[18]" classname="es.ull.WFP.TestWFP" time="0.006">
    <system-out><![CDATA[0 Minutes	[SIM]	SIMULATION STARTS
0 Minutes	[E0]	ELEMENT START	ET: Asistente
0 Minutes	[E1]	ELEMENT START	ET: Asistente
0 Minutes	[E2]	ELEMENT START	ET: Asistente
0 Minutes	[RES0]	RESOURCE START	Asistente 1
0 Minutes	[RES2]	RESOURCE START	Segurita 1
0 Minutes	[RES3]	RESOURCE START	Segurita 2
0 Minutes	[E2]	REQUEST RESOURCES	ACT: Confirmar llegada delegacion
0 Minutes	[E2]	REQUEST RESOURCES	ACT: Chequeo de seguridad
0 Minutes	[RES1]	RESOURCE START	Asistente 2
0 Minutes	[E0]	REQUEST RESOURCES	ACT: Confirmar llegada delegacion
0 Minutes	[E0]	REQUEST RESOURCES	ACT: Chequeo de seguridad
0 Minutes	[E1]	REQUEST RESOURCES	ACT: Confirmar llegada delegacion
0 Minutes	[E1]	REQUEST RESOURCES	ACT: Chequeo de seguridad
480 Minutes	[RES0]	ROLE ON	Asistente 1	RT: Asistente
480 Minutes	[RES3]	ROLE ON	Segurita 2	RT: Personal Seguridad
480 Minutes	[RES2]	ROLE ON	Segurita 1	RT: Personal Seguridad
480 Minutes	[RES1]	ROLE ON	Asistente 2	RT: Asistente
480 Minutes	[E2]	CAUGHT RESOURCE	[RES0]	Asistente 1	ROLE: Asistente	ACT: Confirmar llegada delegacion	
480 Minutes	[E2]	ACQUIRE RESOURCES	ACT: Confirmar llegada delegacion	WG: WG2 [[RT0],1]
480 Minutes	[E2]	START DELAY	ACT: Confirmar llegada delegacion	WG: WG2 [[RT0],1]
480 Minutes	[E0]	CAUGHT RESOURCE	[RES1]	Asistente 2	ROLE: Asistente	ACT: Confirmar llegada delegacion	
480 Minutes	[E0]	ACQUIRE RESOURCES	ACT: Confirmar llegada delegacion	WG: WG2 [[RT0],1]
480 Minutes	[E0]	START DELAY	ACT: Confirmar llegada delegacion	WG: WG2 [[RT0],1]
480 Minutes	[E2]	CAUGHT RESOURCE	[RES3]	Segurita 2	ROLE: Personal Seguridad	ACT: Chequeo de seguridad	
480 Minutes	[E2]	ACQUIRE RESOURCES	ACT: Chequeo de seguridad	WG: WG3 [[RT1],1]
480 Minutes	[E2]	START DELAY	ACT: Chequeo de seguridad	WG: WG3 [[RT1],1]
480 Minutes	[E0]	CAUGHT RESOURCE	[RES2]	Segurita 1	ROLE: Personal Seguridad	ACT: Chequeo de seguridad	
480 Minutes	[E0]	ACQUIRE RESOURCES	ACT: Chequeo de seguridad	WG: WG3 [[RT1],1]
480 Minutes	[E0]	START DELAY	ACT: Chequeo de seguridad	WG: WG3 [[RT1],1]
495 Minutes	[E2]	END DELAY	ACT: Confirmar llegada delegacion	WG: WG2 [[RT0],1]
495 Minutes	[E0]	END DELAY	ACT: Confirmar llegada delegacion	WG: WG2 [[RT0],1]
495 Minutes	[E2]	RELEASED RESOURCE	[RES0]	Asistente 1	ROLE: Asistente	ACT: Confirmar llegada delegacion	
495 Minutes	[E2]	RELEASE RESOURCES	ACT: Confirmar llegada delegacion
495 Minutes	[E0]	RELEASED RESOURCE	[RES1]	Asistente 2	ROLE: Asistente	ACT: Confirmar llegada delegacion	
495 Minutes	[E0]	RELEASE RESOURCES	ACT: Confirmar llegada delegacion
495 Minutes	[E2]	REQUEST RESOURCES	ACT: Preparacion para nueva delegacion
495 Minutes	[E0]	REQUEST RESOURCES	ACT: Preparacion para nueva delegacion
495 Minutes	[E1]	CAUGHT RESOURCE	[RES0]	Asistente 1	ROLE: Asistente	ACT: Confirmar llegada delegacion	
495 Minutes	[E1]	ACQUIRE RESOURCES	ACT: Confirmar llegada delegacion	WG: WG2 [[RT0],1]
495 Minutes	[E1]	START DELAY	ACT: Confirmar llegada delegacion	WG: WG2 [[RT0],1]
495 Minutes	[E2]	CAUGHT RESOURCE	[RES1]	Asistente 2	ROLE: Asistente	ACT: Preparacion para nueva delegacion	
495 Minutes	[E2]	ACQUIRE RESOURCES	ACT: Preparacion para nueva delegacion	WG: WG4 [[RT0],1]
495 Minutes	[E2]	START DELAY	ACT: Preparacion para nueva delegacion	WG: WG4 [[RT0],1]
500 Minutes	[E2]	END DELAY	ACT: Chequeo de seguridad	WG: WG3 [[RT1],1]
500 Minutes	[E0]	END DELAY	ACT: Chequeo de seguridad	WG: WG3 [[RT1],1]
500 Minutes	[E2]	RELEASED RESOURCE	[RES3]	Segurita 2	ROLE: Personal Seguridad	ACT: Chequeo de seguridad	
500 Minutes	[E2]	RELEASE RESOURCES	ACT: Chequeo de seguridad
500 Minutes	[E0]	RELEASED RESOURCE	[RES2]	Segurita 1	ROLE: Personal Seguridad	ACT: Chequeo de seguridad	
500 Minutes	[E0]	RELEASE RESOURCES	ACT: Chequeo de seguridad
500 Minutes	[E1]	CAUGHT RESOURCE	[RES3]	Segurita 2	ROLE: Personal Seguridad	ACT: Chequeo de seguridad	
500 Minutes	[E1]	ACQUIRE RESOURCES	ACT: Chequeo de seguridad	WG: WG3 [[RT1],1]
500 Minutes	[E1]	START DELAY	ACT: Chequeo de seguridad	WG: WG3 [[RT1],1]
510 Minutes	[E1]	END DELAY	ACT: Confirmar llegada delegacion	WG: WG2 [[RT0],1]
510 Minutes	[E2]	END DELAY	ACT: Preparacion para nueva delegacion	WG: WG4 [[RT0],1]
510 Minutes	[E1]	RELEASED RESOURCE	[RES0]	Asistente 1	ROLE: Asistente	ACT: Confirmar llegada delegacion	
510 Minutes	[E1]	RELEASE RESOURCES	ACT: Confirmar llegada delegacion
510 Minutes	[E2]	RELEASED RESOURCE	[RES1]	Asistente 2	ROLE: Asistente	ACT: Preparacion para nueva delegacion	
510 Minutes	[E2]	RELEASE RESOURCES	ACT: Preparacion para nueva delegacion
510 Minutes	[E2]	ELEMENT FINISH	ET: Asistente
510 Minutes	[E1]	REQUEST RESOURCES	ACT: Preparacion para nueva delegacion
510 Minutes	[E0]	CAUGHT RESOURCE	[RES0]	Asistente 1	ROLE: Asistente	ACT: Preparacion para nueva delegacion	
510 Minutes	[E0]	ACQUIRE RESOURCES	ACT: Preparacion para nueva delegacion	WG: WG4 [[RT0],1]
510 Minutes	[E0]	START DELAY	ACT: Preparacion para nueva delegacion	WG: WG4 [[RT0],1]
510 Minutes	[E1]	CAUGHT RESOURCE	[RES1]	Asistente 2	ROLE: Asistente	ACT: Preparacion para nueva delegacion	
510 Minutes	[E1]	ACQUIRE RESOURCES	ACT: Preparacion para nueva delegacion	WG: WG4 [[RT0],1]
510 Minutes	[E1]	START DELAY	ACT: Preparacion para nueva delegacion	WG: WG4 [[RT0],1]
520 Minutes	[E1]	END DELAY	ACT: Chequeo de seguridad	WG: WG3 [[RT1],1]
520 Minutes	[E1]	RELEASED RESOURCE	[RES3]	Segurita 2	ROLE: Personal Seguridad	ACT: Chequeo de seguridad	
520 Minutes	[E1]	RELEASE RESOURCES	ACT: Chequeo de seguridad
525 Minutes	[E0]	END DELAY	ACT: Preparacion para nueva delegacion	WG: WG4 [[RT0],1]
525 Minutes	[E1]	END DELAY	ACT: Preparacion para nueva delegacion	WG: WG4 [[RT0],1]
525 Minutes	[E0]	RELEASED RESOURCE	[RES0]	Asistente 1	ROLE: Asistente	ACT: Preparacion para nueva delegacion	
525 Minutes	[E0]	RELEASE RESOURCES	ACT: Preparacion para nueva delegacion
525 Minutes	[E0]	ELEMENT FINISH	ET: Asistente
525 Minutes	[E1]	RELEASED RESOURCE	[RES1]	Asistente 2	ROLE: Asistente	ACT: Preparacion para nueva delegacion	
525 Minutes	[E1]	RELEASE RESOURCES	ACT: Preparacion para nueva delegacion
525 Minutes	[E1]	ELEMENT FINISH	ET: Asistente
900 Minutes	[RES3]	ROLE OFF	Segurita 2	RT: Personal Seguridad
900 Minutes	[RES1]	ROLE OFF	Asistente 2	RT: Asistente
900 Minutes	[RES0]	ROLE OFF	Asistente 1	RT: Asistente
900 Minutes	[RES2]	ROLE OFF	Segurita 1	RT: Personal Seguridad
1440 Minutes	[SIM]	SIMULATION ENDS
CPU Time = 1 miliseconds.
]]></system-out>
  </testcase>
  <testcase name="testAllWFP(int)[19]" classname="es.ull.WFP.TestWFP" time="0.006">
    <system-out><![CDATA[0 Minutes	[SIM]	SIMULATION STARTS
0 Minutes	[E0]	ELEMENT START	ET: Peticion de cheque
0 Minutes	[E1]	ELEMENT START	ET: Peticion de cheque
0 Minutes	[E2]	ELEMENT START	ET: Peticion de cheque
0 Minutes	[RES0]	RESOURCE START	Director 1
0 Minutes	[E0]	REQUEST RESOURCES	ACT: AprobarCuenta
0 Minutes	[E1]	REQUEST RESOURCES	ACT: AprobarCuenta
0 Minutes	[E0]	REQUEST RESOURCES	ACT: AprobarCuenta
0 Minutes	[E1]	REQUEST RESOURCES	ACT: AprobarCuenta
0 Minutes	[E1]	REQUEST RESOURCES	ACT: AprobarCuenta
0 Minutes	[E0]	REQUEST RESOURCES	ACT: AprobarCuenta
0 Minutes	[RES1]	RESOURCE START	Director 2
0 Minutes	[E2]	REQUEST RESOURCES	ACT: AprobarCuenta
0 Minutes	[E2]	REQUEST RESOURCES	ACT: AprobarCuenta
0 Minutes	[E2]	REQUEST RESOURCES	ACT: AprobarCuenta
480 Minutes	[RES1]	ROLE ON	Director 2	RT: Director
480 Minutes	[RES0]	ROLE ON	Director 1	RT: Director
480 Minutes	[E0]	CAUGHT RESOURCE	[RES1]	Director 2	ROLE: Director	ACT: AprobarCuenta	
480 Minutes	[E0]	ACQUIRE RESOURCES	ACT: AprobarCuenta	WG: WG2 [[RT0],1]
480 Minutes	[E0]	START DELAY	ACT: AprobarCuenta	WG: WG2 [[RT0],1]
480 Minutes	[E1]	CAUGHT RESOURCE	[RES0]	Director 1	ROLE: Director	ACT: AprobarCuenta	
480 Minutes	[E1]	ACQUIRE RESOURCES	ACT: AprobarCuenta	WG: WG3 [[RT0],1]
480 Minutes	[E1]	START DELAY	ACT: AprobarCuenta	WG: WG3 [[RT0],1]
485 Minutes	[E0]	END DELAY	ACT: AprobarCuenta	WG: WG2 [[RT0],1]
485 Minutes	[E1]	END DELAY	ACT: AprobarCuenta	WG: WG3 [[RT0],1]
485 Minutes	[E0]	RELEASED RESOURCE	[RES1]	Director 2	ROLE: Director	ACT: AprobarCuenta	
485 Minutes	[E0]	RELEASE RESOURCES	ACT: AprobarCuenta
485 Minutes	[E1]	RELEASED RESOURCE	[RES0]	Director 1	ROLE: Director	ACT: AprobarCuenta	
485 Minutes	[E1]	RELEASE RESOURCES	ACT: AprobarCuenta
485 Minutes	[E0]	CAUGHT RESOURCE	[RES1]	Director 2	ROLE: Director	ACT: AprobarCuenta	
485 Minutes	[E0]	ACQUIRE RESOURCES	ACT: AprobarCuenta	WG: WG3 [[RT0],1]
485 Minutes	[E0]	START DELAY	ACT: AprobarCuenta	WG: WG3 [[RT0],1]
485 Minutes	[E1]	CAUGHT RESOURCE	[RES0]	Director 1	ROLE: Director	ACT: AprobarCuenta	
485 Minutes	[E1]	ACQUIRE RESOURCES	ACT: AprobarCuenta	WG: WG1 [[RT0],1]
485 Minutes	[E1]	START DELAY	ACT: AprobarCuenta	WG: WG1 [[RT0],1]
490 Minutes	[E0]	END DELAY	ACT: AprobarCuenta	WG: WG3 [[RT0],1]
490 Minutes	[E1]	END DELAY	ACT: AprobarCuenta	WG: WG1 [[RT0],1]
490 Minutes	[E0]	RELEASED RESOURCE	[RES1]	Director 2	ROLE: Director	ACT: AprobarCuenta	
490 Minutes	[E0]	RELEASE RESOURCES	ACT: AprobarCuenta
490 Minutes	[E1]	RELEASED RESOURCE	[RES0]	Director 1	ROLE: Director	ACT: AprobarCuenta	
490 Minutes	[E1]	RELEASE RESOURCES	ACT: AprobarCuenta
490 Minutes	[E1]	CAUGHT RESOURCE	[RES1]	Director 2	ROLE: Director	ACT: AprobarCuenta	
490 Minutes	[E1]	ACQUIRE RESOURCES	ACT: AprobarCuenta	WG: WG2 [[RT0],1]
490 Minutes	[E1]	START DELAY	ACT: AprobarCuenta	WG: WG2 [[RT0],1]
490 Minutes	[E0]	CAUGHT RESOURCE	[RES0]	Director 1	ROLE: Director	ACT: AprobarCuenta	
490 Minutes	[E0]	ACQUIRE RESOURCES	ACT: AprobarCuenta	WG: WG1 [[RT0],1]
490 Minutes	[E0]	START DELAY	ACT: AprobarCuenta	WG: WG1 [[RT0],1]
495 Minutes	[E1]	END DELAY	ACT: AprobarCuenta	WG: WG2 [[RT0],1]
495 Minutes	[E0]	END DELAY	ACT: AprobarCuenta	WG: WG1 [[RT0],1]
495 Minutes	[E1]	RELEASED RESOURCE	[RES1]	Director 2	ROLE: Director	ACT: AprobarCuenta	
495 Minutes	[E1]	RELEASE RESOURCES	ACT: AprobarCuenta
495 Minutes	[E0]	RELEASED RESOURCE	[RES0]	Director 1	ROLE: Director	ACT: AprobarCuenta	
495 Minutes	[E0]	RELEASE RESOURCES	ACT: AprobarCuenta
495 Minutes	[E1]	REQUEST RESOURCES	ACT: ExpedirCheque
495 Minutes	[E0]	REQUEST RESOURCES	ACT: ExpedirCheque
495 Minutes	[E2]	CAUGHT RESOURCE	[RES1]	Director 2	ROLE: Director	ACT: AprobarCuenta	
495 Minutes	[E2]	ACQUIRE RESOURCES	ACT: AprobarCuenta	WG: WG3 [[RT0],1]
495 Minutes	[E2]	START DELAY	ACT: AprobarCuenta	WG: WG3 [[RT0],1]
495 Minutes	[E2]	CAUGHT RESOURCE	[RES0]	Director 1	ROLE: Director	ACT: AprobarCuenta	
495 Minutes	[E2]	ACQUIRE RESOURCES	ACT: AprobarCuenta	WG: WG1 [[RT0],1]
495 Minutes	[E2]	START DELAY	ACT: AprobarCuenta	WG: WG1 [[RT0],1]
500 Minutes	[E2]	END DELAY	ACT: AprobarCuenta	WG: WG3 [[RT0],1]
500 Minutes	[E2]	END DELAY	ACT: AprobarCuenta	WG: WG1 [[RT0],1]
500 Minutes	[E2]	RELEASED RESOURCE	[RES1]	Director 2	ROLE: Director	ACT: AprobarCuenta	
500 Minutes	[E2]	RELEASE RESOURCES	ACT: AprobarCuenta
500 Minutes	[E2]	RELEASED RESOURCE	[RES0]	Director 1	ROLE: Director	ACT: AprobarCuenta	
500 Minutes	[E2]	RELEASE RESOURCES	ACT: AprobarCuenta
500 Minutes	[E2]	CAUGHT RESOURCE	[RES1]	Director 2	ROLE: Director	ACT: AprobarCuenta	
500 Minutes	[E2]	ACQUIRE RESOURCES	ACT: AprobarCuenta	WG: WG2 [[RT0],1]
500 Minutes	[E2]	START DELAY	ACT: AprobarCuenta	WG: WG2 [[RT0],1]
500 Minutes	[E1]	CAUGHT RESOURCE	[RES0]	Director 1	ROLE: Director	ACT: ExpedirCheque	
500 Minutes	[E1]	ACQUIRE RESOURCES	ACT: ExpedirCheque	WG: WG4 [[RT0],1]
500 Minutes	[E1]	START DELAY	ACT: ExpedirCheque	WG: WG4 [[RT0],1]
505 Minutes	[E2]	END DELAY	ACT: AprobarCuenta	WG: WG2 [[RT0],1]
505 Minutes	[E1]	END DELAY	ACT: ExpedirCheque	WG: WG4 [[RT0],1]
505 Minutes	[E2]	RELEASED RESOURCE	[RES1]	Director 2	ROLE: Director	ACT: AprobarCuenta	
505 Minutes	[E2]	RELEASE RESOURCES	ACT: AprobarCuenta
505 Minutes	[E1]	RELEASED RESOURCE	[RES0]	Director 1	ROLE: Director	ACT: ExpedirCheque	
505 Minutes	[E1]	RELEASE RESOURCES	ACT: ExpedirCheque
505 Minutes	[E1]	ELEMENT FINISH	ET: Peticion de cheque
505 Minutes	[E2]	REQUEST RESOURCES	ACT: ExpedirCheque
505 Minutes	[E0]	CAUGHT RESOURCE	[RES1]	Director 2	ROLE: Director	ACT: ExpedirCheque	
505 Minutes	[E0]	ACQUIRE RESOURCES	ACT: ExpedirCheque	WG: WG4 [[RT0],1]
505 Minutes	[E0]	START DELAY	ACT: ExpedirCheque	WG: WG4 [[RT0],1]
505 Minutes	[E2]	CAUGHT RESOURCE	[RES0]	Director 1	ROLE: Director	ACT: ExpedirCheque	
505 Minutes	[E2]	ACQUIRE RESOURCES	ACT: ExpedirCheque	WG: WG4 [[RT0],1]
505 Minutes	[E2]	START DELAY	ACT: ExpedirCheque	WG: WG4 [[RT0],1]
510 Minutes	[E0]	END DELAY	ACT: ExpedirCheque	WG: WG4 [[RT0],1]
510 Minutes	[E2]	END DELAY	ACT: ExpedirCheque	WG: WG4 [[RT0],1]
510 Minutes	[E0]	RELEASED RESOURCE	[RES1]	Director 2	ROLE: Director	ACT: ExpedirCheque	
510 Minutes	[E0]	RELEASE RESOURCES	ACT: ExpedirCheque
510 Minutes	[E0]	ELEMENT FINISH	ET: Peticion de cheque
510 Minutes	[E2]	RELEASED RESOURCE	[RES0]	Director 1	ROLE: Director	ACT: ExpedirCheque	
510 Minutes	[E2]	RELEASE RESOURCES	ACT: ExpedirCheque
510 Minutes	[E2]	ELEMENT FINISH	ET: Peticion de cheque
900 Minutes	[RES0]	ROLE OFF	Director 1	RT: Director
900 Minutes	[RES1]	ROLE OFF	Director 2	RT: Director
1440 Minutes	[SIM]	SIMULATION ENDS
CPU Time = 1 miliseconds.
]]></system-out>
  </testcase>
  <testcase name="testAllWFP(int)[20]" classname="es.ull.WFP.TestWFP" time="0.006">
    <system-out><![CDATA[0 Minutes	[SIM]	SIMULATION STARTS
0 Minutes	[E0]	ELEMENT START	ET: ET0
0 Minutes	[E1]	ELEMENT START	ET: ET0
0 Minutes	[E2]	ELEMENT START	ET: ET0
0 Minutes	[RES0]	RESOURCE START	RES0
0 Minutes	[RES2]	RESOURCE START	RES2
0 Minutes	[RES3]	RESOURCE START	RES3
0 Minutes	[RES1]	RESOURCE START	RES1
0 Minutes	[E2]	REQUEST RESOURCES	ACT: review warranty
0 Minutes	[E2]	REQUEST RESOURCES	ACT: check oil
0 Minutes	[E2]	REQUEST RESOURCES	ACT: examine main unit
0 Minutes	[E0]	REQUEST RESOURCES	ACT: examine main unit
0 Minutes	[E0]	REQUEST RESOURCES	ACT: review warranty
0 Minutes	[E1]	REQUEST RESOURCES	ACT: check oil
0 Minutes	[E1]	REQUEST RESOURCES	ACT: examine main unit
0 Minutes	[E0]	REQUEST RESOURCES	ACT: check oil
0 Minutes	[E1]	REQUEST RESOURCES	ACT: review warranty
480 Minutes	[RES2]	ROLE ON	RES2	RT: Technician
480 Minutes	[RES1]	ROLE ON	RES1	RT: Technician
480 Minutes	[RES3]	ROLE ON	RES3	RT: Technician
480 Minutes	[RES0]	ROLE ON	RES0	RT: Technician
480 Minutes	[E2]	CAUGHT RESOURCE	[RES2]	RES2	ROLE: Technician	ACT: review warranty	
480 Minutes	[E2]	ACQUIRE RESOURCES	ACT: review warranty	WG: WG3 [[RT0],1]
480 Minutes	[E2]	START DELAY	ACT: review warranty	WG: WG3 [[RT0],1]
480 Minutes	[E0]	CAUGHT RESOURCE	[RES1]	RES1	ROLE: Technician	ACT: examine main unit	
480 Minutes	[E0]	ACQUIRE RESOURCES	ACT: examine main unit	WG: WG2 [[RT0],1]
480 Minutes	[E0]	START DELAY	ACT: examine main unit	WG: WG2 [[RT0],1]
480 Minutes	[E1]	CAUGHT RESOURCE	[RES3]	RES3	ROLE: Technician	ACT: check oil	
480 Minutes	[E1]	ACQUIRE RESOURCES	ACT: check oil	WG: WG1 [[RT0],1]
480 Minutes	[E1]	START DELAY	ACT: check oil	WG: WG1 [[RT0],1]
485 Minutes	[E2]	END DELAY	ACT: review warranty	WG: WG3 [[RT0],1]
485 Minutes	[E0]	END DELAY	ACT: examine main unit	WG: WG2 [[RT0],1]
485 Minutes	[E1]	END DELAY	ACT: check oil	WG: WG1 [[RT0],1]
485 Minutes	[E2]	RELEASED RESOURCE	[RES2]	RES2	ROLE: Technician	ACT: review warranty	
485 Minutes	[E2]	RELEASE RESOURCES	ACT: review warranty
485 Minutes	[E0]	RELEASED RESOURCE	[RES1]	RES1	ROLE: Technician	ACT: examine main unit	
485 Minutes	[E0]	RELEASE RESOURCES	ACT: examine main unit
485 Minutes	[E1]	RELEASED RESOURCE	[RES3]	RES3	ROLE: Technician	ACT: check oil	
485 Minutes	[E1]	RELEASE RESOURCES	ACT: check oil
485 Minutes	[E2]	CAUGHT RESOURCE	[RES2]	RES2	ROLE: Technician	ACT: check oil	
485 Minutes	[E2]	ACQUIRE RESOURCES	ACT: check oil	WG: WG1 [[RT0],1]
485 Minutes	[E2]	START DELAY	ACT: check oil	WG: WG1 [[RT0],1]
485 Minutes	[E0]	CAUGHT RESOURCE	[RES1]	RES1	ROLE: Technician	ACT: review warranty	
485 Minutes	[E0]	ACQUIRE RESOURCES	ACT: review warranty	WG: WG3 [[RT0],1]
485 Minutes	[E0]	START DELAY	ACT: review warranty	WG: WG3 [[RT0],1]
485 Minutes	[E1]	CAUGHT RESOURCE	[RES3]	RES3	ROLE: Technician	ACT: examine main unit	
485 Minutes	[E1]	ACQUIRE RESOURCES	ACT: examine main unit	WG: WG2 [[RT0],1]
485 Minutes	[E1]	START DELAY	ACT: examine main unit	WG: WG2 [[RT0],1]
490 Minutes	[E2]	END DELAY	ACT: check oil	WG: WG1 [[RT0],1]
490 Minutes	[E0]	END DELAY	ACT: review warranty	WG: WG3 [[RT0],1]
490 Minutes	[E1]	END DELAY	ACT: examine main unit	WG: WG2 [[RT0],1]
490 Minutes	[E2]	RELEASED RESOURCE	[RES2]	RES2	ROLE: Technician	ACT: check oil	
490 Minutes	[E2]	RELEASE RESOURCES	ACT: check oil
490 Minutes	[E0]	RELEASED RESOURCE	[RES1]	RES1	ROLE: Technician	ACT: review warranty	
490 Minutes	[E0]	RELEASE RESOURCES	ACT: review warranty
490 Minutes	[E1]	RELEASED RESOURCE	[RES3]	RES3	ROLE: Technician	ACT: examine main unit	
490 Minutes	[E1]	RELEASE RESOURCES	ACT: examine main unit
490 Minutes	[E2]	CAUGHT RESOURCE	[RES2]	RES2	ROLE: Technician	ACT: examine main unit	
490 Minutes	[E2]	ACQUIRE RESOURCES	ACT: examine main unit	WG: WG2 [[RT0],1]
490 Minutes	[E2]	START DELAY	ACT: examine main unit	WG: WG2 [[RT0],1]
490 Minutes	[E0]	CAUGHT RESOURCE	[RES1]	RES1	ROLE: Technician	ACT: check oil	
490 Minutes	[E0]	ACQUIRE RESOURCES	ACT: check oil	WG: WG1 [[RT0],1]
490 Minutes	[E0]	START DELAY	ACT: check oil	WG: WG1 [[RT0],1]
490 Minutes	[E1]	CAUGHT RESOURCE	[RES3]	RES3	ROLE: Technician	ACT: review warranty	
490 Minutes	[E1]	ACQUIRE RESOURCES	ACT: review warranty	WG: WG3 [[RT0],1]
490 Minutes	[E1]	START DELAY	ACT: review warranty	WG: WG3 [[RT0],1]
495 Minutes	[E2]	END DELAY	ACT: examine main unit	WG: WG2 [[RT0],1]
495 Minutes	[E0]	END DELAY	ACT: check oil	WG: WG1 [[RT0],1]
495 Minutes	[E1]	END DELAY	ACT: review warranty	WG: WG3 [[RT0],1]
495 Minutes	[E2]	RELEASED RESOURCE	[RES2]	RES2	ROLE: Technician	ACT: examine main unit	
495 Minutes	[E2]	RELEASE RESOURCES	ACT: examine main unit
495 Minutes	[E0]	RELEASED RESOURCE	[RES1]	RES1	ROLE: Technician	ACT: check oil	
495 Minutes	[E0]	RELEASE RESOURCES	ACT: check oil
495 Minutes	[E1]	RELEASED RESOURCE	[RES3]	RES3	ROLE: Technician	ACT: review warranty	
495 Minutes	[E1]	RELEASE RESOURCES	ACT: review warranty
495 Minutes	[E2]	REQUEST RESOURCES	ACT: final check
495 Minutes	[E0]	REQUEST RESOURCES	ACT: final check
495 Minutes	[E1]	REQUEST RESOURCES	ACT: final check
495 Minutes	[E2]	CAUGHT RESOURCE	[RES2]	RES2	ROLE: Technician	ACT: final check	
495 Minutes	[E2]	ACQUIRE RESOURCES	ACT: final check	WG: WG4 [[RT0],1]
495 Minutes	[E2]	START DELAY	ACT: final check	WG: WG4 [[RT0],1]
495 Minutes	[E0]	CAUGHT RESOURCE	[RES1]	RES1	ROLE: Technician	ACT: final check	
495 Minutes	[E0]	ACQUIRE RESOURCES	ACT: final check	WG: WG4 [[RT0],1]
495 Minutes	[E0]	START DELAY	ACT: final check	WG: WG4 [[RT0],1]
495 Minutes	[E1]	CAUGHT RESOURCE	[RES3]	RES3	ROLE: Technician	ACT: final check	
495 Minutes	[E1]	ACQUIRE RESOURCES	ACT: final check	WG: WG4 [[RT0],1]
495 Minutes	[E1]	START DELAY	ACT: final check	WG: WG4 [[RT0],1]
500 Minutes	[E2]	END DELAY	ACT: final check	WG: WG4 [[RT0],1]
500 Minutes	[E0]	END DELAY	ACT: final check	WG: WG4 [[RT0],1]
500 Minutes	[E1]	END DELAY	ACT: final check	WG: WG4 [[RT0],1]
500 Minutes	[E2]	RELEASED RESOURCE	[RES2]	RES2	ROLE: Technician	ACT: final check	
500 Minutes	[E2]	RELEASE RESOURCES	ACT: final check
500 Minutes	[E2]	ELEMENT FINISH	ET: ET0
500 Minutes	[E0]	RELEASED RESOURCE	[RES1]	RES1	ROLE: Technician	ACT: final check	
500 Minutes	[E0]	RELEASE RESOURCES	ACT: final check
500 Minutes	[E0]	ELEMENT FINISH	ET: ET0
500 Minutes	[E1]	RELEASED RESOURCE	[RES3]	RES3	ROLE: Technician	ACT: final check	
500 Minutes	[E1]	RELEASE RESOURCES	ACT: final check
500 Minutes	[E1]	ELEMENT FINISH	ET: ET0
900 Minutes	[RES3]	ROLE OFF	RES3	RT: Technician
900 Minutes	[RES0]	ROLE OFF	RES0	RT: Technician
900 Minutes	[RES2]	ROLE OFF	RES2	RT: Technician
900 Minutes	[RES1]	ROLE OFF	RES1	RT: Technician
1440 Minutes	[SIM]	SIMULATION ENDS
CPU Time = 0 miliseconds.
]]></system-out>
  </testcase>
</testsuite>