<?xml version="1.0" encoding="UTF-8"?>
<testsuite xmlns:xsi="http://www.w3.org/2001/XMLSchema-instance" xsi:noNamespaceSchemaLocation="https://maven.apache.org/surefire/maven-surefire-plugin/xsd/surefire-test-report-3.0.xsd" version="3.0" name="es.ull.TestAll" time="0.215" tests="4" errors="0" skipped="0" failures="0">
  <properties>
    <property name="java.specification.version" value="17"/>
    <property name="sun.cpu.isalist" value="amd64"/>
    <property name="sun.jnu.encoding" value="Cp1252"/>
    <property name="java.class.path" value="c:\Users\masbe\git\JaDES-core\target\test-classes;c:\Users\masbe\git\JaDES-core\target\classes;C:\Users\masbe\.m2\repository\junit\junit\4.13.2\junit-4.13.2.jar;C:\Users\masbe\.m2\repository\org\hamcrest\hamcrest-core\1.3\hamcrest-core-1.3.jar;C:\Users\masbe\.m2\repository\es\ull\simulation\utils\1.0-SNAPSHOT\utils-1.0-SNAPSHOT.jar;C:\Users\masbe\.m2\repository\org\apache\logging\log4j\log4j-core\2.22.1\log4j-core-2.22.1.jar;C:\Users\masbe\.m2\repository\org\apache\logging\log4j\log4j-api\2.22.1\log4j-api-2.22.1.jar;C:\Users\masbe\.m2\repository\org\apache\poi\poi\5.2.3\poi-5.2.3.jar;C:\Users\masbe\.m2\repository\commons-codec\commons-codec\1.15\commons-codec-1.15.jar;C:\Users\masbe\.m2\repository\org\apache\commons\commons-collections4\4.4\commons-collections4-4.4.jar;C:\Users\masbe\.m2\repository\org\apache\commons\commons-math3\3.6.1\commons-math3-3.6.1.jar;C:\Users\masbe\.m2\repository\commons-io\commons-io\2.11.0\commons-io-2.11.0.jar;C:\Users\masbe\.m2\repository\com\zaxxer\SparseBitSet\1.2\SparseBitSet-1.2.jar;C:\Users\masbe\.m2\repository\org\jacoco\jacoco-maven-plugin\0.8.11\jacoco-maven-plugin-0.8.11.jar;C:\Users\masbe\.m2\repository\org\codehaus\plexus\plexus-utils\3.0.24\plexus-utils-3.0.24.jar;C:\Users\masbe\.m2\repository\org\apache\maven\shared\file-management\3.1.0\file-management-3.1.0.jar;C:\Users\masbe\.m2\repository\org\apache\maven\reporting\maven-reporting-api\3.0\maven-reporting-api-3.0.jar;C:\Users\masbe\.m2\repository\org\apache\maven\doxia\doxia-sink-api\1.0\doxia-sink-api-1.0.jar;C:\Users\masbe\.m2\repository\org\jacoco\org.jacoco.agent\0.8.11\org.jacoco.agent-0.8.11-runtime.jar;C:\Users\masbe\.m2\repository\org\jacoco\org.jacoco.core\0.8.11\org.jacoco.core-0.8.11.jar;C:\Users\masbe\.m2\repository\org\ow2\asm\asm\9.6\asm-9.6.jar;C:\Users\masbe\.m2\repository\org\ow2\asm\asm-commons\9.6\asm-commons-9.6.jar;C:\Users\masbe\.m2\repository\org\ow2\asm\asm-tree\9.6\asm-tree-9.6.jar;C:\Users\masbe\.m2\repository\org\jacoco\org.jacoco.report\0.8.11\org.jacoco.report-0.8.11.jar;C:\Users\masbe\.m2\repository\net\sourceforge\owlapi\owlapi-distribution\5.5.0\owlapi-distribution-5.5.0.jar;C:\Users\masbe\.m2\repository\net\sourceforge\owlapi\owlapi-compatibility\5.5.0\owlapi-compatibility-5.5.0.jar;C:\Users\masbe\.m2\repository\net\sourceforge\owlapi\owlapi-apibinding\5.5.0\owlapi-apibinding-5.5.0.jar;C:\Users\masbe\.m2\repository\net\sourceforge\owlapi\owlapi-api\5.5.0\owlapi-api-5.5.0.jar;C:\Users\masbe\.m2\repository\javax\inject\javax.inject\1\javax.inject-1.jar;C:\Users\masbe\.m2\repository\net\sourceforge\owlapi\owlapi-impl\5.5.0\owlapi-impl-5.5.0.jar;C:\Users\masbe\.m2\repository\net\sourceforge\owlapi\owlapi-parsers\5.5.0\owlapi-parsers-5.5.0.jar;C:\Users\masbe\.m2\repository\net\sourceforge\owlapi\owlapi-oboformat\5.5.0\owlapi-oboformat-5.5.0.jar;C:\Users\masbe\.m2\repository\net\sourceforge\owlapi\owlapi-tools\5.5.0\owlapi-tools-5.5.0.jar;C:\Users\masbe\.m2\repository\net\sourceforge\owlapi\owlapi-rio\5.5.0\owlapi-rio-5.5.0.jar;C:\Users\masbe\.m2\repository\com\fasterxml\jackson\core\jackson-core\2.14.0-rc2\jackson-core-2.14.0-rc2.jar;C:\Users\masbe\.m2\repository\com\fasterxml\jackson\core\jackson-databind\2.14.0-rc2\jackson-databind-2.14.0-rc2.jar;C:\Users\masbe\.m2\repository\com\fasterxml\jackson\core\jackson-annotations\2.14.0-rc2\jackson-annotations-2.14.0-rc2.jar;C:\Users\masbe\.m2\repository\org\apache\commons\commons-rdf-api\0.5.0\commons-rdf-api-0.5.0.jar;C:\Users\masbe\.m2\repository\org\tukaani\xz\1.9\xz-1.9.jar;C:\Users\masbe\.m2\repository\org\slf4j\slf4j-api\1.7.30\slf4j-api-1.7.30.jar;C:\Users\masbe\.m2\repository\org\slf4j\jcl-over-slf4j\1.7.30\jcl-over-slf4j-1.7.30.jar;C:\Users\masbe\.m2\repository\org\eclipse\rdf4j\rdf4j-model\4.2.0\rdf4j-model-4.2.0.jar;C:\Users\masbe\.m2\repository\org\eclipse\rdf4j\rdf4j-common-exception\4.2.0\rdf4j-common-exception-4.2.0.jar;C:\Users\masbe\.m2\repository\org\eclipse\rdf4j\rdf4j-common-text\4.2.0\rdf4j-common-text-4.2.0.jar;C:\Users\masbe\.m2\repository\org\eclipse\rdf4j\rdf4j-common-io\4.2.0\rdf4j-common-io-4.2.0.jar;C:\Users\masbe\.m2\repository\org\eclipse\rdf4j\rdf4j-common-iterator\4.2.0\rdf4j-common-iterator-4.2.0.jar;C:\Users\masbe\.m2\repository\org\eclipse\rdf4j\rdf4j-model-api\4.2.0\rdf4j-model-api-4.2.0.jar;C:\Users\masbe\.m2\repository\org\eclipse\rdf4j\rdf4j-common-annotation\4.2.0\rdf4j-common-annotation-4.2.0.jar;C:\Users\masbe\.m2\repository\org\eclipse\rdf4j\rdf4j-model-vocabulary\4.2.0\rdf4j-model-vocabulary-4.2.0.jar;C:\Users\masbe\.m2\repository\org\eclipse\rdf4j\rdf4j-rio-api\4.2.0\rdf4j-rio-api-4.2.0.jar;C:\Users\masbe\.m2\repository\org\eclipse\rdf4j\rdf4j-common-xml\4.2.0\rdf4j-common-xml-4.2.0.jar;C:\Users\masbe\.m2\repository\org\eclipse\rdf4j\rdf4j-rio-languages\4.2.0\rdf4j-rio-languages-4.2.0.jar;C:\Users\masbe\.m2\repository\org\eclipse\rdf4j\rdf4j-rio-datatypes\4.2.0\rdf4j-rio-datatypes-4.2.0.jar;C:\Users\masbe\.m2\repository\org\eclipse\rdf4j\rdf4j-rio-binary\4.2.0\rdf4j-rio-binary-4.2.0.jar;C:\Users\masbe\.m2\repository\org\eclipse\rdf4j\rdf4j-rio-n3\4.2.0\rdf4j-rio-n3-4.2.0.jar;C:\Users\masbe\.m2\repository\org\eclipse\rdf4j\rdf4j-rio-nquads\4.2.0\rdf4j-rio-nquads-4.2.0.jar;C:\Users\masbe\.m2\repository\org\eclipse\rdf4j\rdf4j-rio-ntriples\4.2.0\rdf4j-rio-ntriples-4.2.0.jar;C:\Users\masbe\.m2\repository\org\eclipse\rdf4j\rdf4j-rio-rdfjson\4.2.0\rdf4j-rio-rdfjson-4.2.0.jar;C:\Users\masbe\.m2\repository\org\eclipse\rdf4j\rdf4j-rio-jsonld\4.2.0\rdf4j-rio-jsonld-4.2.0.jar;C:\Users\masbe\.m2\repository\org\apache\httpcomponents\httpclient\4.5.13\httpclient-4.5.13.jar;C:\Users\masbe\.m2\repository\org\apache\httpcomponents\httpcore\4.4.13\httpcore-4.4.13.jar;C:\Users\masbe\.m2\repository\org\apache\httpcomponents\httpclient-cache\4.5.13\httpclient-cache-4.5.13.jar;C:\Users\masbe\.m2\repository\org\eclipse\rdf4j\rdf4j-rio-rdfxml\4.2.0\rdf4j-rio-rdfxml-4.2.0.jar;C:\Users\masbe\.m2\repository\org\eclipse\rdf4j\rdf4j-rio-trix\4.2.0\rdf4j-rio-trix-4.2.0.jar;C:\Users\masbe\.m2\repository\org\eclipse\rdf4j\rdf4j-rio-turtle\4.2.0\rdf4j-rio-turtle-4.2.0.jar;C:\Users\masbe\.m2\repository\org\eclipse\rdf4j\rdf4j-rio-trig\4.2.0\rdf4j-rio-trig-4.2.0.jar;C:\Users\masbe\.m2\repository\org\eclipse\rdf4j\rdf4j-rio-hdt\4.2.0\rdf4j-rio-hdt-4.2.0.jar;C:\Users\masbe\.m2\repository\org\eclipse\rdf4j\rdf4j-common-util\4.2.0\rdf4j-common-util-4.2.0.jar;C:\Users\masbe\.m2\repository\com\github\jsonld-java\jsonld-java\0.13.4\jsonld-java-0.13.4.jar;C:\Users\masbe\.m2\repository\org\apache\httpcomponents\httpclient-osgi\4.5.13\httpclient-osgi-4.5.13.jar;C:\Users\masbe\.m2\repository\org\apache\httpcomponents\httpmime\4.5.13\httpmime-4.5.13.jar;C:\Users\masbe\.m2\repository\org\apache\httpcomponents\fluent-hc\4.5.13\fluent-hc-4.5.13.jar;C:\Users\masbe\.m2\repository\org\apache\httpcomponents\httpcore-osgi\4.4.14\httpcore-osgi-4.4.14.jar;C:\Users\masbe\.m2\repository\org\apache\httpcomponents\httpcore-nio\4.4.14\httpcore-nio-4.4.14.jar;C:\Users\masbe\.m2\repository\com\github\vsonnier\hppcrt\0.7.5\hppcrt-0.7.5.jar;C:\Users\masbe\.m2\repository\com\github\ben-manes\caffeine\caffeine\3.1.1\caffeine-3.1.1.jar;C:\Users\masbe\.m2\repository\org\checkerframework\checker-qual\3.22.0\checker-qual-3.22.0.jar;C:\Users\masbe\.m2\repository\com\google\errorprone\error_prone_annotations\2.14.0\error_prone_annotations-2.14.0.jar;C:\Users\masbe\.m2\repository\com\google\guava\guava\31.1-jre\guava-31.1-jre.jar;C:\Users\masbe\.m2\repository\com\google\guava\failureaccess\1.0.1\failureaccess-1.0.1.jar;C:\Users\masbe\.m2\repository\com\google\guava\listenablefuture\9999.0-empty-to-avoid-conflict-with-guava\listenablefuture-9999.0-empty-to-avoid-conflict-with-guava.jar;C:\Users\masbe\.m2\repository\com\google\j2objc\j2objc-annotations\1.3\j2objc-annotations-1.3.jar;C:\Users\masbe\.m2\repository\com\google\code\findbugs\jsr305\3.0.2\jsr305-3.0.2.jar;C:\Users\masbe\.m2\repository\de\jflex\jflex\1.4.2\jflex-1.4.2.jar;C:\Users\masbe\.m2\repository\com\zenuevo\simkit\simkit\1.4.1\simkit-1.4.1.jar;C:\Users\masbe\.m2\repository\org\junit\jupiter\junit-jupiter-api\5.10.2\junit-jupiter-api-5.10.2.jar;C:\Users\masbe\.m2\repository\org\opentest4j\opentest4j\1.3.0\opentest4j-1.3.0.jar;C:\Users\masbe\.m2\repository\org\junit\platform\junit-platform-commons\1.10.2\junit-platform-commons-1.10.2.jar;C:\Users\masbe\.m2\repository\org\apiguardian\apiguardian-api\1.1.2\apiguardian-api-1.1.2.jar;C:\Users\masbe\.m2\repository\org\junit\jupiter\junit-jupiter-params\5.7.2\junit-jupiter-params-5.7.2.jar;C:\Users\masbe\.m2\repository\com\beust\jcommander\1.82\jcommander-1.82.jar;"/>
    <property name="java.vm.vendor" value="Oracle Corporation"/>
    <property name="sun.arch.data.model" value="64"/>
    <property name="user.variant" value=""/>
    <property name="java.vendor.url" value="https://java.oracle.com/"/>
    <property name="user.timezone" value="Atlantic/Canary"/>
    <property name="os.name" value="Windows 11"/>
    <property name="java.vm.specification.version" value="17"/>
    <property name="sun.java.launcher" value="SUN_STANDARD"/>
    <property name="user.country" value="ES"/>
    <property name="sun.boot.library.path" value="C:\Program Files\Java\jdk-17.0.2\bin"/>
    <property name="sun.java.command" value="C:\Users\masbe\AppData\Local\Temp\surefire5561297262975942709\surefirebooter-20240822123036779_3.jar C:\Users\masbe\AppData\Local\Temp\surefire5561297262975942709 2024-08-22T12-30-36_631-jvmRun1 surefire-20240822123036779_1tmp surefire_0-20240822123036779_2tmp"/>
    <property name="jdk.debug" value="release"/>
    <property name="surefire.test.class.path" value="c:\Users\masbe\git\JaDES-core\target\test-classes;c:\Users\masbe\git\JaDES-core\target\classes;C:\Users\masbe\.m2\repository\junit\junit\4.13.2\junit-4.13.2.jar;C:\Users\masbe\.m2\repository\org\hamcrest\hamcrest-core\1.3\hamcrest-core-1.3.jar;C:\Users\masbe\.m2\repository\es\ull\simulation\utils\1.0-SNAPSHOT\utils-1.0-SNAPSHOT.jar;C:\Users\masbe\.m2\repository\org\apache\logging\log4j\log4j-core\2.22.1\log4j-core-2.22.1.jar;C:\Users\masbe\.m2\repository\org\apache\logging\log4j\log4j-api\2.22.1\log4j-api-2.22.1.jar;C:\Users\masbe\.m2\repository\org\apache\poi\poi\5.2.3\poi-5.2.3.jar;C:\Users\masbe\.m2\repository\commons-codec\commons-codec\1.15\commons-codec-1.15.jar;C:\Users\masbe\.m2\repository\org\apache\commons\commons-collections4\4.4\commons-collections4-4.4.jar;C:\Users\masbe\.m2\repository\org\apache\commons\commons-math3\3.6.1\commons-math3-3.6.1.jar;C:\Users\masbe\.m2\repository\commons-io\commons-io\2.11.0\commons-io-2.11.0.jar;C:\Users\masbe\.m2\repository\com\zaxxer\SparseBitSet\1.2\SparseBitSet-1.2.jar;C:\Users\masbe\.m2\repository\org\jacoco\jacoco-maven-plugin\0.8.11\jacoco-maven-plugin-0.8.11.jar;C:\Users\masbe\.m2\repository\org\codehaus\plexus\plexus-utils\3.0.24\plexus-utils-3.0.24.jar;C:\Users\masbe\.m2\repository\org\apache\maven\shared\file-management\3.1.0\file-management-3.1.0.jar;C:\Users\masbe\.m2\repository\org\apache\maven\reporting\maven-reporting-api\3.0\maven-reporting-api-3.0.jar;C:\Users\masbe\.m2\repository\org\apache\maven\doxia\doxia-sink-api\1.0\doxia-sink-api-1.0.jar;C:\Users\masbe\.m2\repository\org\jacoco\org.jacoco.agent\0.8.11\org.jacoco.agent-0.8.11-runtime.jar;C:\Users\masbe\.m2\repository\org\jacoco\org.jacoco.core\0.8.11\org.jacoco.core-0.8.11.jar;C:\Users\masbe\.m2\repository\org\ow2\asm\asm\9.6\asm-9.6.jar;C:\Users\masbe\.m2\repository\org\ow2\asm\asm-commons\9.6\asm-commons-9.6.jar;C:\Users\masbe\.m2\repository\org\ow2\asm\asm-tree\9.6\asm-tree-9.6.jar;C:\Users\masbe\.m2\repository\org\jacoco\org.jacoco.report\0.8.11\org.jacoco.report-0.8.11.jar;C:\Users\masbe\.m2\repository\net\sourceforge\owlapi\owlapi-distribution\5.5.0\owlapi-distribution-5.5.0.jar;C:\Users\masbe\.m2\repository\net\sourceforge\owlapi\owlapi-compatibility\5.5.0\owlapi-compatibility-5.5.0.jar;C:\Users\masbe\.m2\repository\net\sourceforge\owlapi\owlapi-apibinding\5.5.0\owlapi-apibinding-5.5.0.jar;C:\Users\masbe\.m2\repository\net\sourceforge\owlapi\owlapi-api\5.5.0\owlapi-api-5.5.0.jar;C:\Users\masbe\.m2\repository\javax\inject\javax.inject\1\javax.inject-1.jar;C:\Users\masbe\.m2\repository\net\sourceforge\owlapi\owlapi-impl\5.5.0\owlapi-impl-5.5.0.jar;C:\Users\masbe\.m2\repository\net\sourceforge\owlapi\owlapi-parsers\5.5.0\owlapi-parsers-5.5.0.jar;C:\Users\masbe\.m2\repository\net\sourceforge\owlapi\owlapi-oboformat\5.5.0\owlapi-oboformat-5.5.0.jar;C:\Users\masbe\.m2\repository\net\sourceforge\owlapi\owlapi-tools\5.5.0\owlapi-tools-5.5.0.jar;C:\Users\masbe\.m2\repository\net\sourceforge\owlapi\owlapi-rio\5.5.0\owlapi-rio-5.5.0.jar;C:\Users\masbe\.m2\repository\com\fasterxml\jackson\core\jackson-core\2.14.0-rc2\jackson-core-2.14.0-rc2.jar;C:\Users\masbe\.m2\repository\com\fasterxml\jackson\core\jackson-databind\2.14.0-rc2\jackson-databind-2.14.0-rc2.jar;C:\Users\masbe\.m2\repository\com\fasterxml\jackson\core\jackson-annotations\2.14.0-rc2\jackson-annotations-2.14.0-rc2.jar;C:\Users\masbe\.m2\repository\org\apache\commons\commons-rdf-api\0.5.0\commons-rdf-api-0.5.0.jar;C:\Users\masbe\.m2\repository\org\tukaani\xz\1.9\xz-1.9.jar;C:\Users\masbe\.m2\repository\org\slf4j\slf4j-api\1.7.30\slf4j-api-1.7.30.jar;C:\Users\masbe\.m2\repository\org\slf4j\jcl-over-slf4j\1.7.30\jcl-over-slf4j-1.7.30.jar;C:\Users\masbe\.m2\repository\org\eclipse\rdf4j\rdf4j-model\4.2.0\rdf4j-model-4.2.0.jar;C:\Users\masbe\.m2\repository\org\eclipse\rdf4j\rdf4j-common-exception\4.2.0\rdf4j-common-exception-4.2.0.jar;C:\Users\masbe\.m2\repository\org\eclipse\rdf4j\rdf4j-common-text\4.2.0\rdf4j-common-text-4.2.0.jar;C:\Users\masbe\.m2\repository\org\eclipse\rdf4j\rdf4j-common-io\4.2.0\rdf4j-common-io-4.2.0.jar;C:\Users\masbe\.m2\repository\org\eclipse\rdf4j\rdf4j-common-iterator\4.2.0\rdf4j-common-iterator-4.2.0.jar;C:\Users\masbe\.m2\repository\org\eclipse\rdf4j\rdf4j-model-api\4.2.0\rdf4j-model-api-4.2.0.jar;C:\Users\masbe\.m2\repository\org\eclipse\rdf4j\rdf4j-common-annotation\4.2.0\rdf4j-common-annotation-4.2.0.jar;C:\Users\masbe\.m2\repository\org\eclipse\rdf4j\rdf4j-model-vocabulary\4.2.0\rdf4j-model-vocabulary-4.2.0.jar;C:\Users\masbe\.m2\repository\org\eclipse\rdf4j\rdf4j-rio-api\4.2.0\rdf4j-rio-api-4.2.0.jar;C:\Users\masbe\.m2\repository\org\eclipse\rdf4j\rdf4j-common-xml\4.2.0\rdf4j-common-xml-4.2.0.jar;C:\Users\masbe\.m2\repository\org\eclipse\rdf4j\rdf4j-rio-languages\4.2.0\rdf4j-rio-languages-4.2.0.jar;C:\Users\masbe\.m2\repository\org\eclipse\rdf4j\rdf4j-rio-datatypes\4.2.0\rdf4j-rio-datatypes-4.2.0.jar;C:\Users\masbe\.m2\repository\org\eclipse\rdf4j\rdf4j-rio-binary\4.2.0\rdf4j-rio-binary-4.2.0.jar;C:\Users\masbe\.m2\repository\org\eclipse\rdf4j\rdf4j-rio-n3\4.2.0\rdf4j-rio-n3-4.2.0.jar;C:\Users\masbe\.m2\repository\org\eclipse\rdf4j\rdf4j-rio-nquads\4.2.0\rdf4j-rio-nquads-4.2.0.jar;C:\Users\masbe\.m2\repository\org\eclipse\rdf4j\rdf4j-rio-ntriples\4.2.0\rdf4j-rio-ntriples-4.2.0.jar;C:\Users\masbe\.m2\repository\org\eclipse\rdf4j\rdf4j-rio-rdfjson\4.2.0\rdf4j-rio-rdfjson-4.2.0.jar;C:\Users\masbe\.m2\repository\org\eclipse\rdf4j\rdf4j-rio-jsonld\4.2.0\rdf4j-rio-jsonld-4.2.0.jar;C:\Users\masbe\.m2\repository\org\apache\httpcomponents\httpclient\4.5.13\httpclient-4.5.13.jar;C:\Users\masbe\.m2\repository\org\apache\httpcomponents\httpcore\4.4.13\httpcore-4.4.13.jar;C:\Users\masbe\.m2\repository\org\apache\httpcomponents\httpclient-cache\4.5.13\httpclient-cache-4.5.13.jar;C:\Users\masbe\.m2\repository\org\eclipse\rdf4j\rdf4j-rio-rdfxml\4.2.0\rdf4j-rio-rdfxml-4.2.0.jar;C:\Users\masbe\.m2\repository\org\eclipse\rdf4j\rdf4j-rio-trix\4.2.0\rdf4j-rio-trix-4.2.0.jar;C:\Users\masbe\.m2\repository\org\eclipse\rdf4j\rdf4j-rio-turtle\4.2.0\rdf4j-rio-turtle-4.2.0.jar;C:\Users\masbe\.m2\repository\org\eclipse\rdf4j\rdf4j-rio-trig\4.2.0\rdf4j-rio-trig-4.2.0.jar;C:\Users\masbe\.m2\repository\org\eclipse\rdf4j\rdf4j-rio-hdt\4.2.0\rdf4j-rio-hdt-4.2.0.jar;C:\Users\masbe\.m2\repository\org\eclipse\rdf4j\rdf4j-common-util\4.2.0\rdf4j-common-util-4.2.0.jar;C:\Users\masbe\.m2\repository\com\github\jsonld-java\jsonld-java\0.13.4\jsonld-java-0.13.4.jar;C:\Users\masbe\.m2\repository\org\apache\httpcomponents\httpclient-osgi\4.5.13\httpclient-osgi-4.5.13.jar;C:\Users\masbe\.m2\repository\org\apache\httpcomponents\httpmime\4.5.13\httpmime-4.5.13.jar;C:\Users\masbe\.m2\repository\org\apache\httpcomponents\fluent-hc\4.5.13\fluent-hc-4.5.13.jar;C:\Users\masbe\.m2\repository\org\apache\httpcomponents\httpcore-osgi\4.4.14\httpcore-osgi-4.4.14.jar;C:\Users\masbe\.m2\repository\org\apache\httpcomponents\httpcore-nio\4.4.14\httpcore-nio-4.4.14.jar;C:\Users\masbe\.m2\repository\com\github\vsonnier\hppcrt\0.7.5\hppcrt-0.7.5.jar;C:\Users\masbe\.m2\repository\com\github\ben-manes\caffeine\caffeine\3.1.1\caffeine-3.1.1.jar;C:\Users\masbe\.m2\repository\org\checkerframework\checker-qual\3.22.0\checker-qual-3.22.0.jar;C:\Users\masbe\.m2\repository\com\google\errorprone\error_prone_annotations\2.14.0\error_prone_annotations-2.14.0.jar;C:\Users\masbe\.m2\repository\com\google\guava\guava\31.1-jre\guava-31.1-jre.jar;C:\Users\masbe\.m2\repository\com\google\guava\failureaccess\1.0.1\failureaccess-1.0.1.jar;C:\Users\masbe\.m2\repository\com\google\guava\listenablefuture\9999.0-empty-to-avoid-conflict-with-guava\listenablefuture-9999.0-empty-to-avoid-conflict-with-guava.jar;C:\Users\masbe\.m2\repository\com\google\j2objc\j2objc-annotations\1.3\j2objc-annotations-1.3.jar;C:\Users\masbe\.m2\repository\com\google\code\findbugs\jsr305\3.0.2\jsr305-3.0.2.jar;C:\Users\masbe\.m2\repository\de\jflex\jflex\1.4.2\jflex-1.4.2.jar;C:\Users\masbe\.m2\repository\com\zenuevo\simkit\simkit\1.4.1\simkit-1.4.1.jar;C:\Users\masbe\.m2\repository\org\junit\jupiter\junit-jupiter-api\5.10.2\junit-jupiter-api-5.10.2.jar;C:\Users\masbe\.m2\repository\org\opentest4j\opentest4j\1.3.0\opentest4j-1.3.0.jar;C:\Users\masbe\.m2\repository\org\junit\platform\junit-platform-commons\1.10.2\junit-platform-commons-1.10.2.jar;C:\Users\masbe\.m2\repository\org\apiguardian\apiguardian-api\1.1.2\apiguardian-api-1.1.2.jar;C:\Users\masbe\.m2\repository\org\junit\jupiter\junit-jupiter-params\5.7.2\junit-jupiter-params-5.7.2.jar;C:\Users\masbe\.m2\repository\com\beust\jcommander\1.82\jcommander-1.82.jar;"/>
    <property name="sun.cpu.endian" value="little"/>
    <property name="user.home" value="C:\Users\masbe"/>
    <property name="user.language" value="es"/>
    <property name="java.specification.vendor" value="Oracle Corporation"/>
    <property name="java.version.date" value="2022-01-18"/>
    <property name="java.home" value="C:\Program Files\Java\jdk-17.0.2"/>
    <property name="file.separator" value="\"/>
    <property name="basedir" value="c:\Users\masbe\git\JaDES-core"/>
    <property name="java.vm.compressedOopsMode" value="Zero based"/>
    <property name="line.separator" value="&#10;"/>
    <property name="java.vm.specification.vendor" value="Oracle Corporation"/>
    <property name="java.specification.name" value="Java Platform API Specification"/>
    <property name="surefire.real.class.path" value="C:\Users\masbe\AppData\Local\Temp\surefire5561297262975942709\surefirebooter-20240822123036779_3.jar"/>
    <property name="user.script" value=""/>
    <property name="sun.management.compiler" value="HotSpot 64-Bit Tiered Compilers"/>
    <property name="java.runtime.version" value="17.0.2+8-LTS-86"/>
    <property name="user.name" value="masbe"/>
    <property name="path.separator" value=";"/>
    <property name="os.version" value="10.0"/>
    <property name="java.runtime.name" value="Java(TM) SE Runtime Environment"/>
    <property name="file.encoding" value="Cp1252"/>
    <property name="java.vm.name" value="Java HotSpot(TM) 64-Bit Server VM"/>
    <property name="localRepository" value="C:\Users\masbe\.m2\repository"/>
    <property name="java.vendor.url.bug" value="https://bugreport.java.com/bugreport/"/>
    <property name="java.io.tmpdir" value="C:\Users\masbe\AppData\Local\Temp\"/>
    <property name="java.version" value="17.0.2"/>
    <property name="user.dir" value="c:\Users\masbe\git\JaDES-core"/>
    <property name="os.arch" value="amd64"/>
    <property name="java.vm.specification.name" value="Java Virtual Machine Specification"/>
    <property name="sun.os.patch.level" value=""/>
    <property name="native.encoding" value="Cp1252"/>
    <property name="java.library.path" value="C:\Program Files\Java\jdk-17.0.2\bin;C:\WINDOWS\Sun\Java\bin;C:\WINDOWS\system32;C:\WINDOWS;C:\Program Files\Rockwell Software\RSCommon;C:\Program Files\Common Files\Oracle\Java\javapath;C:\Windows\system32;C:\Windows;C:\Windows\System32\Wbem;C:\Windows\System32\WindowsPowerShell\v1.0\;C:\Windows\System32\OpenSSH\;C:\Program Files\NVIDIA Corporation\NVIDIA NvDLISR;C:\Program Files (x86)\NVIDIA Corporation\PhysX\Common;C:\WINDOWS\system32;C:\WINDOWS;C:\WINDOWS\System32\Wbem;C:\WINDOWS\System32\WindowsPowerShell\v1.0\;C:\WINDOWS\System32\OpenSSH\;C:\Program Files\AutoFirma\AutoFirma;C:\Program Files\dotnet\;C:\Program Files\Git\cmd;C:\Program Files\apache-maven-3.9.6\bin;C:\Program Files\Calibre2\;C:\Program Files\MATLAB\R2024a\bin;C:\Users\masbe\AppData\Local\Microsoft\WindowsApps;;C:\iverilog\bin;C:\iverilog\gtkwave\bin;C:\Users\masbe\AppData\Local\Programs\Microsoft VS Code\bin;."/>
    <property name="java.vm.info" value="mixed mode, sharing"/>
    <property name="java.vendor" value="Oracle Corporation"/>
    <property name="java.vm.version" value="17.0.2+8-LTS-86"/>
    <property name="sun.io.unicode.encoding" value="UnicodeLittle"/>
    <property name="java.class.version" value="61.0"/>
  </properties>
  <testcase name="testAll(TestType)[1]" classname="es.ull.TestAll" time="0.099">
    <system-out><![CDATA[0 Minutes	[SIM]	SIMULATION STARTS
0 Minutes	[E0]	ELEMENT START	ET: Message
0 Minutes	[E1]	ELEMENT START	ET: Message
0 Minutes	[E2]	ELEMENT START	ET: Message
0 Minutes	[E3]	ELEMENT START	ET: Message
0 Minutes	[E4]	ELEMENT START	ET: Message
0 Minutes	[E5]	ELEMENT START	ET: Message
0 Minutes	[E6]	ELEMENT START	ET: Message
0 Minutes	[E7]	ELEMENT START	ET: Message
0 Minutes	[E8]	ELEMENT START	ET: Message
0 Minutes	[E9]	ELEMENT START	ET: Message
5 Minutes	[E0]	START DELAY	ACT: Little delay
5 Minutes	[E1]	START DELAY	ACT: Little delay
5 Minutes	[E5]	START DELAY	ACT: Little delay
5 Minutes	[E8]	START DELAY	ACT: Little delay
5 Minutes	[E7]	START DELAY	ACT: Little delay
10 Minutes	[E6]	START DELAY	ACT: Little delay
10 Minutes	[E2]	START DELAY	ACT: Little delay
10 Minutes	[E4]	START DELAY	ACT: Little delay
15 Minutes	[E7]	END DELAY	ACT: Little delay
15 Minutes	[E7]	ELEMENT FINISH	ET: Message
15 Minutes	[E0]	END DELAY	ACT: Little delay
15 Minutes	[E0]	ELEMENT FINISH	ET: Message
15 Minutes	[E8]	END DELAY	ACT: Little delay
15 Minutes	[E8]	ELEMENT FINISH	ET: Message
15 Minutes	[E9]	START DELAY	ACT: Little delay
15 Minutes	[E5]	END DELAY	ACT: Little delay
15 Minutes	[E5]	ELEMENT FINISH	ET: Message
15 Minutes	[E1]	END DELAY	ACT: Little delay
15 Minutes	[E1]	ELEMENT FINISH	ET: Message
20 Minutes	[E4]	END DELAY	ACT: Little delay
20 Minutes	[E4]	ELEMENT FINISH	ET: Message
20 Minutes	[E6]	END DELAY	ACT: Little delay
20 Minutes	[E6]	ELEMENT FINISH	ET: Message
20 Minutes	[E2]	END DELAY	ACT: Little delay
20 Minutes	[E2]	ELEMENT FINISH	ET: Message
20 Minutes	[E3]	START DELAY	ACT: Little delay
25 Minutes	[E9]	END DELAY	ACT: Little delay
25 Minutes	[E9]	ELEMENT FINISH	ET: Message
30 Minutes	[E3]	END DELAY	ACT: Little delay
30 Minutes	[E3]	ELEMENT FINISH	ET: Message
35 Minutes	[SIM]	SIMULATION ENDS
CPU Time = 37 miliseconds.
]]></system-out>
  </testcase>
  <testcase name="testAll(TestType)[2]" classname="es.ull.TestAll" time="0.026">
    <system-out><![CDATA[0 Minutes	[SIM]	SIMULATION STARTS
0 Minutes	[E0]	ELEMENT START	ET: Crane
0 Minutes	[RES0]	RESOURCE START	Container 0
0 Minutes	[RES0]	ROLE ON	Container 0	RT: Container existing
0 Minutes	[E0]	REQUEST RESOURCES	ACT: Req 1
0 Minutes	[E0]	REQUEST RESOURCES	ACT: Req 0
0 Minutes	[E0]	CAUGHT RESOURCE	[RES0]	Container 0	ROLE: Container existing	ACT: Req 0	
0 Minutes	[E0]	ACQUIRE RESOURCES	ACT: Req 0	WG: WG1 [[RT0],1]
0 Minutes	[E0]	START DELAY	ACT: Req 0	WG: WG1 [[RT0],1]
5 Minutes	[E0]	END DELAY	ACT: Req 0	WG: WG1 [[RT0],1]
5 Minutes	[E0]	RELEASED RESOURCE	[RES0]	Container 0	ROLE: Container existing	ACT: Req 0	
5 Minutes	[E0]	RELEASE RESOURCES	ACT: Req 0
5 Minutes	[RES1]	RESOURCE START	Container later 1
5 Minutes	[RES1]	ROLE ON	Container later 1	RT: Container arriving later
5 Minutes	[E0]	CAUGHT RESOURCE	[RES1]	Container later 1	ROLE: Container arriving later	ACT: Req 1	
5 Minutes	[E0]	ACQUIRE RESOURCES	ACT: Req 1	WG: WG3 [[RT1],1]
5 Minutes	[E0]	START DELAY	ACT: Req 1	WG: WG3 [[RT1],1]
10 Minutes	[E0]	END DELAY	ACT: Req 1	WG: WG3 [[RT1],1]
10 Minutes	[E0]	RELEASED RESOURCE	[RES1]	Container later 1	ROLE: Container arriving later	ACT: Req 1	
10 Minutes	[E0]	RELEASE RESOURCES	ACT: Req 1
10 Minutes	[E0]	ELEMENT FINISH	ET: Crane
60 Minutes	[SIM]	SIMULATION ENDS
CPU Time = 7 miliseconds.
]]></system-out>
  </testcase>
  <testcase name="testAll(TestType)[3]" classname="es.ull.TestAll" time="0.006">
    <system-out><![CDATA[0 Minutes	[SIM]	SIMULATION STARTS
0 Minutes	[E0]	ELEMENT START	ET: ET0
0 Minutes	[RES0]	RESOURCE START	RES0
0 Minutes	[E0]	REQUEST RESOURCES	ACT: ACT0
20 Minutes	[RES0]	ROLE ON	RES0	RT: RT0
20 Minutes	[E0]	CAUGHT RESOURCE	[RES0]	RES0	ROLE: RT0	ACT: ACT0	
20 Minutes	[E0]	ACQUIRE RESOURCES	ACT: ACT0	WG: WG1 [[RT0],1]
20 Minutes	[E0]	START DELAY	ACT: ACT0	WG: WG1 [[RT0],1]
60 Minutes	[RES0]	ROLE OFF	RES0	RT: RT0
60 Minutes	[E0]	INTERRUPT ACTIVITY	ACT: ACT0	WG: WG1 [[RT0],1]
60 Minutes	[E0]	RELEASED RESOURCE	[RES0]	RES0	ROLE: RT0	ACT: ACT0	
60 Minutes	[E0]	RELEASE RESOURCES	ACT: ACT0
60 Minutes	[E0]	REQUEST RESOURCES	ACT: ACT0
120 Minutes	[RES0]	ROLE ON	RES0	RT: RT0
120 Minutes	[E0]	CAUGHT RESOURCE	[RES0]	RES0	ROLE: RT0	ACT: ACT0	
120 Minutes	[E0]	ACQUIRE RESOURCES	ACT: ACT0	WG: WG1 [[RT0],1]
120 Minutes	[E0]	RESUME ACTIVITY	ACT: ACT0	WG: WG1 [[RT0],1]
160 Minutes	[RES0]	ROLE OFF	RES0	RT: RT0
160 Minutes	[E0]	INTERRUPT ACTIVITY	ACT: ACT0	WG: WG1 [[RT0],1]
160 Minutes	[E0]	RELEASED RESOURCE	[RES0]	RES0	ROLE: RT0	ACT: ACT0	
160 Minutes	[E0]	RELEASE RESOURCES	ACT: ACT0
160 Minutes	[E0]	REQUEST RESOURCES	ACT: ACT0
220 Minutes	[RES0]	ROLE ON	RES0	RT: RT0
220 Minutes	[E0]	CAUGHT RESOURCE	[RES0]	RES0	ROLE: RT0	ACT: ACT0	
220 Minutes	[E0]	ACQUIRE RESOURCES	ACT: ACT0	WG: WG1 [[RT0],1]
220 Minutes	[E0]	RESUME ACTIVITY	ACT: ACT0	WG: WG1 [[RT0],1]
241 Minutes	[E0]	END DELAY	ACT: ACT0	WG: WG1 [[RT0],1]
241 Minutes	[E0]	RELEASED RESOURCE	[RES0]	RES0	ROLE: RT0	ACT: ACT0	
241 Minutes	[E0]	RELEASE RESOURCES	ACT: ACT0
241 Minutes	[E0]	ELEMENT FINISH	ET: ET0
260 Minutes	[RES0]	ROLE OFF	RES0	RT: RT0
320 Minutes	[RES0]	ROLE ON	RES0	RT: RT0
360 Minutes	[RES0]	ROLE OFF	RES0	RT: RT0
400 Minutes	[SIM]	SIMULATION ENDS
CPU Time = 2 miliseconds.
]]></system-out>
  </testcase>
  <testcase name="testAll(TestType)[4]" classname="es.ull.TestAll" time="0.049">
    <system-out><![CDATA[0 Minutes	[SIM]	SIMULATION STARTS
0 Minutes	[E0]	ELEMENT START	ET: ET0
0 Minutes	[E1]	ELEMENT START	ET: ET0
0 Minutes	[E2]	ELEMENT START	ET: ET0
0 Minutes	[E3]	ELEMENT START	ET: ET0
0 Minutes	[E4]	ELEMENT START	ET: ET0
0 Minutes	[E5]	ELEMENT START	ET: ET0
0 Minutes	[E6]	ELEMENT START	ET: ET0
0 Minutes	[E7]	ELEMENT START	ET: ET0
0 Minutes	[E8]	ELEMENT START	ET: ET0
0 Minutes	[E9]	ELEMENT START	ET: ET0
0 Minutes	[E10]	ELEMENT START	ET: ET1
0 Minutes	[E11]	ELEMENT START	ET: ET1
0 Minutes	[E12]	ELEMENT START	ET: ET1
0 Minutes	[E13]	ELEMENT START	ET: ET1
0 Minutes	[E14]	ELEMENT START	ET: ET1
0 Minutes	[E15]	ELEMENT START	ET: ET1
0 Minutes	[E16]	ELEMENT START	ET: ET1
0 Minutes	[E17]	ELEMENT START	ET: ET1
0 Minutes	[E18]	ELEMENT START	ET: ET1
0 Minutes	[E19]	ELEMENT START	ET: ET1
0 Minutes	[RES1]	RESOURCE START	RES1
0 Minutes	[RES5]	RESOURCE START	RES5
0 Minutes	[E4]	REQUEST RESOURCES	ACT: ACT3
0 Minutes	[E19]	REQUEST RESOURCES	ACT: ACT3
0 Minutes	[E19]	REQUEST RESOURCES	ACT: ACT2
0 Minutes	[E19]	REQUEST RESOURCES	ACT: ACT1
0 Minutes	[E19]	REQUEST RESOURCES	ACT: ACT0
0 Minutes	[E4]	REQUEST RESOURCES	ACT: ACT2
0 Minutes	[E4]	REQUEST RESOURCES	ACT: ACT1
0 Minutes	[E4]	REQUEST RESOURCES	ACT: ACT0
0 Minutes	[RES6]	RESOURCE START	RES6
0 Minutes	[E3]	REQUEST RESOURCES	ACT: ACT0
0 Minutes	[E3]	REQUEST RESOURCES	ACT: ACT1
0 Minutes	[E5]	REQUEST RESOURCES	ACT: ACT3
0 Minutes	[E3]	REQUEST RESOURCES	ACT: ACT2
0 Minutes	[E5]	REQUEST RESOURCES	ACT: ACT0
0 Minutes	[E5]	REQUEST RESOURCES	ACT: ACT1
0 Minutes	[E3]	REQUEST RESOURCES	ACT: ACT3
0 Minutes	[E5]	REQUEST RESOURCES	ACT: ACT2
0 Minutes	[E17]	REQUEST RESOURCES	ACT: ACT2
0 Minutes	[E18]	REQUEST RESOURCES	ACT: ACT2
0 Minutes	[E6]	REQUEST RESOURCES	ACT: ACT2
0 Minutes	[E18]	REQUEST RESOURCES	ACT: ACT3
0 Minutes	[E17]	REQUEST RESOURCES	ACT: ACT0
0 Minutes	[E17]	REQUEST RESOURCES	ACT: ACT1
0 Minutes	[E6]	REQUEST RESOURCES	ACT: ACT0
0 Minutes	[E17]	REQUEST RESOURCES	ACT: ACT3
0 Minutes	[E18]	REQUEST RESOURCES	ACT: ACT1
0 Minutes	[E18]	REQUEST RESOURCES	ACT: ACT0
0 Minutes	[E16]	REQUEST RESOURCES	ACT: ACT3
0 Minutes	[E6]	REQUEST RESOURCES	ACT: ACT1
0 Minutes	[E6]	REQUEST RESOURCES	ACT: ACT3
0 Minutes	[E15]	REQUEST RESOURCES	ACT: ACT1
0 Minutes	[E15]	REQUEST RESOURCES	ACT: ACT0
0 Minutes	[E16]	REQUEST RESOURCES	ACT: ACT2
0 Minutes	[E16]	REQUEST RESOURCES	ACT: ACT1
0 Minutes	[E16]	REQUEST RESOURCES	ACT: ACT0
0 Minutes	[E15]	REQUEST RESOURCES	ACT: ACT2
0 Minutes	[E15]	REQUEST RESOURCES	ACT: ACT3
0 Minutes	[E13]	REQUEST RESOURCES	ACT: ACT2
0 Minutes	[E13]	REQUEST RESOURCES	ACT: ACT1
0 Minutes	[E13]	REQUEST RESOURCES	ACT: ACT0
0 Minutes	[E14]	REQUEST RESOURCES	ACT: ACT2
0 Minutes	[E14]	REQUEST RESOURCES	ACT: ACT1
0 Minutes	[E14]	REQUEST RESOURCES	ACT: ACT0
0 Minutes	[E12]	REQUEST RESOURCES	ACT: ACT3
0 Minutes	[E11]	REQUEST RESOURCES	ACT: ACT3
0 Minutes	[E11]	REQUEST RESOURCES	ACT: ACT2
0 Minutes	[E11]	REQUEST RESOURCES	ACT: ACT1
0 Minutes	[E11]	REQUEST RESOURCES	ACT: ACT0
0 Minutes	[E12]	REQUEST RESOURCES	ACT: ACT2
0 Minutes	[E12]	REQUEST RESOURCES	ACT: ACT1
0 Minutes	[E12]	REQUEST RESOURCES	ACT: ACT0
0 Minutes	[E10]	REQUEST RESOURCES	ACT: ACT3
0 Minutes	[E9]	REQUEST RESOURCES	ACT: ACT3
0 Minutes	[E9]	REQUEST RESOURCES	ACT: ACT2
0 Minutes	[E9]	REQUEST RESOURCES	ACT: ACT1
0 Minutes	[E9]	REQUEST RESOURCES	ACT: ACT0
0 Minutes	[E10]	REQUEST RESOURCES	ACT: ACT2
0 Minutes	[E10]	REQUEST RESOURCES	ACT: ACT1
0 Minutes	[E10]	REQUEST RESOURCES	ACT: ACT0
0 Minutes	[E8]	REQUEST RESOURCES	ACT: ACT3
0 Minutes	[E7]	REQUEST RESOURCES	ACT: ACT3
0 Minutes	[E7]	REQUEST RESOURCES	ACT: ACT2
0 Minutes	[E7]	REQUEST RESOURCES	ACT: ACT1
0 Minutes	[E7]	REQUEST RESOURCES	ACT: ACT0
0 Minutes	[E8]	REQUEST RESOURCES	ACT: ACT2
0 Minutes	[E8]	REQUEST RESOURCES	ACT: ACT1
0 Minutes	[E8]	REQUEST RESOURCES	ACT: ACT0
0 Minutes	[E14]	REQUEST RESOURCES	ACT: ACT3
0 Minutes	[RES2]	RESOURCE START	RES2
0 Minutes	[E13]	REQUEST RESOURCES	ACT: ACT3
0 Minutes	[RES7]	RESOURCE START	RES7
0 Minutes	[RES8]	RESOURCE START	RES8
0 Minutes	[RES0]	RESOURCE START	RES0
0 Minutes	[RES3]	RESOURCE START	RES3
0 Minutes	[RES9]	RESOURCE START	RES9
0 Minutes	[RES4]	RESOURCE START	RES4
0 Minutes	[E0]	REQUEST RESOURCES	ACT: ACT3
0 Minutes	[E0]	REQUEST RESOURCES	ACT: ACT0
0 Minutes	[E0]	REQUEST RESOURCES	ACT: ACT1
0 Minutes	[E0]	REQUEST RESOURCES	ACT: ACT2
0 Minutes	[E1]	REQUEST RESOURCES	ACT: ACT1
0 Minutes	[E1]	REQUEST RESOURCES	ACT: ACT2
0 Minutes	[E1]	REQUEST RESOURCES	ACT: ACT3
0 Minutes	[E2]	REQUEST RESOURCES	ACT: ACT0
0 Minutes	[E2]	REQUEST RESOURCES	ACT: ACT1
0 Minutes	[E2]	REQUEST RESOURCES	ACT: ACT2
0 Minutes	[E2]	REQUEST RESOURCES	ACT: ACT3
0 Minutes	[E1]	REQUEST RESOURCES	ACT: ACT0
20 Minutes	[RES9]	ROLE ON	RES9	RT: RT0
20 Minutes	[RES8]	ROLE ON	RES8	RT: RT0
20 Minutes	[RES4]	ROLE ON	RES4	RT: RT0
20 Minutes	[RES5]	ROLE ON	RES5	RT: RT0
20 Minutes	[RES1]	ROLE ON	RES1	RT: RT0
20 Minutes	[RES2]	ROLE ON	RES2	RT: RT0
20 Minutes	[RES6]	ROLE ON	RES6	RT: RT0
20 Minutes	[RES3]	ROLE ON	RES3	RT: RT0
20 Minutes	[RES0]	ROLE ON	RES0	RT: RT0
20 Minutes	[RES7]	ROLE ON	RES7	RT: RT0
20 Minutes	[E4]	CAUGHT RESOURCE	[RES8]	RES8	ROLE: RT0	ACT: ACT1	
20 Minutes	[E4]	CAUGHT RESOURCE	[RES9]	RES9	ROLE: RT0	ACT: ACT1	
20 Minutes	[E4]	ACQUIRE RESOURCES	ACT: ACT1	WG: WG2 [[RT0],2]
20 Minutes	[E4]	START DELAY	ACT: ACT1	WG: WG2 [[RT0],2]
20 Minutes	[E4]	CAUGHT RESOURCE	[RES5]	RES5	ROLE: RT0	ACT: ACT0	
20 Minutes	[E4]	CAUGHT RESOURCE	[RES4]	RES4	ROLE: RT0	ACT: ACT0	
20 Minutes	[E4]	ACQUIRE RESOURCES	ACT: ACT0	WG: WG1 [[RT0],2]
20 Minutes	[E4]	START DELAY	ACT: ACT0	WG: WG1 [[RT0],2]
20 Minutes	[E3]	CAUGHT RESOURCE	[RES2]	RES2	ROLE: RT0	ACT: ACT0	
20 Minutes	[E3]	CAUGHT RESOURCE	[RES1]	RES1	ROLE: RT0	ACT: ACT0	
20 Minutes	[E3]	ACQUIRE RESOURCES	ACT: ACT0	WG: WG1 [[RT0],2]
20 Minutes	[E3]	START DELAY	ACT: ACT0	WG: WG1 [[RT0],2]
20 Minutes	[E3]	CAUGHT RESOURCE	[RES3]	RES3	ROLE: RT0	ACT: ACT1	
20 Minutes	[E3]	CAUGHT RESOURCE	[RES6]	RES6	ROLE: RT0	ACT: ACT1	
20 Minutes	[E3]	ACQUIRE RESOURCES	ACT: ACT1	WG: WG2 [[RT0],2]
20 Minutes	[E3]	START DELAY	ACT: ACT1	WG: WG2 [[RT0],2]
20 Minutes	[E5]	CAUGHT RESOURCE	[RES7]	RES7	ROLE: RT0	ACT: ACT0	
20 Minutes	[E5]	CAUGHT RESOURCE	[RES0]	RES0	ROLE: RT0	ACT: ACT0	
20 Minutes	[E5]	ACQUIRE RESOURCES	ACT: ACT0	WG: WG1 [[RT0],2]
20 Minutes	[E5]	START DELAY	ACT: ACT0	WG: WG1 [[RT0],2]
30 Minutes	[E4]	END DELAY	ACT: ACT1	WG: WG2 [[RT0],2]
30 Minutes	[E3]	END DELAY	ACT: ACT0	WG: WG1 [[RT0],2]
30 Minutes	[E3]	END DELAY	ACT: ACT1	WG: WG2 [[RT0],2]
30 Minutes	[E5]	END DELAY	ACT: ACT0	WG: WG1 [[RT0],2]
30 Minutes	[E4]	RELEASED RESOURCE	[RES9]	RES9	ROLE: RT0	ACT: ACT1	
30 Minutes	[E4]	RELEASED RESOURCE	[RES8]	RES8	ROLE: RT0	ACT: ACT1	
30 Minutes	[E4]	RELEASE RESOURCES	ACT: ACT1
30 Minutes	[E3]	RELEASED RESOURCE	[RES1]	RES1	ROLE: RT0	ACT: ACT0	
30 Minutes	[E3]	RELEASED RESOURCE	[RES2]	RES2	ROLE: RT0	ACT: ACT0	
30 Minutes	[E3]	RELEASE RESOURCES	ACT: ACT0
30 Minutes	[E3]	RELEASED RESOURCE	[RES6]	RES6	ROLE: RT0	ACT: ACT1	
30 Minutes	[E3]	RELEASED RESOURCE	[RES3]	RES3	ROLE: RT0	ACT: ACT1	
30 Minutes	[E3]	RELEASE RESOURCES	ACT: ACT1
30 Minutes	[E5]	RELEASED RESOURCE	[RES0]	RES0	ROLE: RT0	ACT: ACT0	
30 Minutes	[E5]	RELEASED RESOURCE	[RES7]	RES7	ROLE: RT0	ACT: ACT0	
30 Minutes	[E5]	RELEASE RESOURCES	ACT: ACT0
30 Minutes	[E4]	END DELAY	ACT: ACT0	WG: WG1 [[RT0],2]
30 Minutes	[E4]	RELEASED RESOURCE	[RES4]	RES4	ROLE: RT0	ACT: ACT0	
30 Minutes	[E4]	RELEASED RESOURCE	[RES5]	RES5	ROLE: RT0	ACT: ACT0	
30 Minutes	[E4]	RELEASE RESOURCES	ACT: ACT0
30 Minutes	[E5]	CAUGHT RESOURCE	[RES8]	RES8	ROLE: RT0	ACT: ACT1	
30 Minutes	[E5]	CAUGHT RESOURCE	[RES9]	RES9	ROLE: RT0	ACT: ACT1	
30 Minutes	[E5]	ACQUIRE RESOURCES	ACT: ACT1	WG: WG2 [[RT0],2]
30 Minutes	[E5]	START DELAY	ACT: ACT1	WG: WG2 [[RT0],2]
30 Minutes	[E6]	CAUGHT RESOURCE	[RES5]	RES5	ROLE: RT0	ACT: ACT0	
30 Minutes	[E6]	CAUGHT RESOURCE	[RES4]	RES4	ROLE: RT0	ACT: ACT0	
30 Minutes	[E6]	ACQUIRE RESOURCES	ACT: ACT0	WG: WG1 [[RT0],2]
30 Minutes	[E6]	START DELAY	ACT: ACT0	WG: WG1 [[RT0],2]
30 Minutes	[E6]	CAUGHT RESOURCE	[RES2]	RES2	ROLE: RT0	ACT: ACT1	
30 Minutes	[E6]	CAUGHT RESOURCE	[RES1]	RES1	ROLE: RT0	ACT: ACT1	
30 Minutes	[E6]	ACQUIRE RESOURCES	ACT: ACT1	WG: WG2 [[RT0],2]
30 Minutes	[E6]	START DELAY	ACT: ACT1	WG: WG2 [[RT0],2]
30 Minutes	[E9]	CAUGHT RESOURCE	[RES3]	RES3	ROLE: RT0	ACT: ACT1	
30 Minutes	[E9]	CAUGHT RESOURCE	[RES6]	RES6	ROLE: RT0	ACT: ACT1	
30 Minutes	[E9]	ACQUIRE RESOURCES	ACT: ACT1	WG: WG2 [[RT0],2]
30 Minutes	[E9]	START DELAY	ACT: ACT1	WG: WG2 [[RT0],2]
30 Minutes	[E9]	CAUGHT RESOURCE	[RES7]	RES7	ROLE: RT0	ACT: ACT0	
30 Minutes	[E9]	CAUGHT RESOURCE	[RES0]	RES0	ROLE: RT0	ACT: ACT0	
30 Minutes	[E9]	ACQUIRE RESOURCES	ACT: ACT0	WG: WG1 [[RT0],2]
30 Minutes	[E9]	START DELAY	ACT: ACT0	WG: WG1 [[RT0],2]
40 Minutes	[E5]	END DELAY	ACT: ACT1	WG: WG2 [[RT0],2]
40 Minutes	[E6]	END DELAY	ACT: ACT1	WG: WG2 [[RT0],2]
40 Minutes	[E9]	END DELAY	ACT: ACT1	WG: WG2 [[RT0],2]
40 Minutes	[E9]	END DELAY	ACT: ACT0	WG: WG1 [[RT0],2]
40 Minutes	[E5]	RELEASED RESOURCE	[RES9]	RES9	ROLE: RT0	ACT: ACT1	
40 Minutes	[E5]	RELEASED RESOURCE	[RES8]	RES8	ROLE: RT0	ACT: ACT1	
40 Minutes	[E5]	RELEASE RESOURCES	ACT: ACT1
40 Minutes	[E6]	RELEASED RESOURCE	[RES1]	RES1	ROLE: RT0	ACT: ACT1	
40 Minutes	[E6]	RELEASED RESOURCE	[RES2]	RES2	ROLE: RT0	ACT: ACT1	
40 Minutes	[E6]	RELEASE RESOURCES	ACT: ACT1
40 Minutes	[E9]	RELEASED RESOURCE	[RES6]	RES6	ROLE: RT0	ACT: ACT1	
40 Minutes	[E9]	RELEASED RESOURCE	[RES3]	RES3	ROLE: RT0	ACT: ACT1	
40 Minutes	[E9]	RELEASE RESOURCES	ACT: ACT1
40 Minutes	[E9]	RELEASED RESOURCE	[RES0]	RES0	ROLE: RT0	ACT: ACT0	
40 Minutes	[E9]	RELEASED RESOURCE	[RES7]	RES7	ROLE: RT0	ACT: ACT0	
40 Minutes	[E9]	RELEASE RESOURCES	ACT: ACT0
40 Minutes	[E6]	END DELAY	ACT: ACT0	WG: WG1 [[RT0],2]
40 Minutes	[E6]	RELEASED RESOURCE	[RES4]	RES4	ROLE: RT0	ACT: ACT0	
40 Minutes	[E6]	RELEASED RESOURCE	[RES5]	RES5	ROLE: RT0	ACT: ACT0	
40 Minutes	[E6]	RELEASE RESOURCES	ACT: ACT0
40 Minutes	[E7]	CAUGHT RESOURCE	[RES8]	RES8	ROLE: RT0	ACT: ACT1	
40 Minutes	[E7]	CAUGHT RESOURCE	[RES9]	RES9	ROLE: RT0	ACT: ACT1	
40 Minutes	[E7]	ACQUIRE RESOURCES	ACT: ACT1	WG: WG2 [[RT0],2]
40 Minutes	[E7]	START DELAY	ACT: ACT1	WG: WG2 [[RT0],2]
40 Minutes	[E7]	CAUGHT RESOURCE	[RES5]	RES5	ROLE: RT0	ACT: ACT0	
40 Minutes	[E7]	CAUGHT RESOURCE	[RES4]	RES4	ROLE: RT0	ACT: ACT0	
40 Minutes	[E7]	ACQUIRE RESOURCES	ACT: ACT0	WG: WG1 [[RT0],2]
40 Minutes	[E7]	START DELAY	ACT: ACT0	WG: WG1 [[RT0],2]
40 Minutes	[E8]	CAUGHT RESOURCE	[RES2]	RES2	ROLE: RT0	ACT: ACT1	
40 Minutes	[E8]	CAUGHT RESOURCE	[RES1]	RES1	ROLE: RT0	ACT: ACT1	
40 Minutes	[E8]	ACQUIRE RESOURCES	ACT: ACT1	WG: WG2 [[RT0],2]
40 Minutes	[E8]	START DELAY	ACT: ACT1	WG: WG2 [[RT0],2]
40 Minutes	[E8]	CAUGHT RESOURCE	[RES3]	RES3	ROLE: RT0	ACT: ACT0	
40 Minutes	[E8]	CAUGHT RESOURCE	[RES6]	RES6	ROLE: RT0	ACT: ACT0	
40 Minutes	[E8]	ACQUIRE RESOURCES	ACT: ACT0	WG: WG1 [[RT0],2]
40 Minutes	[E8]	START DELAY	ACT: ACT0	WG: WG1 [[RT0],2]
40 Minutes	[E0]	CAUGHT RESOURCE	[RES7]	RES7	ROLE: RT0	ACT: ACT0	
40 Minutes	[E0]	CAUGHT RESOURCE	[RES0]	RES0	ROLE: RT0	ACT: ACT0	
40 Minutes	[E0]	ACQUIRE RESOURCES	ACT: ACT0	WG: WG1 [[RT0],2]
40 Minutes	[E0]	START DELAY	ACT: ACT0	WG: WG1 [[RT0],2]
50 Minutes	[E7]	END DELAY	ACT: ACT1	WG: WG2 [[RT0],2]
50 Minutes	[E8]	END DELAY	ACT: ACT1	WG: WG2 [[RT0],2]
50 Minutes	[E8]	END DELAY	ACT: ACT0	WG: WG1 [[RT0],2]
50 Minutes	[E0]	END DELAY	ACT: ACT0	WG: WG1 [[RT0],2]
50 Minutes	[E7]	RELEASED RESOURCE	[RES9]	RES9	ROLE: RT0	ACT: ACT1	
50 Minutes	[E7]	RELEASED RESOURCE	[RES8]	RES8	ROLE: RT0	ACT: ACT1	
50 Minutes	[E7]	RELEASE RESOURCES	ACT: ACT1
50 Minutes	[E8]	RELEASED RESOURCE	[RES1]	RES1	ROLE: RT0	ACT: ACT1	
50 Minutes	[E8]	RELEASED RESOURCE	[RES2]	RES2	ROLE: RT0	ACT: ACT1	
50 Minutes	[E8]	RELEASE RESOURCES	ACT: ACT1
50 Minutes	[E8]	RELEASED RESOURCE	[RES6]	RES6	ROLE: RT0	ACT: ACT0	
50 Minutes	[E8]	RELEASED RESOURCE	[RES3]	RES3	ROLE: RT0	ACT: ACT0	
50 Minutes	[E8]	RELEASE RESOURCES	ACT: ACT0
50 Minutes	[E0]	RELEASED RESOURCE	[RES0]	RES0	ROLE: RT0	ACT: ACT0	
50 Minutes	[E0]	RELEASED RESOURCE	[RES7]	RES7	ROLE: RT0	ACT: ACT0	
50 Minutes	[E0]	RELEASE RESOURCES	ACT: ACT0
50 Minutes	[E7]	END DELAY	ACT: ACT0	WG: WG1 [[RT0],2]
50 Minutes	[E7]	RELEASED RESOURCE	[RES4]	RES4	ROLE: RT0	ACT: ACT0	
50 Minutes	[E7]	RELEASED RESOURCE	[RES5]	RES5	ROLE: RT0	ACT: ACT0	
50 Minutes	[E7]	RELEASE RESOURCES	ACT: ACT0
50 Minutes	[E0]	CAUGHT RESOURCE	[RES8]	RES8	ROLE: RT0	ACT: ACT1	
50 Minutes	[E0]	CAUGHT RESOURCE	[RES9]	RES9	ROLE: RT0	ACT: ACT1	
50 Minutes	[E0]	ACQUIRE RESOURCES	ACT: ACT1	WG: WG2 [[RT0],2]
50 Minutes	[E0]	START DELAY	ACT: ACT1	WG: WG2 [[RT0],2]
50 Minutes	[E1]	CAUGHT RESOURCE	[RES5]	RES5	ROLE: RT0	ACT: ACT1	
50 Minutes	[E1]	CAUGHT RESOURCE	[RES4]	RES4	ROLE: RT0	ACT: ACT1	
50 Minutes	[E1]	ACQUIRE RESOURCES	ACT: ACT1	WG: WG2 [[RT0],2]
50 Minutes	[E1]	START DELAY	ACT: ACT1	WG: WG2 [[RT0],2]
50 Minutes	[E2]	CAUGHT RESOURCE	[RES2]	RES2	ROLE: RT0	ACT: ACT0	
50 Minutes	[E2]	CAUGHT RESOURCE	[RES1]	RES1	ROLE: RT0	ACT: ACT0	
50 Minutes	[E2]	ACQUIRE RESOURCES	ACT: ACT0	WG: WG1 [[RT0],2]
50 Minutes	[E2]	START DELAY	ACT: ACT0	WG: WG1 [[RT0],2]
50 Minutes	[E2]	CAUGHT RESOURCE	[RES3]	RES3	ROLE: RT0	ACT: ACT1	
50 Minutes	[E2]	CAUGHT RESOURCE	[RES6]	RES6	ROLE: RT0	ACT: ACT1	
50 Minutes	[E2]	ACQUIRE RESOURCES	ACT: ACT1	WG: WG2 [[RT0],2]
50 Minutes	[E2]	START DELAY	ACT: ACT1	WG: WG2 [[RT0],2]
50 Minutes	[E1]	CAUGHT RESOURCE	[RES7]	RES7	ROLE: RT0	ACT: ACT0	
50 Minutes	[E1]	CAUGHT RESOURCE	[RES0]	RES0	ROLE: RT0	ACT: ACT0	
50 Minutes	[E1]	ACQUIRE RESOURCES	ACT: ACT0	WG: WG1 [[RT0],2]
50 Minutes	[E1]	START DELAY	ACT: ACT0	WG: WG1 [[RT0],2]
60 Minutes	[RES0]	ROLE OFF	RES0	RT: RT0
60 Minutes	[E1]	END DELAY	ACT: ACT0	WG: WG1 [[RT0],2]
60 Minutes	[RES9]	ROLE OFF	RES9	RT: RT0
60 Minutes	[E1]	RELEASED RESOURCE	[RES0]	RES0	ROLE: RT0	ACT: ACT0	
60 Minutes	[E1]	RELEASED RESOURCE	[RES7]	RES7	ROLE: RT0	ACT: ACT0	
60 Minutes	[E1]	RELEASE RESOURCES	ACT: ACT0
60 Minutes	[RES4]	ROLE OFF	RES4	RT: RT0
60 Minutes	[RES1]	ROLE OFF	RES1	RT: RT0
60 Minutes	[E2]	END DELAY	ACT: ACT0	WG: WG1 [[RT0],2]
60 Minutes	[E2]	END DELAY	ACT: ACT1	WG: WG2 [[RT0],2]
60 Minutes	[RES8]	ROLE OFF	RES8	RT: RT0
60 Minutes	[E2]	RELEASED RESOURCE	[RES1]	RES1	ROLE: RT0	ACT: ACT0	
60 Minutes	[E2]	RELEASED RESOURCE	[RES2]	RES2	ROLE: RT0	ACT: ACT0	
60 Minutes	[E2]	RELEASE RESOURCES	ACT: ACT0
60 Minutes	[E2]	RELEASED RESOURCE	[RES6]	RES6	ROLE: RT0	ACT: ACT1	
60 Minutes	[E2]	RELEASED RESOURCE	[RES3]	RES3	ROLE: RT0	ACT: ACT1	
60 Minutes	[E2]	RELEASE RESOURCES	ACT: ACT1
60 Minutes	[RES5]	ROLE OFF	RES5	RT: RT0
60 Minutes	[E1]	END DELAY	ACT: ACT1	WG: WG2 [[RT0],2]
60 Minutes	[RES6]	ROLE OFF	RES6	RT: RT0
60 Minutes	[E1]	RELEASED RESOURCE	[RES4]	RES4	ROLE: RT0	ACT: ACT1	
60 Minutes	[E1]	RELEASED RESOURCE	[RES5]	RES5	ROLE: RT0	ACT: ACT1	
60 Minutes	[E1]	RELEASE RESOURCES	ACT: ACT1
60 Minutes	[RES2]	ROLE OFF	RES2	RT: RT0
60 Minutes	[E0]	END DELAY	ACT: ACT1	WG: WG2 [[RT0],2]
60 Minutes	[RES7]	ROLE OFF	RES7	RT: RT0
60 Minutes	[RES3]	ROLE OFF	RES3	RT: RT0
60 Minutes	[E0]	RELEASED RESOURCE	[RES9]	RES9	ROLE: RT0	ACT: ACT1	
60 Minutes	[E0]	RELEASED RESOURCE	[RES8]	RES8	ROLE: RT0	ACT: ACT1	
60 Minutes	[E0]	RELEASE RESOURCES	ACT: ACT1
120 Minutes	[RES3]	ROLE ON	RES3	RT: RT0
120 Minutes	[RES5]	ROLE ON	RES5	RT: RT0
120 Minutes	[RES0]	ROLE ON	RES0	RT: RT0
120 Minutes	[RES1]	ROLE ON	RES1	RT: RT0
120 Minutes	[RES9]	ROLE ON	RES9	RT: RT0
120 Minutes	[RES4]	ROLE ON	RES4	RT: RT0
120 Minutes	[RES8]	ROLE ON	RES8	RT: RT0
120 Minutes	[RES7]	ROLE ON	RES7	RT: RT0
120 Minutes	[RES6]	ROLE ON	RES6	RT: RT0
120 Minutes	[RES2]	ROLE ON	RES2	RT: RT0
120 Minutes	[E4]	CAUGHT RESOURCE	[RES5]	RES5	ROLE: RT0	ACT: ACT3	
120 Minutes	[E4]	CAUGHT RESOURCE	[RES3]	RES3	ROLE: RT0	ACT: ACT3	
120 Minutes	[E4]	ACQUIRE RESOURCES	ACT: ACT3	WG: WG4 [[RT0],2]
120 Minutes	[E4]	START DELAY	ACT: ACT3	WG: WG4 [[RT0],2]
120 Minutes	[E4]	CAUGHT RESOURCE	[RES1]	RES1	ROLE: RT0	ACT: ACT2	
120 Minutes	[E4]	CAUGHT RESOURCE	[RES0]	RES0	ROLE: RT0	ACT: ACT2	
120 Minutes	[E4]	ACQUIRE RESOURCES	ACT: ACT2	WG: WG3 [[RT0],2]
120 Minutes	[E4]	START DELAY	ACT: ACT2	WG: WG3 [[RT0],2]
120 Minutes	[E5]	CAUGHT RESOURCE	[RES4]	RES4	ROLE: RT0	ACT: ACT3	
120 Minutes	[E5]	CAUGHT RESOURCE	[RES9]	RES9	ROLE: RT0	ACT: ACT3	
120 Minutes	[E5]	ACQUIRE RESOURCES	ACT: ACT3	WG: WG4 [[RT0],2]
120 Minutes	[E5]	START DELAY	ACT: ACT3	WG: WG4 [[RT0],2]
120 Minutes	[E3]	CAUGHT RESOURCE	[RES7]	RES7	ROLE: RT0	ACT: ACT2	
120 Minutes	[E3]	CAUGHT RESOURCE	[RES8]	RES8	ROLE: RT0	ACT: ACT2	
120 Minutes	[E3]	ACQUIRE RESOURCES	ACT: ACT2	WG: WG3 [[RT0],2]
120 Minutes	[E3]	START DELAY	ACT: ACT2	WG: WG3 [[RT0],2]
120 Minutes	[E3]	CAUGHT RESOURCE	[RES2]	RES2	ROLE: RT0	ACT: ACT3	
120 Minutes	[E3]	CAUGHT RESOURCE	[RES6]	RES6	ROLE: RT0	ACT: ACT3	
120 Minutes	[E3]	ACQUIRE RESOURCES	ACT: ACT3	WG: WG4 [[RT0],2]
120 Minutes	[E3]	START DELAY	ACT: ACT3	WG: WG4 [[RT0],2]
130 Minutes	[E4]	END DELAY	ACT: ACT3	WG: WG4 [[RT0],2]
130 Minutes	[E5]	END DELAY	ACT: ACT3	WG: WG4 [[RT0],2]
130 Minutes	[E3]	END DELAY	ACT: ACT2	WG: WG3 [[RT0],2]
130 Minutes	[E3]	END DELAY	ACT: ACT3	WG: WG4 [[RT0],2]
130 Minutes	[E4]	RELEASED RESOURCE	[RES3]	RES3	ROLE: RT0	ACT: ACT3	
130 Minutes	[E4]	RELEASED RESOURCE	[RES5]	RES5	ROLE: RT0	ACT: ACT3	
130 Minutes	[E4]	RELEASE RESOURCES	ACT: ACT3
130 Minutes	[E5]	RELEASED RESOURCE	[RES9]	RES9	ROLE: RT0	ACT: ACT3	
130 Minutes	[E5]	RELEASED RESOURCE	[RES4]	RES4	ROLE: RT0	ACT: ACT3	
130 Minutes	[E5]	RELEASE RESOURCES	ACT: ACT3
130 Minutes	[E3]	RELEASED RESOURCE	[RES8]	RES8	ROLE: RT0	ACT: ACT2	
130 Minutes	[E3]	RELEASED RESOURCE	[RES7]	RES7	ROLE: RT0	ACT: ACT2	
130 Minutes	[E3]	RELEASE RESOURCES	ACT: ACT2
130 Minutes	[E3]	RELEASED RESOURCE	[RES6]	RES6	ROLE: RT0	ACT: ACT3	
130 Minutes	[E3]	RELEASED RESOURCE	[RES2]	RES2	ROLE: RT0	ACT: ACT3	
130 Minutes	[E3]	RELEASE RESOURCES	ACT: ACT3
130 Minutes	[E3]	ELEMENT FINISH	ET: ET0
130 Minutes	[E4]	END DELAY	ACT: ACT2	WG: WG3 [[RT0],2]
130 Minutes	[E4]	RELEASED RESOURCE	[RES0]	RES0	ROLE: RT0	ACT: ACT2	
130 Minutes	[E4]	RELEASED RESOURCE	[RES1]	RES1	ROLE: RT0	ACT: ACT2	
130 Minutes	[E4]	RELEASE RESOURCES	ACT: ACT2
130 Minutes	[E4]	ELEMENT FINISH	ET: ET0
130 Minutes	[E5]	CAUGHT RESOURCE	[RES5]	RES5	ROLE: RT0	ACT: ACT2	
130 Minutes	[E5]	CAUGHT RESOURCE	[RES3]	RES3	ROLE: RT0	ACT: ACT2	
130 Minutes	[E5]	ACQUIRE RESOURCES	ACT: ACT2	WG: WG3 [[RT0],2]
130 Minutes	[E5]	START DELAY	ACT: ACT2	WG: WG3 [[RT0],2]
130 Minutes	[E6]	CAUGHT RESOURCE	[RES1]	RES1	ROLE: RT0	ACT: ACT2	
130 Minutes	[E6]	CAUGHT RESOURCE	[RES0]	RES0	ROLE: RT0	ACT: ACT2	
130 Minutes	[E6]	ACQUIRE RESOURCES	ACT: ACT2	WG: WG3 [[RT0],2]
130 Minutes	[E6]	START DELAY	ACT: ACT2	WG: WG3 [[RT0],2]
130 Minutes	[E6]	CAUGHT RESOURCE	[RES4]	RES4	ROLE: RT0	ACT: ACT3	
130 Minutes	[E6]	CAUGHT RESOURCE	[RES9]	RES9	ROLE: RT0	ACT: ACT3	
130 Minutes	[E6]	ACQUIRE RESOURCES	ACT: ACT3	WG: WG4 [[RT0],2]
130 Minutes	[E6]	START DELAY	ACT: ACT3	WG: WG4 [[RT0],2]
130 Minutes	[E9]	CAUGHT RESOURCE	[RES7]	RES7	ROLE: RT0	ACT: ACT3	
130 Minutes	[E9]	CAUGHT RESOURCE	[RES8]	RES8	ROLE: RT0	ACT: ACT3	
130 Minutes	[E9]	ACQUIRE RESOURCES	ACT: ACT3	WG: WG4 [[RT0],2]
130 Minutes	[E9]	START DELAY	ACT: ACT3	WG: WG4 [[RT0],2]
130 Minutes	[E9]	CAUGHT RESOURCE	[RES2]	RES2	ROLE: RT0	ACT: ACT2	
130 Minutes	[E9]	CAUGHT RESOURCE	[RES6]	RES6	ROLE: RT0	ACT: ACT2	
130 Minutes	[E9]	ACQUIRE RESOURCES	ACT: ACT2	WG: WG3 [[RT0],2]
130 Minutes	[E9]	START DELAY	ACT: ACT2	WG: WG3 [[RT0],2]
140 Minutes	[E5]	END DELAY	ACT: ACT2	WG: WG3 [[RT0],2]
140 Minutes	[E6]	END DELAY	ACT: ACT3	WG: WG4 [[RT0],2]
140 Minutes	[E9]	END DELAY	ACT: ACT3	WG: WG4 [[RT0],2]
140 Minutes	[E9]	END DELAY	ACT: ACT2	WG: WG3 [[RT0],2]
140 Minutes	[E5]	RELEASED RESOURCE	[RES3]	RES3	ROLE: RT0	ACT: ACT2	
140 Minutes	[E5]	RELEASED RESOURCE	[RES5]	RES5	ROLE: RT0	ACT: ACT2	
140 Minutes	[E5]	RELEASE RESOURCES	ACT: ACT2
140 Minutes	[E5]	ELEMENT FINISH	ET: ET0
140 Minutes	[E6]	RELEASED RESOURCE	[RES9]	RES9	ROLE: RT0	ACT: ACT3	
140 Minutes	[E6]	RELEASED RESOURCE	[RES4]	RES4	ROLE: RT0	ACT: ACT3	
140 Minutes	[E6]	RELEASE RESOURCES	ACT: ACT3
140 Minutes	[E9]	RELEASED RESOURCE	[RES8]	RES8	ROLE: RT0	ACT: ACT3	
140 Minutes	[E9]	RELEASED RESOURCE	[RES7]	RES7	ROLE: RT0	ACT: ACT3	
140 Minutes	[E9]	RELEASE RESOURCES	ACT: ACT3
140 Minutes	[E9]	RELEASED RESOURCE	[RES6]	RES6	ROLE: RT0	ACT: ACT2	
140 Minutes	[E9]	RELEASED RESOURCE	[RES2]	RES2	ROLE: RT0	ACT: ACT2	
140 Minutes	[E9]	RELEASE RESOURCES	ACT: ACT2
140 Minutes	[E9]	ELEMENT FINISH	ET: ET0
140 Minutes	[E6]	END DELAY	ACT: ACT2	WG: WG3 [[RT0],2]
140 Minutes	[E6]	RELEASED RESOURCE	[RES0]	RES0	ROLE: RT0	ACT: ACT2	
140 Minutes	[E6]	RELEASED RESOURCE	[RES1]	RES1	ROLE: RT0	ACT: ACT2	
140 Minutes	[E6]	RELEASE RESOURCES	ACT: ACT2
140 Minutes	[E6]	ELEMENT FINISH	ET: ET0
140 Minutes	[E8]	CAUGHT RESOURCE	[RES5]	RES5	ROLE: RT0	ACT: ACT3	
140 Minutes	[E8]	CAUGHT RESOURCE	[RES3]	RES3	ROLE: RT0	ACT: ACT3	
140 Minutes	[E8]	ACQUIRE RESOURCES	ACT: ACT3	WG: WG4 [[RT0],2]
140 Minutes	[E8]	START DELAY	ACT: ACT3	WG: WG4 [[RT0],2]
140 Minutes	[E7]	CAUGHT RESOURCE	[RES1]	RES1	ROLE: RT0	ACT: ACT3	
140 Minutes	[E7]	CAUGHT RESOURCE	[RES0]	RES0	ROLE: RT0	ACT: ACT3	
140 Minutes	[E7]	ACQUIRE RESOURCES	ACT: ACT3	WG: WG4 [[RT0],2]
140 Minutes	[E7]	START DELAY	ACT: ACT3	WG: WG4 [[RT0],2]
140 Minutes	[E7]	CAUGHT RESOURCE	[RES4]	RES4	ROLE: RT0	ACT: ACT2	
140 Minutes	[E7]	CAUGHT RESOURCE	[RES9]	RES9	ROLE: RT0	ACT: ACT2	
140 Minutes	[E7]	ACQUIRE RESOURCES	ACT: ACT2	WG: WG3 [[RT0],2]
140 Minutes	[E7]	START DELAY	ACT: ACT2	WG: WG3 [[RT0],2]
140 Minutes	[E8]	CAUGHT RESOURCE	[RES7]	RES7	ROLE: RT0	ACT: ACT2	
140 Minutes	[E8]	CAUGHT RESOURCE	[RES8]	RES8	ROLE: RT0	ACT: ACT2	
140 Minutes	[E8]	ACQUIRE RESOURCES	ACT: ACT2	WG: WG3 [[RT0],2]
140 Minutes	[E8]	START DELAY	ACT: ACT2	WG: WG3 [[RT0],2]
140 Minutes	[E0]	CAUGHT RESOURCE	[RES2]	RES2	ROLE: RT0	ACT: ACT3	
140 Minutes	[E0]	CAUGHT RESOURCE	[RES6]	RES6	ROLE: RT0	ACT: ACT3	
140 Minutes	[E0]	ACQUIRE RESOURCES	ACT: ACT3	WG: WG4 [[RT0],2]
140 Minutes	[E0]	START DELAY	ACT: ACT3	WG: WG4 [[RT0],2]
150 Minutes	[E8]	END DELAY	ACT: ACT3	WG: WG4 [[RT0],2]
150 Minutes	[E7]	END DELAY	ACT: ACT2	WG: WG3 [[RT0],2]
150 Minutes	[E8]	END DELAY	ACT: ACT2	WG: WG3 [[RT0],2]
150 Minutes	[E0]	END DELAY	ACT: ACT3	WG: WG4 [[RT0],2]
150 Minutes	[E8]	RELEASED RESOURCE	[RES3]	RES3	ROLE: RT0	ACT: ACT3	
150 Minutes	[E8]	RELEASED RESOURCE	[RES5]	RES5	ROLE: RT0	ACT: ACT3	
150 Minutes	[E8]	RELEASE RESOURCES	ACT: ACT3
150 Minutes	[E7]	RELEASED RESOURCE	[RES9]	RES9	ROLE: RT0	ACT: ACT2	
150 Minutes	[E7]	RELEASED RESOURCE	[RES4]	RES4	ROLE: RT0	ACT: ACT2	
150 Minutes	[E7]	RELEASE RESOURCES	ACT: ACT2
150 Minutes	[E8]	RELEASED RESOURCE	[RES8]	RES8	ROLE: RT0	ACT: ACT2	
150 Minutes	[E8]	RELEASED RESOURCE	[RES7]	RES7	ROLE: RT0	ACT: ACT2	
150 Minutes	[E8]	RELEASE RESOURCES	ACT: ACT2
150 Minutes	[E8]	ELEMENT FINISH	ET: ET0
150 Minutes	[E0]	RELEASED RESOURCE	[RES6]	RES6	ROLE: RT0	ACT: ACT3	
150 Minutes	[E0]	RELEASED RESOURCE	[RES2]	RES2	ROLE: RT0	ACT: ACT3	
150 Minutes	[E0]	RELEASE RESOURCES	ACT: ACT3
150 Minutes	[E7]	END DELAY	ACT: ACT3	WG: WG4 [[RT0],2]
150 Minutes	[E7]	RELEASED RESOURCE	[RES0]	RES0	ROLE: RT0	ACT: ACT3	
150 Minutes	[E7]	RELEASED RESOURCE	[RES1]	RES1	ROLE: RT0	ACT: ACT3	
150 Minutes	[E7]	RELEASE RESOURCES	ACT: ACT3
150 Minutes	[E7]	ELEMENT FINISH	ET: ET0
150 Minutes	[E0]	CAUGHT RESOURCE	[RES5]	RES5	ROLE: RT0	ACT: ACT2	
150 Minutes	[E0]	CAUGHT RESOURCE	[RES3]	RES3	ROLE: RT0	ACT: ACT2	
150 Minutes	[E0]	ACQUIRE RESOURCES	ACT: ACT2	WG: WG3 [[RT0],2]
150 Minutes	[E0]	START DELAY	ACT: ACT2	WG: WG3 [[RT0],2]
150 Minutes	[E1]	CAUGHT RESOURCE	[RES1]	RES1	ROLE: RT0	ACT: ACT2	
150 Minutes	[E1]	CAUGHT RESOURCE	[RES0]	RES0	ROLE: RT0	ACT: ACT2	
150 Minutes	[E1]	ACQUIRE RESOURCES	ACT: ACT2	WG: WG3 [[RT0],2]
150 Minutes	[E1]	START DELAY	ACT: ACT2	WG: WG3 [[RT0],2]
150 Minutes	[E1]	CAUGHT RESOURCE	[RES4]	RES4	ROLE: RT0	ACT: ACT3	
150 Minutes	[E1]	CAUGHT RESOURCE	[RES9]	RES9	ROLE: RT0	ACT: ACT3	
150 Minutes	[E1]	ACQUIRE RESOURCES	ACT: ACT3	WG: WG4 [[RT0],2]
150 Minutes	[E1]	START DELAY	ACT: ACT3	WG: WG4 [[RT0],2]
150 Minutes	[E2]	CAUGHT RESOURCE	[RES7]	RES7	ROLE: RT0	ACT: ACT2	
150 Minutes	[E2]	CAUGHT RESOURCE	[RES8]	RES8	ROLE: RT0	ACT: ACT2	
150 Minutes	[E2]	ACQUIRE RESOURCES	ACT: ACT2	WG: WG3 [[RT0],2]
150 Minutes	[E2]	START DELAY	ACT: ACT2	WG: WG3 [[RT0],2]
150 Minutes	[E2]	CAUGHT RESOURCE	[RES2]	RES2	ROLE: RT0	ACT: ACT3	
150 Minutes	[E2]	CAUGHT RESOURCE	[RES6]	RES6	ROLE: RT0	ACT: ACT3	
150 Minutes	[E2]	ACQUIRE RESOURCES	ACT: ACT3	WG: WG4 [[RT0],2]
150 Minutes	[E2]	START DELAY	ACT: ACT3	WG: WG4 [[RT0],2]
160 Minutes	[RES6]	ROLE OFF	RES6	RT: RT0
160 Minutes	[E2]	END DELAY	ACT: ACT3	WG: WG4 [[RT0],2]
160 Minutes	[RES3]	ROLE OFF	RES3	RT: RT0
160 Minutes	[E2]	RELEASED RESOURCE	[RES6]	RES6	ROLE: RT0	ACT: ACT3	
160 Minutes	[E2]	RELEASED RESOURCE	[RES2]	RES2	ROLE: RT0	ACT: ACT3	
160 Minutes	[E2]	RELEASE RESOURCES	ACT: ACT3
160 Minutes	[RES0]	ROLE OFF	RES0	RT: RT0
160 Minutes	[RES9]	ROLE OFF	RES9	RT: RT0
160 Minutes	[E1]	END DELAY	ACT: ACT3	WG: WG4 [[RT0],2]
160 Minutes	[E2]	END DELAY	ACT: ACT2	WG: WG3 [[RT0],2]
160 Minutes	[RES5]	ROLE OFF	RES5	RT: RT0
160 Minutes	[E1]	RELEASED RESOURCE	[RES9]	RES9	ROLE: RT0	ACT: ACT3	
160 Minutes	[E1]	RELEASED RESOURCE	[RES4]	RES4	ROLE: RT0	ACT: ACT3	
160 Minutes	[E1]	RELEASE RESOURCES	ACT: ACT3
160 Minutes	[E2]	RELEASED RESOURCE	[RES8]	RES8	ROLE: RT0	ACT: ACT2	
160 Minutes	[E2]	RELEASED RESOURCE	[RES7]	RES7	ROLE: RT0	ACT: ACT2	
160 Minutes	[E2]	RELEASE RESOURCES	ACT: ACT2
160 Minutes	[E2]	ELEMENT FINISH	ET: ET0
160 Minutes	[RES1]	ROLE OFF	RES1	RT: RT0
160 Minutes	[RES8]	ROLE OFF	RES8	RT: RT0
160 Minutes	[E1]	END DELAY	ACT: ACT2	WG: WG3 [[RT0],2]
160 Minutes	[RES4]	ROLE OFF	RES4	RT: RT0
160 Minutes	[E1]	RELEASED RESOURCE	[RES0]	RES0	ROLE: RT0	ACT: ACT2	
160 Minutes	[E1]	RELEASED RESOURCE	[RES1]	RES1	ROLE: RT0	ACT: ACT2	
160 Minutes	[E1]	RELEASE RESOURCES	ACT: ACT2
160 Minutes	[E1]	ELEMENT FINISH	ET: ET0
160 Minutes	[RES2]	ROLE OFF	RES2	RT: RT0
160 Minutes	[RES7]	ROLE OFF	RES7	RT: RT0
160 Minutes	[E0]	END DELAY	ACT: ACT2	WG: WG3 [[RT0],2]
160 Minutes	[E0]	RELEASED RESOURCE	[RES3]	RES3	ROLE: RT0	ACT: ACT2	
160 Minutes	[E0]	RELEASED RESOURCE	[RES5]	RES5	ROLE: RT0	ACT: ACT2	
160 Minutes	[E0]	RELEASE RESOURCES	ACT: ACT2
160 Minutes	[E0]	ELEMENT FINISH	ET: ET0
220 Minutes	[RES4]	ROLE ON	RES4	RT: RT0
220 Minutes	[RES1]	ROLE ON	RES1	RT: RT0
220 Minutes	[RES3]	ROLE ON	RES3	RT: RT0
220 Minutes	[RES6]	ROLE ON	RES6	RT: RT0
220 Minutes	[RES9]	ROLE ON	RES9	RT: RT0
220 Minutes	[RES0]	ROLE ON	RES0	RT: RT0
220 Minutes	[RES5]	ROLE ON	RES5	RT: RT0
220 Minutes	[RES2]	ROLE ON	RES2	RT: RT0
220 Minutes	[RES8]	ROLE ON	RES8	RT: RT0
220 Minutes	[RES7]	ROLE ON	RES7	RT: RT0
220 Minutes	[E19]	CAUGHT RESOURCE	[RES1]	RES1	ROLE: RT0	ACT: ACT1	
220 Minutes	[E19]	CAUGHT RESOURCE	[RES4]	RES4	ROLE: RT0	ACT: ACT1	
220 Minutes	[E19]	ACQUIRE RESOURCES	ACT: ACT1	WG: WG2 [[RT0],2]
220 Minutes	[E19]	START DELAY	ACT: ACT1	WG: WG2 [[RT0],2]
220 Minutes	[E19]	CAUGHT RESOURCE	[RES6]	RES6	ROLE: RT0	ACT: ACT0	
220 Minutes	[E19]	CAUGHT RESOURCE	[RES3]	RES3	ROLE: RT0	ACT: ACT0	
220 Minutes	[E19]	ACQUIRE RESOURCES	ACT: ACT0	WG: WG1 [[RT0],2]
220 Minutes	[E19]	START DELAY	ACT: ACT0	WG: WG1 [[RT0],2]
220 Minutes	[E17]	CAUGHT RESOURCE	[RES0]	RES0	ROLE: RT0	ACT: ACT0	
220 Minutes	[E17]	CAUGHT RESOURCE	[RES9]	RES9	ROLE: RT0	ACT: ACT0	
220 Minutes	[E17]	ACQUIRE RESOURCES	ACT: ACT0	WG: WG1 [[RT0],2]
220 Minutes	[E17]	START DELAY	ACT: ACT0	WG: WG1 [[RT0],2]
220 Minutes	[E17]	CAUGHT RESOURCE	[RES2]	RES2	ROLE: RT0	ACT: ACT1	
220 Minutes	[E17]	CAUGHT RESOURCE	[RES5]	RES5	ROLE: RT0	ACT: ACT1	
220 Minutes	[E17]	ACQUIRE RESOURCES	ACT: ACT1	WG: WG2 [[RT0],2]
220 Minutes	[E17]	START DELAY	ACT: ACT1	WG: WG2 [[RT0],2]
220 Minutes	[E18]	CAUGHT RESOURCE	[RES7]	RES7	ROLE: RT0	ACT: ACT1	
220 Minutes	[E18]	CAUGHT RESOURCE	[RES8]	RES8	ROLE: RT0	ACT: ACT1	
220 Minutes	[E18]	ACQUIRE RESOURCES	ACT: ACT1	WG: WG2 [[RT0],2]
220 Minutes	[E18]	START DELAY	ACT: ACT1	WG: WG2 [[RT0],2]
230 Minutes	[E19]	END DELAY	ACT: ACT1	WG: WG2 [[RT0],2]
230 Minutes	[E17]	END DELAY	ACT: ACT0	WG: WG1 [[RT0],2]
230 Minutes	[E17]	END DELAY	ACT: ACT1	WG: WG2 [[RT0],2]
230 Minutes	[E18]	END DELAY	ACT: ACT1	WG: WG2 [[RT0],2]
230 Minutes	[E19]	RELEASED RESOURCE	[RES4]	RES4	ROLE: RT0	ACT: ACT1	
230 Minutes	[E19]	RELEASED RESOURCE	[RES1]	RES1	ROLE: RT0	ACT: ACT1	
230 Minutes	[E19]	RELEASE RESOURCES	ACT: ACT1
230 Minutes	[E17]	RELEASED RESOURCE	[RES9]	RES9	ROLE: RT0	ACT: ACT0	
230 Minutes	[E17]	RELEASED RESOURCE	[RES0]	RES0	ROLE: RT0	ACT: ACT0	
230 Minutes	[E17]	RELEASE RESOURCES	ACT: ACT0
230 Minutes	[E17]	RELEASED RESOURCE	[RES5]	RES5	ROLE: RT0	ACT: ACT1	
230 Minutes	[E17]	RELEASED RESOURCE	[RES2]	RES2	ROLE: RT0	ACT: ACT1	
230 Minutes	[E17]	RELEASE RESOURCES	ACT: ACT1
230 Minutes	[E18]	RELEASED RESOURCE	[RES8]	RES8	ROLE: RT0	ACT: ACT1	
230 Minutes	[E18]	RELEASED RESOURCE	[RES7]	RES7	ROLE: RT0	ACT: ACT1	
230 Minutes	[E18]	RELEASE RESOURCES	ACT: ACT1
230 Minutes	[E19]	END DELAY	ACT: ACT0	WG: WG1 [[RT0],2]
230 Minutes	[E19]	RELEASED RESOURCE	[RES3]	RES3	ROLE: RT0	ACT: ACT0	
230 Minutes	[E19]	RELEASED RESOURCE	[RES6]	RES6	ROLE: RT0	ACT: ACT0	
230 Minutes	[E19]	RELEASE RESOURCES	ACT: ACT0
230 Minutes	[E18]	CAUGHT RESOURCE	[RES1]	RES1	ROLE: RT0	ACT: ACT0	
230 Minutes	[E18]	CAUGHT RESOURCE	[RES4]	RES4	ROLE: RT0	ACT: ACT0	
230 Minutes	[E18]	ACQUIRE RESOURCES	ACT: ACT0	WG: WG1 [[RT0],2]
230 Minutes	[E18]	START DELAY	ACT: ACT0	WG: WG1 [[RT0],2]
230 Minutes	[E15]	CAUGHT RESOURCE	[RES6]	RES6	ROLE: RT0	ACT: ACT1	
230 Minutes	[E15]	CAUGHT RESOURCE	[RES3]	RES3	ROLE: RT0	ACT: ACT1	
230 Minutes	[E15]	ACQUIRE RESOURCES	ACT: ACT1	WG: WG2 [[RT0],2]
230 Minutes	[E15]	START DELAY	ACT: ACT1	WG: WG2 [[RT0],2]
230 Minutes	[E15]	CAUGHT RESOURCE	[RES0]	RES0	ROLE: RT0	ACT: ACT0	
230 Minutes	[E15]	CAUGHT RESOURCE	[RES9]	RES9	ROLE: RT0	ACT: ACT0	
230 Minutes	[E15]	ACQUIRE RESOURCES	ACT: ACT0	WG: WG1 [[RT0],2]
230 Minutes	[E15]	START DELAY	ACT: ACT0	WG: WG1 [[RT0],2]
230 Minutes	[E16]	CAUGHT RESOURCE	[RES2]	RES2	ROLE: RT0	ACT: ACT1	
230 Minutes	[E16]	CAUGHT RESOURCE	[RES5]	RES5	ROLE: RT0	ACT: ACT1	
230 Minutes	[E16]	ACQUIRE RESOURCES	ACT: ACT1	WG: WG2 [[RT0],2]
230 Minutes	[E16]	START DELAY	ACT: ACT1	WG: WG2 [[RT0],2]
230 Minutes	[E16]	CAUGHT RESOURCE	[RES7]	RES7	ROLE: RT0	ACT: ACT0	
230 Minutes	[E16]	CAUGHT RESOURCE	[RES8]	RES8	ROLE: RT0	ACT: ACT0	
230 Minutes	[E16]	ACQUIRE RESOURCES	ACT: ACT0	WG: WG1 [[RT0],2]
230 Minutes	[E16]	START DELAY	ACT: ACT0	WG: WG1 [[RT0],2]
240 Minutes	[E18]	END DELAY	ACT: ACT0	WG: WG1 [[RT0],2]
240 Minutes	[E15]	END DELAY	ACT: ACT0	WG: WG1 [[RT0],2]
240 Minutes	[E16]	END DELAY	ACT: ACT1	WG: WG2 [[RT0],2]
240 Minutes	[E16]	END DELAY	ACT: ACT0	WG: WG1 [[RT0],2]
240 Minutes	[E18]	RELEASED RESOURCE	[RES4]	RES4	ROLE: RT0	ACT: ACT0	
240 Minutes	[E18]	RELEASED RESOURCE	[RES1]	RES1	ROLE: RT0	ACT: ACT0	
240 Minutes	[E18]	RELEASE RESOURCES	ACT: ACT0
240 Minutes	[E15]	RELEASED RESOURCE	[RES9]	RES9	ROLE: RT0	ACT: ACT0	
240 Minutes	[E15]	RELEASED RESOURCE	[RES0]	RES0	ROLE: RT0	ACT: ACT0	
240 Minutes	[E15]	RELEASE RESOURCES	ACT: ACT0
240 Minutes	[E16]	RELEASED RESOURCE	[RES5]	RES5	ROLE: RT0	ACT: ACT1	
240 Minutes	[E16]	RELEASED RESOURCE	[RES2]	RES2	ROLE: RT0	ACT: ACT1	
240 Minutes	[E16]	RELEASE RESOURCES	ACT: ACT1
240 Minutes	[E16]	RELEASED RESOURCE	[RES8]	RES8	ROLE: RT0	ACT: ACT0	
240 Minutes	[E16]	RELEASED RESOURCE	[RES7]	RES7	ROLE: RT0	ACT: ACT0	
240 Minutes	[E16]	RELEASE RESOURCES	ACT: ACT0
240 Minutes	[E15]	END DELAY	ACT: ACT1	WG: WG2 [[RT0],2]
240 Minutes	[E15]	RELEASED RESOURCE	[RES3]	RES3	ROLE: RT0	ACT: ACT1	
240 Minutes	[E15]	RELEASED RESOURCE	[RES6]	RES6	ROLE: RT0	ACT: ACT1	
240 Minutes	[E15]	RELEASE RESOURCES	ACT: ACT1
240 Minutes	[E13]	CAUGHT RESOURCE	[RES1]	RES1	ROLE: RT0	ACT: ACT1	
240 Minutes	[E13]	CAUGHT RESOURCE	[RES4]	RES4	ROLE: RT0	ACT: ACT1	
240 Minutes	[E13]	ACQUIRE RESOURCES	ACT: ACT1	WG: WG2 [[RT0],2]
240 Minutes	[E13]	START DELAY	ACT: ACT1	WG: WG2 [[RT0],2]
240 Minutes	[E13]	CAUGHT RESOURCE	[RES6]	RES6	ROLE: RT0	ACT: ACT0	
240 Minutes	[E13]	CAUGHT RESOURCE	[RES3]	RES3	ROLE: RT0	ACT: ACT0	
240 Minutes	[E13]	ACQUIRE RESOURCES	ACT: ACT0	WG: WG1 [[RT0],2]
240 Minutes	[E13]	START DELAY	ACT: ACT0	WG: WG1 [[RT0],2]
240 Minutes	[E14]	CAUGHT RESOURCE	[RES0]	RES0	ROLE: RT0	ACT: ACT1	
240 Minutes	[E14]	CAUGHT RESOURCE	[RES9]	RES9	ROLE: RT0	ACT: ACT1	
240 Minutes	[E14]	ACQUIRE RESOURCES	ACT: ACT1	WG: WG2 [[RT0],2]
240 Minutes	[E14]	START DELAY	ACT: ACT1	WG: WG2 [[RT0],2]
240 Minutes	[E14]	CAUGHT RESOURCE	[RES2]	RES2	ROLE: RT0	ACT: ACT0	
240 Minutes	[E14]	CAUGHT RESOURCE	[RES5]	RES5	ROLE: RT0	ACT: ACT0	
240 Minutes	[E14]	ACQUIRE RESOURCES	ACT: ACT0	WG: WG1 [[RT0],2]
240 Minutes	[E14]	START DELAY	ACT: ACT0	WG: WG1 [[RT0],2]
240 Minutes	[E11]	CAUGHT RESOURCE	[RES7]	RES7	ROLE: RT0	ACT: ACT1	
240 Minutes	[E11]	CAUGHT RESOURCE	[RES8]	RES8	ROLE: RT0	ACT: ACT1	
240 Minutes	[E11]	ACQUIRE RESOURCES	ACT: ACT1	WG: WG2 [[RT0],2]
240 Minutes	[E11]	START DELAY	ACT: ACT1	WG: WG2 [[RT0],2]
250 Minutes	[E13]	END DELAY	ACT: ACT1	WG: WG2 [[RT0],2]
250 Minutes	[E14]	END DELAY	ACT: ACT1	WG: WG2 [[RT0],2]
250 Minutes	[E14]	END DELAY	ACT: ACT0	WG: WG1 [[RT0],2]
250 Minutes	[E11]	END DELAY	ACT: ACT1	WG: WG2 [[RT0],2]
250 Minutes	[E13]	RELEASED RESOURCE	[RES4]	RES4	ROLE: RT0	ACT: ACT1	
250 Minutes	[E13]	RELEASED RESOURCE	[RES1]	RES1	ROLE: RT0	ACT: ACT1	
250 Minutes	[E13]	RELEASE RESOURCES	ACT: ACT1
250 Minutes	[E14]	RELEASED RESOURCE	[RES9]	RES9	ROLE: RT0	ACT: ACT1	
250 Minutes	[E14]	RELEASED RESOURCE	[RES0]	RES0	ROLE: RT0	ACT: ACT1	
250 Minutes	[E14]	RELEASE RESOURCES	ACT: ACT1
250 Minutes	[E14]	RELEASED RESOURCE	[RES5]	RES5	ROLE: RT0	ACT: ACT0	
250 Minutes	[E14]	RELEASED RESOURCE	[RES2]	RES2	ROLE: RT0	ACT: ACT0	
250 Minutes	[E14]	RELEASE RESOURCES	ACT: ACT0
250 Minutes	[E11]	RELEASED RESOURCE	[RES8]	RES8	ROLE: RT0	ACT: ACT1	
250 Minutes	[E11]	RELEASED RESOURCE	[RES7]	RES7	ROLE: RT0	ACT: ACT1	
250 Minutes	[E11]	RELEASE RESOURCES	ACT: ACT1
250 Minutes	[E13]	END DELAY	ACT: ACT0	WG: WG1 [[RT0],2]
250 Minutes	[E13]	RELEASED RESOURCE	[RES3]	RES3	ROLE: RT0	ACT: ACT0	
250 Minutes	[E13]	RELEASED RESOURCE	[RES6]	RES6	ROLE: RT0	ACT: ACT0	
250 Minutes	[E13]	RELEASE RESOURCES	ACT: ACT0
250 Minutes	[E11]	CAUGHT RESOURCE	[RES1]	RES1	ROLE: RT0	ACT: ACT0	
250 Minutes	[E11]	CAUGHT RESOURCE	[RES4]	RES4	ROLE: RT0	ACT: ACT0	
250 Minutes	[E11]	ACQUIRE RESOURCES	ACT: ACT0	WG: WG1 [[RT0],2]
250 Minutes	[E11]	START DELAY	ACT: ACT0	WG: WG1 [[RT0],2]
250 Minutes	[E12]	CAUGHT RESOURCE	[RES6]	RES6	ROLE: RT0	ACT: ACT1	
250 Minutes	[E12]	CAUGHT RESOURCE	[RES3]	RES3	ROLE: RT0	ACT: ACT1	
250 Minutes	[E12]	ACQUIRE RESOURCES	ACT: ACT1	WG: WG2 [[RT0],2]
250 Minutes	[E12]	START DELAY	ACT: ACT1	WG: WG2 [[RT0],2]
250 Minutes	[E12]	CAUGHT RESOURCE	[RES0]	RES0	ROLE: RT0	ACT: ACT0	
250 Minutes	[E12]	CAUGHT RESOURCE	[RES9]	RES9	ROLE: RT0	ACT: ACT0	
250 Minutes	[E12]	ACQUIRE RESOURCES	ACT: ACT0	WG: WG1 [[RT0],2]
250 Minutes	[E12]	START DELAY	ACT: ACT0	WG: WG1 [[RT0],2]
250 Minutes	[E10]	CAUGHT RESOURCE	[RES2]	RES2	ROLE: RT0	ACT: ACT1	
250 Minutes	[E10]	CAUGHT RESOURCE	[RES5]	RES5	ROLE: RT0	ACT: ACT1	
250 Minutes	[E10]	ACQUIRE RESOURCES	ACT: ACT1	WG: WG2 [[RT0],2]
250 Minutes	[E10]	START DELAY	ACT: ACT1	WG: WG2 [[RT0],2]
250 Minutes	[E10]	CAUGHT RESOURCE	[RES7]	RES7	ROLE: RT0	ACT: ACT0	
250 Minutes	[E10]	CAUGHT RESOURCE	[RES8]	RES8	ROLE: RT0	ACT: ACT0	
250 Minutes	[E10]	ACQUIRE RESOURCES	ACT: ACT0	WG: WG1 [[RT0],2]
250 Minutes	[E10]	START DELAY	ACT: ACT0	WG: WG1 [[RT0],2]
260 Minutes	[RES8]	ROLE OFF	RES8	RT: RT0
260 Minutes	[E10]	END DELAY	ACT: ACT0	WG: WG1 [[RT0],2]
260 Minutes	[RES4]	ROLE OFF	RES4	RT: RT0
260 Minutes	[E10]	RELEASED RESOURCE	[RES8]	RES8	ROLE: RT0	ACT: ACT0	
260 Minutes	[E10]	RELEASED RESOURCE	[RES7]	RES7	ROLE: RT0	ACT: ACT0	
260 Minutes	[E10]	RELEASE RESOURCES	ACT: ACT0
260 Minutes	[RES3]	ROLE OFF	RES3	RT: RT0
260 Minutes	[RES9]	ROLE OFF	RES9	RT: RT0
260 Minutes	[E12]	END DELAY	ACT: ACT0	WG: WG1 [[RT0],2]
260 Minutes	[E10]	END DELAY	ACT: ACT1	WG: WG2 [[RT0],2]
260 Minutes	[RES1]	ROLE OFF	RES1	RT: RT0
260 Minutes	[E12]	RELEASED RESOURCE	[RES9]	RES9	ROLE: RT0	ACT: ACT0	
260 Minutes	[E12]	RELEASED RESOURCE	[RES0]	RES0	ROLE: RT0	ACT: ACT0	
260 Minutes	[E12]	RELEASE RESOURCES	ACT: ACT0
260 Minutes	[E10]	RELEASED RESOURCE	[RES5]	RES5	ROLE: RT0	ACT: ACT1	
260 Minutes	[E10]	RELEASED RESOURCE	[RES2]	RES2	ROLE: RT0	ACT: ACT1	
260 Minutes	[E10]	RELEASE RESOURCES	ACT: ACT1
260 Minutes	[RES6]	ROLE OFF	RES6	RT: RT0
260 Minutes	[E12]	END DELAY	ACT: ACT1	WG: WG2 [[RT0],2]
260 Minutes	[RES5]	ROLE OFF	RES5	RT: RT0
260 Minutes	[E12]	RELEASED RESOURCE	[RES3]	RES3	ROLE: RT0	ACT: ACT1	
260 Minutes	[E12]	RELEASED RESOURCE	[RES6]	RES6	ROLE: RT0	ACT: ACT1	
260 Minutes	[E12]	RELEASE RESOURCES	ACT: ACT1
260 Minutes	[RES0]	ROLE OFF	RES0	RT: RT0
260 Minutes	[E11]	END DELAY	ACT: ACT0	WG: WG1 [[RT0],2]
260 Minutes	[RES7]	ROLE OFF	RES7	RT: RT0
260 Minutes	[RES2]	ROLE OFF	RES2	RT: RT0
260 Minutes	[E11]	RELEASED RESOURCE	[RES4]	RES4	ROLE: RT0	ACT: ACT0	
260 Minutes	[E11]	RELEASED RESOURCE	[RES1]	RES1	ROLE: RT0	ACT: ACT0	
260 Minutes	[E11]	RELEASE RESOURCES	ACT: ACT0
320 Minutes	[RES2]	ROLE ON	RES2	RT: RT0
320 Minutes	[RES6]	ROLE ON	RES6	RT: RT0
320 Minutes	[RES8]	ROLE ON	RES8	RT: RT0
320 Minutes	[RES9]	ROLE ON	RES9	RT: RT0
320 Minutes	[RES4]	ROLE ON	RES4	RT: RT0
320 Minutes	[RES3]	ROLE ON	RES3	RT: RT0
320 Minutes	[RES1]	ROLE ON	RES1	RT: RT0
320 Minutes	[RES7]	ROLE ON	RES7	RT: RT0
320 Minutes	[RES5]	ROLE ON	RES5	RT: RT0
320 Minutes	[RES0]	ROLE ON	RES0	RT: RT0
320 Minutes	[E19]	CAUGHT RESOURCE	[RES6]	RES6	ROLE: RT0	ACT: ACT3	
320 Minutes	[E19]	CAUGHT RESOURCE	[RES2]	RES2	ROLE: RT0	ACT: ACT3	
320 Minutes	[E19]	ACQUIRE RESOURCES	ACT: ACT3	WG: WG4 [[RT0],2]
320 Minutes	[E19]	START DELAY	ACT: ACT3	WG: WG4 [[RT0],2]
320 Minutes	[E19]	CAUGHT RESOURCE	[RES9]	RES9	ROLE: RT0	ACT: ACT2	
320 Minutes	[E19]	CAUGHT RESOURCE	[RES8]	RES8	ROLE: RT0	ACT: ACT2	
320 Minutes	[E19]	ACQUIRE RESOURCES	ACT: ACT2	WG: WG3 [[RT0],2]
320 Minutes	[E19]	START DELAY	ACT: ACT2	WG: WG3 [[RT0],2]
320 Minutes	[E17]	CAUGHT RESOURCE	[RES3]	RES3	ROLE: RT0	ACT: ACT2	
320 Minutes	[E17]	CAUGHT RESOURCE	[RES4]	RES4	ROLE: RT0	ACT: ACT2	
320 Minutes	[E17]	ACQUIRE RESOURCES	ACT: ACT2	WG: WG3 [[RT0],2]
320 Minutes	[E17]	START DELAY	ACT: ACT2	WG: WG3 [[RT0],2]
320 Minutes	[E18]	CAUGHT RESOURCE	[RES7]	RES7	ROLE: RT0	ACT: ACT2	
320 Minutes	[E18]	CAUGHT RESOURCE	[RES1]	RES1	ROLE: RT0	ACT: ACT2	
320 Minutes	[E18]	ACQUIRE RESOURCES	ACT: ACT2	WG: WG3 [[RT0],2]
320 Minutes	[E18]	START DELAY	ACT: ACT2	WG: WG3 [[RT0],2]
320 Minutes	[E18]	CAUGHT RESOURCE	[RES0]	RES0	ROLE: RT0	ACT: ACT3	
320 Minutes	[E18]	CAUGHT RESOURCE	[RES5]	RES5	ROLE: RT0	ACT: ACT3	
320 Minutes	[E18]	ACQUIRE RESOURCES	ACT: ACT3	WG: WG4 [[RT0],2]
320 Minutes	[E18]	START DELAY	ACT: ACT3	WG: WG4 [[RT0],2]
330 Minutes	[E19]	END DELAY	ACT: ACT3	WG: WG4 [[RT0],2]
330 Minutes	[E17]	END DELAY	ACT: ACT2	WG: WG3 [[RT0],2]
330 Minutes	[E18]	END DELAY	ACT: ACT2	WG: WG3 [[RT0],2]
330 Minutes	[E18]	END DELAY	ACT: ACT3	WG: WG4 [[RT0],2]
330 Minutes	[E19]	RELEASED RESOURCE	[RES2]	RES2	ROLE: RT0	ACT: ACT3	
330 Minutes	[E19]	RELEASED RESOURCE	[RES6]	RES6	ROLE: RT0	ACT: ACT3	
330 Minutes	[E19]	RELEASE RESOURCES	ACT: ACT3
330 Minutes	[E17]	RELEASED RESOURCE	[RES4]	RES4	ROLE: RT0	ACT: ACT2	
330 Minutes	[E17]	RELEASED RESOURCE	[RES3]	RES3	ROLE: RT0	ACT: ACT2	
330 Minutes	[E17]	RELEASE RESOURCES	ACT: ACT2
330 Minutes	[E18]	RELEASED RESOURCE	[RES1]	RES1	ROLE: RT0	ACT: ACT2	
330 Minutes	[E18]	RELEASED RESOURCE	[RES7]	RES7	ROLE: RT0	ACT: ACT2	
330 Minutes	[E18]	RELEASE RESOURCES	ACT: ACT2
330 Minutes	[E18]	RELEASED RESOURCE	[RES5]	RES5	ROLE: RT0	ACT: ACT3	
330 Minutes	[E18]	RELEASED RESOURCE	[RES0]	RES0	ROLE: RT0	ACT: ACT3	
330 Minutes	[E18]	RELEASE RESOURCES	ACT: ACT3
330 Minutes	[E18]	ELEMENT FINISH	ET: ET1
330 Minutes	[E19]	END DELAY	ACT: ACT2	WG: WG3 [[RT0],2]
330 Minutes	[E19]	RELEASED RESOURCE	[RES8]	RES8	ROLE: RT0	ACT: ACT2	
330 Minutes	[E19]	RELEASED RESOURCE	[RES9]	RES9	ROLE: RT0	ACT: ACT2	
330 Minutes	[E19]	RELEASE RESOURCES	ACT: ACT2
330 Minutes	[E19]	ELEMENT FINISH	ET: ET1
330 Minutes	[E17]	CAUGHT RESOURCE	[RES6]	RES6	ROLE: RT0	ACT: ACT3	
330 Minutes	[E17]	CAUGHT RESOURCE	[RES2]	RES2	ROLE: RT0	ACT: ACT3	
330 Minutes	[E17]	ACQUIRE RESOURCES	ACT: ACT3	WG: WG4 [[RT0],2]
330 Minutes	[E17]	START DELAY	ACT: ACT3	WG: WG4 [[RT0],2]
330 Minutes	[E16]	CAUGHT RESOURCE	[RES9]	RES9	ROLE: RT0	ACT: ACT3	
330 Minutes	[E16]	CAUGHT RESOURCE	[RES8]	RES8	ROLE: RT0	ACT: ACT3	
330 Minutes	[E16]	ACQUIRE RESOURCES	ACT: ACT3	WG: WG4 [[RT0],2]
330 Minutes	[E16]	START DELAY	ACT: ACT3	WG: WG4 [[RT0],2]
330 Minutes	[E16]	CAUGHT RESOURCE	[RES3]	RES3	ROLE: RT0	ACT: ACT2	
330 Minutes	[E16]	CAUGHT RESOURCE	[RES4]	RES4	ROLE: RT0	ACT: ACT2	
330 Minutes	[E16]	ACQUIRE RESOURCES	ACT: ACT2	WG: WG3 [[RT0],2]
330 Minutes	[E16]	START DELAY	ACT: ACT2	WG: WG3 [[RT0],2]
330 Minutes	[E15]	CAUGHT RESOURCE	[RES7]	RES7	ROLE: RT0	ACT: ACT2	
330 Minutes	[E15]	CAUGHT RESOURCE	[RES1]	RES1	ROLE: RT0	ACT: ACT2	
330 Minutes	[E15]	ACQUIRE RESOURCES	ACT: ACT2	WG: WG3 [[RT0],2]
330 Minutes	[E15]	START DELAY	ACT: ACT2	WG: WG3 [[RT0],2]
330 Minutes	[E15]	CAUGHT RESOURCE	[RES0]	RES0	ROLE: RT0	ACT: ACT3	
330 Minutes	[E15]	CAUGHT RESOURCE	[RES5]	RES5	ROLE: RT0	ACT: ACT3	
330 Minutes	[E15]	ACQUIRE RESOURCES	ACT: ACT3	WG: WG4 [[RT0],2]
330 Minutes	[E15]	START DELAY	ACT: ACT3	WG: WG4 [[RT0],2]
340 Minutes	[E17]	END DELAY	ACT: ACT3	WG: WG4 [[RT0],2]
340 Minutes	[E16]	END DELAY	ACT: ACT2	WG: WG3 [[RT0],2]
340 Minutes	[E15]	END DELAY	ACT: ACT2	WG: WG3 [[RT0],2]
340 Minutes	[E15]	END DELAY	ACT: ACT3	WG: WG4 [[RT0],2]
340 Minutes	[E17]	RELEASED RESOURCE	[RES2]	RES2	ROLE: RT0	ACT: ACT3	
340 Minutes	[E17]	RELEASED RESOURCE	[RES6]	RES6	ROLE: RT0	ACT: ACT3	
340 Minutes	[E17]	RELEASE RESOURCES	ACT: ACT3
340 Minutes	[E17]	ELEMENT FINISH	ET: ET1
340 Minutes	[E16]	RELEASED RESOURCE	[RES4]	RES4	ROLE: RT0	ACT: ACT2	
340 Minutes	[E16]	RELEASED RESOURCE	[RES3]	RES3	ROLE: RT0	ACT: ACT2	
340 Minutes	[E16]	RELEASE RESOURCES	ACT: ACT2
340 Minutes	[E15]	RELEASED RESOURCE	[RES1]	RES1	ROLE: RT0	ACT: ACT2	
340 Minutes	[E15]	RELEASED RESOURCE	[RES7]	RES7	ROLE: RT0	ACT: ACT2	
340 Minutes	[E15]	RELEASE RESOURCES	ACT: ACT2
340 Minutes	[E15]	RELEASED RESOURCE	[RES5]	RES5	ROLE: RT0	ACT: ACT3	
340 Minutes	[E15]	RELEASED RESOURCE	[RES0]	RES0	ROLE: RT0	ACT: ACT3	
340 Minutes	[E15]	RELEASE RESOURCES	ACT: ACT3
340 Minutes	[E15]	ELEMENT FINISH	ET: ET1
340 Minutes	[E16]	END DELAY	ACT: ACT3	WG: WG4 [[RT0],2]
340 Minutes	[E16]	RELEASED RESOURCE	[RES8]	RES8	ROLE: RT0	ACT: ACT3	
340 Minutes	[E16]	RELEASED RESOURCE	[RES9]	RES9	ROLE: RT0	ACT: ACT3	
340 Minutes	[E16]	RELEASE RESOURCES	ACT: ACT3
340 Minutes	[E16]	ELEMENT FINISH	ET: ET1
340 Minutes	[E13]	CAUGHT RESOURCE	[RES6]	RES6	ROLE: RT0	ACT: ACT2	
340 Minutes	[E13]	CAUGHT RESOURCE	[RES2]	RES2	ROLE: RT0	ACT: ACT2	
340 Minutes	[E13]	ACQUIRE RESOURCES	ACT: ACT2	WG: WG3 [[RT0],2]
340 Minutes	[E13]	START DELAY	ACT: ACT2	WG: WG3 [[RT0],2]
340 Minutes	[E14]	CAUGHT RESOURCE	[RES9]	RES9	ROLE: RT0	ACT: ACT2	
340 Minutes	[E14]	CAUGHT RESOURCE	[RES8]	RES8	ROLE: RT0	ACT: ACT2	
340 Minutes	[E14]	ACQUIRE RESOURCES	ACT: ACT2	WG: WG3 [[RT0],2]
340 Minutes	[E14]	START DELAY	ACT: ACT2	WG: WG3 [[RT0],2]
340 Minutes	[E12]	CAUGHT RESOURCE	[RES3]	RES3	ROLE: RT0	ACT: ACT3	
340 Minutes	[E12]	CAUGHT RESOURCE	[RES4]	RES4	ROLE: RT0	ACT: ACT3	
340 Minutes	[E12]	ACQUIRE RESOURCES	ACT: ACT3	WG: WG4 [[RT0],2]
340 Minutes	[E12]	START DELAY	ACT: ACT3	WG: WG4 [[RT0],2]
340 Minutes	[E11]	CAUGHT RESOURCE	[RES7]	RES7	ROLE: RT0	ACT: ACT3	
340 Minutes	[E11]	CAUGHT RESOURCE	[RES1]	RES1	ROLE: RT0	ACT: ACT3	
340 Minutes	[E11]	ACQUIRE RESOURCES	ACT: ACT3	WG: WG4 [[RT0],2]
340 Minutes	[E11]	START DELAY	ACT: ACT3	WG: WG4 [[RT0],2]
340 Minutes	[E11]	CAUGHT RESOURCE	[RES0]	RES0	ROLE: RT0	ACT: ACT2	
340 Minutes	[E11]	CAUGHT RESOURCE	[RES5]	RES5	ROLE: RT0	ACT: ACT2	
340 Minutes	[E11]	ACQUIRE RESOURCES	ACT: ACT2	WG: WG3 [[RT0],2]
340 Minutes	[E11]	START DELAY	ACT: ACT2	WG: WG3 [[RT0],2]
350 Minutes	[E13]	END DELAY	ACT: ACT2	WG: WG3 [[RT0],2]
350 Minutes	[E12]	END DELAY	ACT: ACT3	WG: WG4 [[RT0],2]
350 Minutes	[E11]	END DELAY	ACT: ACT3	WG: WG4 [[RT0],2]
350 Minutes	[E11]	END DELAY	ACT: ACT2	WG: WG3 [[RT0],2]
350 Minutes	[E13]	RELEASED RESOURCE	[RES2]	RES2	ROLE: RT0	ACT: ACT2	
350 Minutes	[E13]	RELEASED RESOURCE	[RES6]	RES6	ROLE: RT0	ACT: ACT2	
350 Minutes	[E13]	RELEASE RESOURCES	ACT: ACT2
350 Minutes	[E12]	RELEASED RESOURCE	[RES4]	RES4	ROLE: RT0	ACT: ACT3	
350 Minutes	[E12]	RELEASED RESOURCE	[RES3]	RES3	ROLE: RT0	ACT: ACT3	
350 Minutes	[E12]	RELEASE RESOURCES	ACT: ACT3
350 Minutes	[E11]	RELEASED RESOURCE	[RES1]	RES1	ROLE: RT0	ACT: ACT3	
350 Minutes	[E11]	RELEASED RESOURCE	[RES7]	RES7	ROLE: RT0	ACT: ACT3	
350 Minutes	[E11]	RELEASE RESOURCES	ACT: ACT3
350 Minutes	[E11]	RELEASED RESOURCE	[RES5]	RES5	ROLE: RT0	ACT: ACT2	
350 Minutes	[E11]	RELEASED RESOURCE	[RES0]	RES0	ROLE: RT0	ACT: ACT2	
350 Minutes	[E11]	RELEASE RESOURCES	ACT: ACT2
350 Minutes	[E11]	ELEMENT FINISH	ET: ET1
350 Minutes	[E14]	END DELAY	ACT: ACT2	WG: WG3 [[RT0],2]
350 Minutes	[E14]	RELEASED RESOURCE	[RES8]	RES8	ROLE: RT0	ACT: ACT2	
350 Minutes	[E14]	RELEASED RESOURCE	[RES9]	RES9	ROLE: RT0	ACT: ACT2	
350 Minutes	[E14]	RELEASE RESOURCES	ACT: ACT2
350 Minutes	[E12]	CAUGHT RESOURCE	[RES6]	RES6	ROLE: RT0	ACT: ACT2	
350 Minutes	[E12]	CAUGHT RESOURCE	[RES2]	RES2	ROLE: RT0	ACT: ACT2	
350 Minutes	[E12]	ACQUIRE RESOURCES	ACT: ACT2	WG: WG3 [[RT0],2]
350 Minutes	[E12]	START DELAY	ACT: ACT2	WG: WG3 [[RT0],2]
350 Minutes	[E10]	CAUGHT RESOURCE	[RES9]	RES9	ROLE: RT0	ACT: ACT3	
350 Minutes	[E10]	CAUGHT RESOURCE	[RES8]	RES8	ROLE: RT0	ACT: ACT3	
350 Minutes	[E10]	ACQUIRE RESOURCES	ACT: ACT3	WG: WG4 [[RT0],2]
350 Minutes	[E10]	START DELAY	ACT: ACT3	WG: WG4 [[RT0],2]
350 Minutes	[E10]	CAUGHT RESOURCE	[RES3]	RES3	ROLE: RT0	ACT: ACT2	
350 Minutes	[E10]	CAUGHT RESOURCE	[RES4]	RES4	ROLE: RT0	ACT: ACT2	
350 Minutes	[E10]	ACQUIRE RESOURCES	ACT: ACT2	WG: WG3 [[RT0],2]
350 Minutes	[E10]	START DELAY	ACT: ACT2	WG: WG3 [[RT0],2]
350 Minutes	[E14]	CAUGHT RESOURCE	[RES7]	RES7	ROLE: RT0	ACT: ACT3	
350 Minutes	[E14]	CAUGHT RESOURCE	[RES1]	RES1	ROLE: RT0	ACT: ACT3	
350 Minutes	[E14]	ACQUIRE RESOURCES	ACT: ACT3	WG: WG4 [[RT0],2]
350 Minutes	[E14]	START DELAY	ACT: ACT3	WG: WG4 [[RT0],2]
350 Minutes	[E13]	CAUGHT RESOURCE	[RES0]	RES0	ROLE: RT0	ACT: ACT3	
350 Minutes	[E13]	CAUGHT RESOURCE	[RES5]	RES5	ROLE: RT0	ACT: ACT3	
350 Minutes	[E13]	ACQUIRE RESOURCES	ACT: ACT3	WG: WG4 [[RT0],2]
350 Minutes	[E13]	START DELAY	ACT: ACT3	WG: WG4 [[RT0],2]
360 Minutes	[RES7]	ROLE OFF	RES7	RT: RT0
360 Minutes	[E13]	END DELAY	ACT: ACT3	WG: WG4 [[RT0],2]
360 Minutes	[RES8]	ROLE OFF	RES8	RT: RT0
360 Minutes	[E13]	RELEASED RESOURCE	[RES5]	RES5	ROLE: RT0	ACT: ACT3	
360 Minutes	[E13]	RELEASED RESOURCE	[RES0]	RES0	ROLE: RT0	ACT: ACT3	
360 Minutes	[E13]	RELEASE RESOURCES	ACT: ACT3
360 Minutes	[E13]	ELEMENT FINISH	ET: ET1
360 Minutes	[RES4]	ROLE OFF	RES4	RT: RT0
360 Minutes	[RES2]	ROLE OFF	RES2	RT: RT0
360 Minutes	[E10]	END DELAY	ACT: ACT2	WG: WG3 [[RT0],2]
360 Minutes	[E14]	END DELAY	ACT: ACT3	WG: WG4 [[RT0],2]
360 Minutes	[RES6]	ROLE OFF	RES6	RT: RT0
360 Minutes	[E10]	RELEASED RESOURCE	[RES4]	RES4	ROLE: RT0	ACT: ACT2	
360 Minutes	[E10]	RELEASED RESOURCE	[RES3]	RES3	ROLE: RT0	ACT: ACT2	
360 Minutes	[E10]	RELEASE RESOURCES	ACT: ACT2
360 Minutes	[E14]	RELEASED RESOURCE	[RES1]	RES1	ROLE: RT0	ACT: ACT3	
360 Minutes	[E14]	RELEASED RESOURCE	[RES7]	RES7	ROLE: RT0	ACT: ACT3	
360 Minutes	[E14]	RELEASE RESOURCES	ACT: ACT3
360 Minutes	[E14]	ELEMENT FINISH	ET: ET1
360 Minutes	[RES9]	ROLE OFF	RES9	RT: RT0
360 Minutes	[RES5]	ROLE OFF	RES5	RT: RT0
360 Minutes	[E10]	END DELAY	ACT: ACT3	WG: WG4 [[RT0],2]
360 Minutes	[RES3]	ROLE OFF	RES3	RT: RT0
360 Minutes	[E10]	RELEASED RESOURCE	[RES8]	RES8	ROLE: RT0	ACT: ACT3	
360 Minutes	[E10]	RELEASED RESOURCE	[RES9]	RES9	ROLE: RT0	ACT: ACT3	
360 Minutes	[E10]	RELEASE RESOURCES	ACT: ACT3
360 Minutes	[E10]	ELEMENT FINISH	ET: ET1
360 Minutes	[RES0]	ROLE OFF	RES0	RT: RT0
360 Minutes	[RES1]	ROLE OFF	RES1	RT: RT0
360 Minutes	[E12]	END DELAY	ACT: ACT2	WG: WG3 [[RT0],2]
360 Minutes	[E12]	RELEASED RESOURCE	[RES2]	RES2	ROLE: RT0	ACT: ACT2	
360 Minutes	[E12]	RELEASED RESOURCE	[RES6]	RES6	ROLE: RT0	ACT: ACT2	
360 Minutes	[E12]	RELEASE RESOURCES	ACT: ACT2
360 Minutes	[E12]	ELEMENT FINISH	ET: ET1
400 Minutes	[SIM]	SIMULATION ENDS
CPU Time = 34 miliseconds.
]]></system-out>
  </testcase>
</testsuite>